2025-10-07 14:47:53.227 [main] INFO  [] com.nms.Main - Starting NMS Lite Backend Application...
2025-10-07 14:48:18.779 [main] INFO  [] com.nms.Main - Starting NMS Lite Backend Application...
2025-10-07 14:48:43.412 [main] INFO  [] com.nms.Main - Starting NMS Lite Backend Application...
2025-10-07 14:49:02.637 [main] INFO  [] com.nms.Main - Starting NMS Lite Backend Application...
2025-10-07 14:49:02.777 [vert.x-eventloop-thread-0] INFO  [] com.nms.Main - Starting NMS Lite Backend Service...
2025-10-07 14:49:02.938 [vert.x-eventloop-thread-0] INFO  [] com.nms.Main - Configuration loaded successfully
2025-10-07 14:49:02.960 [vert.x-eventloop-thread-0] ERROR [] com.nms.Main - Failed to start NMS Lite Backend Service
java.lang.IllegalArgumentException: Trust options must be specified under verify-full or verify-ca sslmode
	at io.vertx.pgclient.impl.PgConnectionFactory.checkSslMode(PgConnectionFactory.java:65)
	at io.vertx.pgclient.impl.PgConnectionFactory.doConnectInternal(PgConnectionFactory.java:75)
	at io.vertx.sqlclient.impl.ConnectionFactoryBase.doConnectWithRetry(ConnectionFactoryBase.java:100)
	at io.vertx.sqlclient.impl.ConnectionFactoryBase.lambda$connect$0(ConnectionFactoryBase.java:84)
	at io.vertx.core.impl.EventLoopContext.emit(EventLoopContext.java:55)
	at io.vertx.core.impl.ContextBase.emit(ContextBase.java:297)
	at io.vertx.sqlclient.impl.ConnectionFactoryBase.connect(ConnectionFactoryBase.java:84)
	at io.vertx.pgclient.impl.PgConnectionFactory.connect(PgConnectionFactory.java:159)
	at io.vertx.sqlclient.spi.ConnectionFactory.lambda$connect$1(ConnectionFactory.java:26)
	at io.vertx.core.impl.future.Composition.onSuccess(Composition.java:38)
	at io.vertx.core.impl.future.FutureBase.lambda$emitSuccess$0(FutureBase.java:54)
	at io.netty.util.concurrent.AbstractEventExecutor.runTask(AbstractEventExecutor.java:173)
	at io.netty.util.concurrent.AbstractEventExecutor.safeExecute(AbstractEventExecutor.java:166)
	at io.netty.util.concurrent.SingleThreadEventExecutor.runAllTasks(SingleThreadEventExecutor.java:470)
	at io.netty.channel.nio.NioEventLoop.run(NioEventLoop.java:569)
	at io.netty.util.concurrent.SingleThreadEventExecutor$4.run(SingleThreadEventExecutor.java:997)
	at io.netty.util.internal.ThreadExecutorMap$2.run(ThreadExecutorMap.java:74)
	at io.netty.util.concurrent.FastThreadLocalRunnable.run(FastThreadLocalRunnable.java:30)
	at java.base/java.lang.Thread.run(Thread.java:1583)
2025-10-07 14:49:02.966 [vert.x-eventloop-thread-2] ERROR [] com.nms.Main - Failed to deploy Main verticle
java.lang.IllegalArgumentException: Trust options must be specified under verify-full or verify-ca sslmode
	at io.vertx.pgclient.impl.PgConnectionFactory.checkSslMode(PgConnectionFactory.java:65)
	at io.vertx.pgclient.impl.PgConnectionFactory.doConnectInternal(PgConnectionFactory.java:75)
	at io.vertx.sqlclient.impl.ConnectionFactoryBase.doConnectWithRetry(ConnectionFactoryBase.java:100)
	at io.vertx.sqlclient.impl.ConnectionFactoryBase.lambda$connect$0(ConnectionFactoryBase.java:84)
	at io.vertx.core.impl.EventLoopContext.emit(EventLoopContext.java:55)
	at io.vertx.core.impl.ContextBase.emit(ContextBase.java:297)
	at io.vertx.sqlclient.impl.ConnectionFactoryBase.connect(ConnectionFactoryBase.java:84)
	at io.vertx.pgclient.impl.PgConnectionFactory.connect(PgConnectionFactory.java:159)
	at io.vertx.sqlclient.spi.ConnectionFactory.lambda$connect$1(ConnectionFactory.java:26)
	at io.vertx.core.impl.future.Composition.onSuccess(Composition.java:38)
	at io.vertx.core.impl.future.FutureBase.lambda$emitSuccess$0(FutureBase.java:54)
	at io.netty.util.concurrent.AbstractEventExecutor.runTask(AbstractEventExecutor.java:173)
	at io.netty.util.concurrent.AbstractEventExecutor.safeExecute(AbstractEventExecutor.java:166)
	at io.netty.util.concurrent.SingleThreadEventExecutor.runAllTasks(SingleThreadEventExecutor.java:470)
	at io.netty.channel.nio.NioEventLoop.run(NioEventLoop.java:569)
	at io.netty.util.concurrent.SingleThreadEventExecutor$4.run(SingleThreadEventExecutor.java:997)
	at io.netty.util.internal.ThreadExecutorMap$2.run(ThreadExecutorMap.java:74)
	at io.netty.util.concurrent.FastThreadLocalRunnable.run(FastThreadLocalRunnable.java:30)
	at java.base/java.lang.Thread.run(Thread.java:1583)
2025-10-07 14:49:27.648 [main] INFO  [] com.nms.Main - Starting NMS Lite Backend Application...
2025-10-07 14:49:27.782 [vert.x-eventloop-thread-0] INFO  [] com.nms.Main - Starting NMS Lite Backend Service...
2025-10-07 14:49:27.932 [vert.x-eventloop-thread-0] INFO  [] com.nms.Main - Configuration loaded successfully
2025-10-07 14:49:27.951 [vert.x-eventloop-thread-0] ERROR [] com.nms.Main - Failed to start NMS Lite Backend Service
java.lang.IllegalArgumentException: Trust options must be specified under verify-full or verify-ca sslmode
	at io.vertx.pgclient.impl.PgConnectionFactory.checkSslMode(PgConnectionFactory.java:65)
	at io.vertx.pgclient.impl.PgConnectionFactory.doConnectInternal(PgConnectionFactory.java:75)
	at io.vertx.sqlclient.impl.ConnectionFactoryBase.doConnectWithRetry(ConnectionFactoryBase.java:100)
	at io.vertx.sqlclient.impl.ConnectionFactoryBase.lambda$connect$0(ConnectionFactoryBase.java:84)
	at io.vertx.core.impl.EventLoopContext.emit(EventLoopContext.java:55)
	at io.vertx.core.impl.ContextBase.emit(ContextBase.java:297)
	at io.vertx.sqlclient.impl.ConnectionFactoryBase.connect(ConnectionFactoryBase.java:84)
	at io.vertx.pgclient.impl.PgConnectionFactory.connect(PgConnectionFactory.java:159)
	at io.vertx.sqlclient.spi.ConnectionFactory.lambda$connect$1(ConnectionFactory.java:26)
	at io.vertx.core.impl.future.Composition.onSuccess(Composition.java:38)
	at io.vertx.core.impl.future.FutureBase.lambda$emitSuccess$0(FutureBase.java:54)
	at io.netty.util.concurrent.AbstractEventExecutor.runTask(AbstractEventExecutor.java:173)
	at io.netty.util.concurrent.AbstractEventExecutor.safeExecute(AbstractEventExecutor.java:166)
	at io.netty.util.concurrent.SingleThreadEventExecutor.runAllTasks(SingleThreadEventExecutor.java:470)
	at io.netty.channel.nio.NioEventLoop.run(NioEventLoop.java:569)
	at io.netty.util.concurrent.SingleThreadEventExecutor$4.run(SingleThreadEventExecutor.java:997)
	at io.netty.util.internal.ThreadExecutorMap$2.run(ThreadExecutorMap.java:74)
	at io.netty.util.concurrent.FastThreadLocalRunnable.run(FastThreadLocalRunnable.java:30)
	at java.base/java.lang.Thread.run(Thread.java:1583)
2025-10-07 14:49:27.958 [vert.x-eventloop-thread-2] ERROR [] com.nms.Main - Failed to deploy Main verticle
java.lang.IllegalArgumentException: Trust options must be specified under verify-full or verify-ca sslmode
	at io.vertx.pgclient.impl.PgConnectionFactory.checkSslMode(PgConnectionFactory.java:65)
	at io.vertx.pgclient.impl.PgConnectionFactory.doConnectInternal(PgConnectionFactory.java:75)
	at io.vertx.sqlclient.impl.ConnectionFactoryBase.doConnectWithRetry(ConnectionFactoryBase.java:100)
	at io.vertx.sqlclient.impl.ConnectionFactoryBase.lambda$connect$0(ConnectionFactoryBase.java:84)
	at io.vertx.core.impl.EventLoopContext.emit(EventLoopContext.java:55)
	at io.vertx.core.impl.ContextBase.emit(ContextBase.java:297)
	at io.vertx.sqlclient.impl.ConnectionFactoryBase.connect(ConnectionFactoryBase.java:84)
	at io.vertx.pgclient.impl.PgConnectionFactory.connect(PgConnectionFactory.java:159)
	at io.vertx.sqlclient.spi.ConnectionFactory.lambda$connect$1(ConnectionFactory.java:26)
	at io.vertx.core.impl.future.Composition.onSuccess(Composition.java:38)
	at io.vertx.core.impl.future.FutureBase.lambda$emitSuccess$0(FutureBase.java:54)
	at io.netty.util.concurrent.AbstractEventExecutor.runTask(AbstractEventExecutor.java:173)
	at io.netty.util.concurrent.AbstractEventExecutor.safeExecute(AbstractEventExecutor.java:166)
	at io.netty.util.concurrent.SingleThreadEventExecutor.runAllTasks(SingleThreadEventExecutor.java:470)
	at io.netty.channel.nio.NioEventLoop.run(NioEventLoop.java:569)
	at io.netty.util.concurrent.SingleThreadEventExecutor$4.run(SingleThreadEventExecutor.java:997)
	at io.netty.util.internal.ThreadExecutorMap$2.run(ThreadExecutorMap.java:74)
	at io.netty.util.concurrent.FastThreadLocalRunnable.run(FastThreadLocalRunnable.java:30)
	at java.base/java.lang.Thread.run(Thread.java:1583)
2025-10-07 14:49:54.948 [main] INFO  [] com.nms.Main - Starting NMS Lite Backend Application...
2025-10-07 14:49:55.076 [vert.x-eventloop-thread-0] INFO  [] com.nms.Main - Starting NMS Lite Backend Service...
2025-10-07 14:49:55.246 [vert.x-eventloop-thread-0] INFO  [] com.nms.Main - Configuration loaded successfully
2025-10-07 14:49:55.271 [vert.x-eventloop-thread-0] ERROR [] com.nms.Main - Failed to start NMS Lite Backend Service
java.lang.IllegalArgumentException: Trust options must be specified under verify-full or verify-ca sslmode
	at io.vertx.pgclient.impl.PgConnectionFactory.checkSslMode(PgConnectionFactory.java:65)
	at io.vertx.pgclient.impl.PgConnectionFactory.doConnectInternal(PgConnectionFactory.java:75)
	at io.vertx.sqlclient.impl.ConnectionFactoryBase.doConnectWithRetry(ConnectionFactoryBase.java:100)
	at io.vertx.sqlclient.impl.ConnectionFactoryBase.lambda$connect$0(ConnectionFactoryBase.java:84)
	at io.vertx.core.impl.EventLoopContext.emit(EventLoopContext.java:55)
	at io.vertx.core.impl.ContextBase.emit(ContextBase.java:297)
	at io.vertx.sqlclient.impl.ConnectionFactoryBase.connect(ConnectionFactoryBase.java:84)
	at io.vertx.pgclient.impl.PgConnectionFactory.connect(PgConnectionFactory.java:159)
	at io.vertx.sqlclient.spi.ConnectionFactory.lambda$connect$1(ConnectionFactory.java:26)
	at io.vertx.core.impl.future.Composition.onSuccess(Composition.java:38)
	at io.vertx.core.impl.future.FutureBase.lambda$emitSuccess$0(FutureBase.java:54)
	at io.netty.util.concurrent.AbstractEventExecutor.runTask(AbstractEventExecutor.java:173)
	at io.netty.util.concurrent.AbstractEventExecutor.safeExecute(AbstractEventExecutor.java:166)
	at io.netty.util.concurrent.SingleThreadEventExecutor.runAllTasks(SingleThreadEventExecutor.java:470)
	at io.netty.channel.nio.NioEventLoop.run(NioEventLoop.java:569)
	at io.netty.util.concurrent.SingleThreadEventExecutor$4.run(SingleThreadEventExecutor.java:997)
	at io.netty.util.internal.ThreadExecutorMap$2.run(ThreadExecutorMap.java:74)
	at io.netty.util.concurrent.FastThreadLocalRunnable.run(FastThreadLocalRunnable.java:30)
	at java.base/java.lang.Thread.run(Thread.java:1583)
2025-10-07 14:49:55.279 [vert.x-eventloop-thread-2] ERROR [] com.nms.Main - Failed to deploy Main verticle
java.lang.IllegalArgumentException: Trust options must be specified under verify-full or verify-ca sslmode
	at io.vertx.pgclient.impl.PgConnectionFactory.checkSslMode(PgConnectionFactory.java:65)
	at io.vertx.pgclient.impl.PgConnectionFactory.doConnectInternal(PgConnectionFactory.java:75)
	at io.vertx.sqlclient.impl.ConnectionFactoryBase.doConnectWithRetry(ConnectionFactoryBase.java:100)
	at io.vertx.sqlclient.impl.ConnectionFactoryBase.lambda$connect$0(ConnectionFactoryBase.java:84)
	at io.vertx.core.impl.EventLoopContext.emit(EventLoopContext.java:55)
	at io.vertx.core.impl.ContextBase.emit(ContextBase.java:297)
	at io.vertx.sqlclient.impl.ConnectionFactoryBase.connect(ConnectionFactoryBase.java:84)
	at io.vertx.pgclient.impl.PgConnectionFactory.connect(PgConnectionFactory.java:159)
	at io.vertx.sqlclient.spi.ConnectionFactory.lambda$connect$1(ConnectionFactory.java:26)
	at io.vertx.core.impl.future.Composition.onSuccess(Composition.java:38)
	at io.vertx.core.impl.future.FutureBase.lambda$emitSuccess$0(FutureBase.java:54)
	at io.netty.util.concurrent.AbstractEventExecutor.runTask(AbstractEventExecutor.java:173)
	at io.netty.util.concurrent.AbstractEventExecutor.safeExecute(AbstractEventExecutor.java:166)
	at io.netty.util.concurrent.SingleThreadEventExecutor.runAllTasks(SingleThreadEventExecutor.java:470)
	at io.netty.channel.nio.NioEventLoop.run(NioEventLoop.java:569)
	at io.netty.util.concurrent.SingleThreadEventExecutor$4.run(SingleThreadEventExecutor.java:997)
	at io.netty.util.internal.ThreadExecutorMap$2.run(ThreadExecutorMap.java:74)
	at io.netty.util.concurrent.FastThreadLocalRunnable.run(FastThreadLocalRunnable.java:30)
	at java.base/java.lang.Thread.run(Thread.java:1583)
2025-10-07 14:50:21.779 [main] INFO  [] com.nms.Main - Starting NMS Lite Backend Application...
2025-10-07 14:50:21.908 [vert.x-eventloop-thread-0] INFO  [] com.nms.Main - Starting NMS Lite Backend Service...
2025-10-07 14:50:22.069 [vert.x-eventloop-thread-0] INFO  [] com.nms.Main - Configuration loaded successfully
2025-10-07 14:50:22.179 [vert.x-eventloop-thread-0] ERROR [] com.nms.Main - Failed to start NMS Lite Backend Service
java.lang.NoClassDefFoundError: com/ongres/scram/common/stringprep/StringPreparation
	at io.vertx.pgclient.impl.codec.InitCommandCodec.handleAuthenticationSasl(InitCommandCodec.java:60)
	at io.vertx.pgclient.impl.codec.PgDecoder.decodeAuthentication(PgDecoder.java:366)
	at io.vertx.pgclient.impl.codec.PgDecoder.decodeMessage(PgDecoder.java:140)
	at io.vertx.pgclient.impl.codec.PgDecoder.channelRead(PgDecoder.java:112)
	at io.netty.channel.CombinedChannelDuplexHandler.channelRead(CombinedChannelDuplexHandler.java:251)
	at io.netty.channel.AbstractChannelHandlerContext.invokeChannelRead(AbstractChannelHandlerContext.java:442)
	at io.netty.channel.AbstractChannelHandlerContext.invokeChannelRead(AbstractChannelHandlerContext.java:420)
	at io.netty.channel.AbstractChannelHandlerContext.fireChannelRead(AbstractChannelHandlerContext.java:412)
	at io.netty.handler.timeout.IdleStateHandler.channelRead(IdleStateHandler.java:286)
	at io.netty.channel.AbstractChannelHandlerContext.invokeChannelRead(AbstractChannelHandlerContext.java:442)
	at io.netty.channel.AbstractChannelHandlerContext.invokeChannelRead(AbstractChannelHandlerContext.java:420)
	at io.netty.channel.AbstractChannelHandlerContext.fireChannelRead(AbstractChannelHandlerContext.java:412)
	at io.netty.channel.DefaultChannelPipeline$HeadContext.channelRead(DefaultChannelPipeline.java:1410)
	at io.netty.channel.AbstractChannelHandlerContext.invokeChannelRead(AbstractChannelHandlerContext.java:440)
	at io.netty.channel.AbstractChannelHandlerContext.invokeChannelRead(AbstractChannelHandlerContext.java:420)
	at io.netty.channel.DefaultChannelPipeline.fireChannelRead(DefaultChannelPipeline.java:919)
	at io.netty.channel.nio.AbstractNioByteChannel$NioByteUnsafe.read(AbstractNioByteChannel.java:166)
	at io.netty.channel.nio.NioEventLoop.processSelectedKey(NioEventLoop.java:788)
	at io.netty.channel.nio.NioEventLoop.processSelectedKeysOptimized(NioEventLoop.java:724)
	at io.netty.channel.nio.NioEventLoop.processSelectedKeys(NioEventLoop.java:650)
	at io.netty.channel.nio.NioEventLoop.run(NioEventLoop.java:562)
	at io.netty.util.concurrent.SingleThreadEventExecutor$4.run(SingleThreadEventExecutor.java:997)
	at io.netty.util.internal.ThreadExecutorMap$2.run(ThreadExecutorMap.java:74)
	at io.netty.util.concurrent.FastThreadLocalRunnable.run(FastThreadLocalRunnable.java:30)
	at java.base/java.lang.Thread.run(Thread.java:1583)
Caused by: java.lang.ClassNotFoundException: com.ongres.scram.common.stringprep.StringPreparation
	at java.base/jdk.internal.loader.BuiltinClassLoader.loadClass(BuiltinClassLoader.java:641)
	at java.base/jdk.internal.loader.ClassLoaders$AppClassLoader.loadClass(ClassLoaders.java:188)
	at java.base/java.lang.ClassLoader.loadClass(ClassLoader.java:526)
	... 25 common frames omitted
2025-10-07 14:50:22.188 [vert.x-eventloop-thread-2] ERROR [] com.nms.Main - Failed to deploy Main verticle
java.lang.NoClassDefFoundError: com/ongres/scram/common/stringprep/StringPreparation
	at io.vertx.pgclient.impl.codec.InitCommandCodec.handleAuthenticationSasl(InitCommandCodec.java:60)
	at io.vertx.pgclient.impl.codec.PgDecoder.decodeAuthentication(PgDecoder.java:366)
	at io.vertx.pgclient.impl.codec.PgDecoder.decodeMessage(PgDecoder.java:140)
	at io.vertx.pgclient.impl.codec.PgDecoder.channelRead(PgDecoder.java:112)
	at io.netty.channel.CombinedChannelDuplexHandler.channelRead(CombinedChannelDuplexHandler.java:251)
	at io.netty.channel.AbstractChannelHandlerContext.invokeChannelRead(AbstractChannelHandlerContext.java:442)
	at io.netty.channel.AbstractChannelHandlerContext.invokeChannelRead(AbstractChannelHandlerContext.java:420)
	at io.netty.channel.AbstractChannelHandlerContext.fireChannelRead(AbstractChannelHandlerContext.java:412)
	at io.netty.handler.timeout.IdleStateHandler.channelRead(IdleStateHandler.java:286)
	at io.netty.channel.AbstractChannelHandlerContext.invokeChannelRead(AbstractChannelHandlerContext.java:442)
	at io.netty.channel.AbstractChannelHandlerContext.invokeChannelRead(AbstractChannelHandlerContext.java:420)
	at io.netty.channel.AbstractChannelHandlerContext.fireChannelRead(AbstractChannelHandlerContext.java:412)
	at io.netty.channel.DefaultChannelPipeline$HeadContext.channelRead(DefaultChannelPipeline.java:1410)
	at io.netty.channel.AbstractChannelHandlerContext.invokeChannelRead(AbstractChannelHandlerContext.java:440)
	at io.netty.channel.AbstractChannelHandlerContext.invokeChannelRead(AbstractChannelHandlerContext.java:420)
	at io.netty.channel.DefaultChannelPipeline.fireChannelRead(DefaultChannelPipeline.java:919)
	at io.netty.channel.nio.AbstractNioByteChannel$NioByteUnsafe.read(AbstractNioByteChannel.java:166)
	at io.netty.channel.nio.NioEventLoop.processSelectedKey(NioEventLoop.java:788)
	at io.netty.channel.nio.NioEventLoop.processSelectedKeysOptimized(NioEventLoop.java:724)
	at io.netty.channel.nio.NioEventLoop.processSelectedKeys(NioEventLoop.java:650)
	at io.netty.channel.nio.NioEventLoop.run(NioEventLoop.java:562)
	at io.netty.util.concurrent.SingleThreadEventExecutor$4.run(SingleThreadEventExecutor.java:997)
	at io.netty.util.internal.ThreadExecutorMap$2.run(ThreadExecutorMap.java:74)
	at io.netty.util.concurrent.FastThreadLocalRunnable.run(FastThreadLocalRunnable.java:30)
	at java.base/java.lang.Thread.run(Thread.java:1583)
Caused by: java.lang.ClassNotFoundException: com.ongres.scram.common.stringprep.StringPreparation
	at java.base/jdk.internal.loader.BuiltinClassLoader.loadClass(BuiltinClassLoader.java:641)
	at java.base/jdk.internal.loader.ClassLoaders$AppClassLoader.loadClass(ClassLoaders.java:188)
	at java.base/java.lang.ClassLoader.loadClass(ClassLoader.java:526)
	... 25 common frames omitted
2025-10-07 14:50:44.685 [main] INFO  [] com.nms.Main - Starting NMS Lite Backend Application...
2025-10-07 14:50:44.817 [vert.x-eventloop-thread-0] INFO  [] com.nms.Main - Starting NMS Lite Backend Service...
2025-10-07 14:50:44.972 [vert.x-eventloop-thread-0] INFO  [] com.nms.Main - Configuration loaded successfully
2025-10-07 14:50:45.185 [vert.x-eventloop-thread-0] INFO  [] com.nms.Main - Database connection established successfully
2025-10-07 14:50:45.227 [vert.x-eventloop-thread-0] INFO  [] com.nms.Main - HTTP server started on 0.0.0.0:8080
2025-10-07 14:50:45.228 [vert.x-eventloop-thread-0] INFO  [] com.nms.Main - NMS Lite Backend Service started successfully on port: 8080
2025-10-07 14:50:45.229 [vert.x-eventloop-thread-2] INFO  [] com.nms.Main - Main verticle deployed successfully with ID: 29c5261a-e757-463d-b4ab-31c81abddfab
2025-10-07 14:51:14.158 [main] INFO  [] com.nms.Main - Starting NMS Lite Backend Application...
2025-10-07 14:51:14.296 [vert.x-eventloop-thread-0] INFO  [] com.nms.Main - Starting NMS Lite Backend Service...
2025-10-07 14:51:14.447 [vert.x-eventloop-thread-0] INFO  [] com.nms.Main - Configuration loaded successfully
2025-10-07 14:51:14.642 [vert.x-eventloop-thread-0] INFO  [] com.nms.Main - Database connection established successfully
2025-10-07 14:51:14.677 [vert.x-eventloop-thread-0] INFO  [] com.nms.Main - HTTP server started on 0.0.0.0:8080
2025-10-07 14:51:14.678 [vert.x-eventloop-thread-0] INFO  [] com.nms.Main - NMS Lite Backend Service started successfully on port: 8080
2025-10-07 14:51:14.679 [vert.x-eventloop-thread-2] INFO  [] com.nms.Main - Main verticle deployed successfully with ID: b5ef4053-1074-405e-b3dd-6a8d4710963a
2025-10-07 14:51:31.389 [vert.x-eventloop-thread-0] INFO  [dba8a0fc-6d6c-402c-90d4-09aa02a34a4c] c.nms.middleware.LoggingMiddleware - GET /health from 0:0:0:0:0:0:0:1:40334 - User-Agent: curl/8.5.0 - Correlation-ID: dba8a0fc-6d6c-402c-90d4-09aa02a34a4c
2025-10-07 14:51:31.390 [vert.x-eventloop-thread-0] DEBUG [dba8a0fc-6d6c-402c-90d4-09aa02a34a4c] c.n.m.SecurityHeadersMiddleware - Security headers added to response
2025-10-07 14:51:31.408 [vert.x-eventloop-thread-0] DEBUG [dba8a0fc-6d6c-402c-90d4-09aa02a34a4c] com.nms.services.DatabaseService - Database connection test successful
2025-10-07 14:51:31.411 [vert.x-eventloop-thread-0] INFO  [dba8a0fc-6d6c-402c-90d4-09aa02a34a4c] c.nms.middleware.LoggingMiddleware - GET /health - Status: 200 - Response time: 0ms - Correlation-ID: dba8a0fc-6d6c-402c-90d4-09aa02a34a4c
2025-10-07 14:51:37.043 [vert.x-eventloop-thread-0] INFO  [edf72017-ce85-4915-bfdc-d3d95557b3f6] c.nms.middleware.LoggingMiddleware - GET /ready from 0:0:0:0:0:0:0:1:40346 - User-Agent: curl/8.5.0 - Correlation-ID: edf72017-ce85-4915-bfdc-d3d95557b3f6
2025-10-07 14:51:37.043 [vert.x-eventloop-thread-0] DEBUG [edf72017-ce85-4915-bfdc-d3d95557b3f6] c.n.m.SecurityHeadersMiddleware - Security headers added to response
2025-10-07 14:51:37.053 [vert.x-eventloop-thread-0] DEBUG [edf72017-ce85-4915-bfdc-d3d95557b3f6] com.nms.services.DatabaseService - Database connection test successful
2025-10-07 14:51:37.054 [vert.x-eventloop-thread-0] INFO  [edf72017-ce85-4915-bfdc-d3d95557b3f6] c.nms.middleware.LoggingMiddleware - GET /ready - Status: 200 - Response time: 0ms - Correlation-ID: edf72017-ce85-4915-bfdc-d3d95557b3f6
2025-10-07 14:51:37.061 [vert.x-eventloop-thread-0] INFO  [14fbd807-b0ff-4900-a54e-e61662d53604] c.nms.middleware.LoggingMiddleware - GET /live from 0:0:0:0:0:0:0:1:40352 - User-Agent: curl/8.5.0 - Correlation-ID: 14fbd807-b0ff-4900-a54e-e61662d53604
2025-10-07 14:51:37.062 [vert.x-eventloop-thread-0] DEBUG [14fbd807-b0ff-4900-a54e-e61662d53604] c.n.m.SecurityHeadersMiddleware - Security headers added to response
2025-10-07 14:51:37.062 [vert.x-eventloop-thread-0] INFO  [14fbd807-b0ff-4900-a54e-e61662d53604] c.nms.middleware.LoggingMiddleware - GET /live - Status: 200 - Response time: 0ms - Correlation-ID: 14fbd807-b0ff-4900-a54e-e61662d53604
2025-10-07 14:53:20.030 [vert.x-eventloop-thread-0] INFO  [8f4707f6-99e0-43e7-b861-04d473cf263e] c.nms.middleware.LoggingMiddleware - GET /health from 127.0.0.1:56814 - User-Agent: Mozilla/5.0 (X11; Ubuntu; Linux x86_64; rv:143.0) Gecko/20100101 Firefox/143.0 - Correlation-ID: 8f4707f6-99e0-43e7-b861-04d473cf263e
2025-10-07 14:53:20.030 [vert.x-eventloop-thread-0] DEBUG [8f4707f6-99e0-43e7-b861-04d473cf263e] c.n.m.SecurityHeadersMiddleware - Security headers added to response
2025-10-07 14:53:20.045 [vert.x-eventloop-thread-0] DEBUG [8f4707f6-99e0-43e7-b861-04d473cf263e] com.nms.services.DatabaseService - Database connection test successful
2025-10-07 14:53:20.046 [vert.x-eventloop-thread-0] INFO  [8f4707f6-99e0-43e7-b861-04d473cf263e] c.nms.middleware.LoggingMiddleware - GET /health - Status: 200 - Response time: 0ms - Correlation-ID: 8f4707f6-99e0-43e7-b861-04d473cf263e
2025-10-07 14:53:20.147 [vert.x-eventloop-thread-0] INFO  [b4adf1f5-6bec-4d9d-9bb9-904cf2b032e7] c.nms.middleware.LoggingMiddleware - GET /favicon.ico from 127.0.0.1:56824 - User-Agent: Mozilla/5.0 (X11; Ubuntu; Linux x86_64; rv:143.0) Gecko/20100101 Firefox/143.0 - Correlation-ID: b4adf1f5-6bec-4d9d-9bb9-904cf2b032e7
2025-10-07 14:53:20.150 [vert.x-eventloop-thread-0] DEBUG [b4adf1f5-6bec-4d9d-9bb9-904cf2b032e7] c.n.m.SecurityHeadersMiddleware - Security headers added to response
2025-10-07 14:53:20.153 [vert.x-eventloop-thread-0] WARN  [b4adf1f5-6bec-4d9d-9bb9-904cf2b032e7] c.nms.middleware.LoggingMiddleware - GET /favicon.ico - Status: 404 - Response time: 0ms - Correlation-ID: b4adf1f5-6bec-4d9d-9bb9-904cf2b032e7
2025-10-07 14:57:56.110 [vert.x-eventloop-thread-0] INFO  [0d9c8c1f-c6df-4f8c-b55f-8ce09a041571] c.nms.middleware.LoggingMiddleware - GET /health from 127.0.0.1:48784 - User-Agent: Mozilla/5.0 (X11; Ubuntu; Linux x86_64; rv:143.0) Gecko/20100101 Firefox/143.0 - Correlation-ID: 0d9c8c1f-c6df-4f8c-b55f-8ce09a041571
2025-10-07 14:57:56.110 [vert.x-eventloop-thread-0] DEBUG [0d9c8c1f-c6df-4f8c-b55f-8ce09a041571] c.n.m.SecurityHeadersMiddleware - Security headers added to response
2025-10-07 14:57:56.126 [vert.x-eventloop-thread-0] DEBUG [0d9c8c1f-c6df-4f8c-b55f-8ce09a041571] com.nms.services.DatabaseService - Database connection test successful
2025-10-07 14:57:56.127 [vert.x-eventloop-thread-0] INFO  [0d9c8c1f-c6df-4f8c-b55f-8ce09a041571] c.nms.middleware.LoggingMiddleware - GET /health - Status: 200 - Response time: 0ms - Correlation-ID: 0d9c8c1f-c6df-4f8c-b55f-8ce09a041571
2025-10-07 14:57:56.143 [vert.x-eventloop-thread-0] INFO  [c1322823-f1bb-4d75-bd4e-1b2bb4bd4825] c.nms.middleware.LoggingMiddleware - GET /favicon.ico from 127.0.0.1:48792 - User-Agent: Mozilla/5.0 (X11; Ubuntu; Linux x86_64; rv:143.0) Gecko/20100101 Firefox/143.0 - Correlation-ID: c1322823-f1bb-4d75-bd4e-1b2bb4bd4825
2025-10-07 14:57:56.143 [vert.x-eventloop-thread-0] DEBUG [c1322823-f1bb-4d75-bd4e-1b2bb4bd4825] c.n.m.SecurityHeadersMiddleware - Security headers added to response
2025-10-07 14:57:56.143 [vert.x-eventloop-thread-0] WARN  [c1322823-f1bb-4d75-bd4e-1b2bb4bd4825] c.nms.middleware.LoggingMiddleware - GET /favicon.ico - Status: 404 - Response time: 0ms - Correlation-ID: c1322823-f1bb-4d75-bd4e-1b2bb4bd4825
2025-10-07 14:57:58.992 [vert.x-eventloop-thread-0] INFO  [19f1e8b8-0222-41d8-b0bc-58534efc57d4] c.nms.middleware.LoggingMiddleware - GET /health from 127.0.0.1:48784 - User-Agent: Mozilla/5.0 (X11; Ubuntu; Linux x86_64; rv:143.0) Gecko/20100101 Firefox/143.0 - Correlation-ID: 19f1e8b8-0222-41d8-b0bc-58534efc57d4
2025-10-07 14:57:58.992 [vert.x-eventloop-thread-0] DEBUG [19f1e8b8-0222-41d8-b0bc-58534efc57d4] c.n.m.SecurityHeadersMiddleware - Security headers added to response
2025-10-07 14:57:58.998 [vert.x-eventloop-thread-0] DEBUG [19f1e8b8-0222-41d8-b0bc-58534efc57d4] com.nms.services.DatabaseService - Database connection test successful
2025-10-07 14:57:58.999 [vert.x-eventloop-thread-0] INFO  [19f1e8b8-0222-41d8-b0bc-58534efc57d4] c.nms.middleware.LoggingMiddleware - GET /health - Status: 200 - Response time: 0ms - Correlation-ID: 19f1e8b8-0222-41d8-b0bc-58534efc57d4
2025-10-07 14:57:59.010 [vert.x-eventloop-thread-0] INFO  [a54ffa39-a1f1-4e2a-8407-1e567d2a27b1] c.nms.middleware.LoggingMiddleware - GET /favicon.ico from 127.0.0.1:48792 - User-Agent: Mozilla/5.0 (X11; Ubuntu; Linux x86_64; rv:143.0) Gecko/20100101 Firefox/143.0 - Correlation-ID: a54ffa39-a1f1-4e2a-8407-1e567d2a27b1
2025-10-07 14:57:59.010 [vert.x-eventloop-thread-0] DEBUG [a54ffa39-a1f1-4e2a-8407-1e567d2a27b1] c.n.m.SecurityHeadersMiddleware - Security headers added to response
2025-10-07 14:57:59.011 [vert.x-eventloop-thread-0] WARN  [a54ffa39-a1f1-4e2a-8407-1e567d2a27b1] c.nms.middleware.LoggingMiddleware - GET /favicon.ico - Status: 404 - Response time: 0ms - Correlation-ID: a54ffa39-a1f1-4e2a-8407-1e567d2a27b1
2025-10-07 14:57:59.468 [vert.x-eventloop-thread-0] INFO  [566089c9-0812-435b-9c89-87ee284bda83] c.nms.middleware.LoggingMiddleware - GET /health from 127.0.0.1:48784 - User-Agent: Mozilla/5.0 (X11; Ubuntu; Linux x86_64; rv:143.0) Gecko/20100101 Firefox/143.0 - Correlation-ID: 566089c9-0812-435b-9c89-87ee284bda83
2025-10-07 14:57:59.469 [vert.x-eventloop-thread-0] DEBUG [566089c9-0812-435b-9c89-87ee284bda83] c.n.m.SecurityHeadersMiddleware - Security headers added to response
2025-10-07 14:57:59.475 [vert.x-eventloop-thread-0] DEBUG [566089c9-0812-435b-9c89-87ee284bda83] com.nms.services.DatabaseService - Database connection test successful
2025-10-07 14:57:59.475 [vert.x-eventloop-thread-0] INFO  [566089c9-0812-435b-9c89-87ee284bda83] c.nms.middleware.LoggingMiddleware - GET /health - Status: 200 - Response time: 0ms - Correlation-ID: 566089c9-0812-435b-9c89-87ee284bda83
2025-10-07 14:57:59.488 [vert.x-eventloop-thread-0] INFO  [a564996b-fa3e-4a68-8f09-0cb42a852245] c.nms.middleware.LoggingMiddleware - GET /favicon.ico from 127.0.0.1:48792 - User-Agent: Mozilla/5.0 (X11; Ubuntu; Linux x86_64; rv:143.0) Gecko/20100101 Firefox/143.0 - Correlation-ID: a564996b-fa3e-4a68-8f09-0cb42a852245
2025-10-07 14:57:59.488 [vert.x-eventloop-thread-0] DEBUG [a564996b-fa3e-4a68-8f09-0cb42a852245] c.n.m.SecurityHeadersMiddleware - Security headers added to response
2025-10-07 14:57:59.489 [vert.x-eventloop-thread-0] WARN  [a564996b-fa3e-4a68-8f09-0cb42a852245] c.nms.middleware.LoggingMiddleware - GET /favicon.ico - Status: 404 - Response time: 0ms - Correlation-ID: a564996b-fa3e-4a68-8f09-0cb42a852245
2025-10-07 14:57:59.953 [vert.x-eventloop-thread-0] INFO  [638ee492-c94b-41cd-bc7c-a5c45aac4626] c.nms.middleware.LoggingMiddleware - GET /health from 127.0.0.1:48784 - User-Agent: Mozilla/5.0 (X11; Ubuntu; Linux x86_64; rv:143.0) Gecko/20100101 Firefox/143.0 - Correlation-ID: 638ee492-c94b-41cd-bc7c-a5c45aac4626
2025-10-07 14:57:59.953 [vert.x-eventloop-thread-0] DEBUG [638ee492-c94b-41cd-bc7c-a5c45aac4626] c.n.m.SecurityHeadersMiddleware - Security headers added to response
2025-10-07 14:57:59.972 [vert.x-eventloop-thread-0] DEBUG [638ee492-c94b-41cd-bc7c-a5c45aac4626] com.nms.services.DatabaseService - Database connection test successful
2025-10-07 14:57:59.972 [vert.x-eventloop-thread-0] INFO  [638ee492-c94b-41cd-bc7c-a5c45aac4626] c.nms.middleware.LoggingMiddleware - GET /health - Status: 200 - Response time: 0ms - Correlation-ID: 638ee492-c94b-41cd-bc7c-a5c45aac4626
2025-10-07 14:58:00.019 [vert.x-eventloop-thread-0] INFO  [6ff43240-9dad-445a-9fa7-162b797847d5] c.nms.middleware.LoggingMiddleware - GET /favicon.ico from 127.0.0.1:48792 - User-Agent: Mozilla/5.0 (X11; Ubuntu; Linux x86_64; rv:143.0) Gecko/20100101 Firefox/143.0 - Correlation-ID: 6ff43240-9dad-445a-9fa7-162b797847d5
2025-10-07 14:58:00.020 [vert.x-eventloop-thread-0] DEBUG [6ff43240-9dad-445a-9fa7-162b797847d5] c.n.m.SecurityHeadersMiddleware - Security headers added to response
2025-10-07 14:58:00.023 [vert.x-eventloop-thread-0] WARN  [6ff43240-9dad-445a-9fa7-162b797847d5] c.nms.middleware.LoggingMiddleware - GET /favicon.ico - Status: 404 - Response time: 0ms - Correlation-ID: 6ff43240-9dad-445a-9fa7-162b797847d5
2025-10-07 14:58:00.359 [vert.x-eventloop-thread-0] INFO  [f46edd43-8cc7-4b47-977d-7a936e2ecf2f] c.nms.middleware.LoggingMiddleware - GET /health from 127.0.0.1:48784 - User-Agent: Mozilla/5.0 (X11; Ubuntu; Linux x86_64; rv:143.0) Gecko/20100101 Firefox/143.0 - Correlation-ID: f46edd43-8cc7-4b47-977d-7a936e2ecf2f
2025-10-07 14:58:00.359 [vert.x-eventloop-thread-0] DEBUG [f46edd43-8cc7-4b47-977d-7a936e2ecf2f] c.n.m.SecurityHeadersMiddleware - Security headers added to response
2025-10-07 14:58:00.366 [vert.x-eventloop-thread-0] DEBUG [f46edd43-8cc7-4b47-977d-7a936e2ecf2f] com.nms.services.DatabaseService - Database connection test successful
2025-10-07 14:58:00.366 [vert.x-eventloop-thread-0] INFO  [f46edd43-8cc7-4b47-977d-7a936e2ecf2f] c.nms.middleware.LoggingMiddleware - GET /health - Status: 200 - Response time: 0ms - Correlation-ID: f46edd43-8cc7-4b47-977d-7a936e2ecf2f
2025-10-07 14:58:00.383 [vert.x-eventloop-thread-0] INFO  [1aa109ac-c8f1-4832-9ab0-4912347b36d3] c.nms.middleware.LoggingMiddleware - GET /favicon.ico from 127.0.0.1:48792 - User-Agent: Mozilla/5.0 (X11; Ubuntu; Linux x86_64; rv:143.0) Gecko/20100101 Firefox/143.0 - Correlation-ID: 1aa109ac-c8f1-4832-9ab0-4912347b36d3
2025-10-07 14:58:00.383 [vert.x-eventloop-thread-0] DEBUG [1aa109ac-c8f1-4832-9ab0-4912347b36d3] c.n.m.SecurityHeadersMiddleware - Security headers added to response
2025-10-07 14:58:00.384 [vert.x-eventloop-thread-0] WARN  [1aa109ac-c8f1-4832-9ab0-4912347b36d3] c.nms.middleware.LoggingMiddleware - GET /favicon.ico - Status: 404 - Response time: 0ms - Correlation-ID: 1aa109ac-c8f1-4832-9ab0-4912347b36d3
2025-10-07 15:02:25.375 [vert.x-eventloop-thread-0] INFO  [8c2e13e8-730b-4852-8861-d92a761b39fb] c.nms.middleware.LoggingMiddleware - GET /health from 127.0.0.1:46298 - User-Agent: Mozilla/5.0 (X11; Ubuntu; Linux x86_64; rv:143.0) Gecko/20100101 Firefox/143.0 - Correlation-ID: 8c2e13e8-730b-4852-8861-d92a761b39fb
2025-10-07 15:02:25.376 [vert.x-eventloop-thread-0] DEBUG [8c2e13e8-730b-4852-8861-d92a761b39fb] c.n.m.SecurityHeadersMiddleware - Security headers added to response
2025-10-07 15:02:25.382 [vert.x-eventloop-thread-0] DEBUG [8c2e13e8-730b-4852-8861-d92a761b39fb] com.nms.services.DatabaseService - Database connection test successful
2025-10-07 15:02:25.382 [vert.x-eventloop-thread-0] INFO  [8c2e13e8-730b-4852-8861-d92a761b39fb] c.nms.middleware.LoggingMiddleware - GET /health - Status: 200 - Response time: 0ms - Correlation-ID: 8c2e13e8-730b-4852-8861-d92a761b39fb
2025-10-07 15:02:25.394 [vert.x-eventloop-thread-0] INFO  [49e57c25-37cc-40ab-97f0-3fa3a236739d] c.nms.middleware.LoggingMiddleware - GET /favicon.ico from 127.0.0.1:46310 - User-Agent: Mozilla/5.0 (X11; Ubuntu; Linux x86_64; rv:143.0) Gecko/20100101 Firefox/143.0 - Correlation-ID: 49e57c25-37cc-40ab-97f0-3fa3a236739d
2025-10-07 15:02:25.394 [vert.x-eventloop-thread-0] DEBUG [49e57c25-37cc-40ab-97f0-3fa3a236739d] c.n.m.SecurityHeadersMiddleware - Security headers added to response
2025-10-07 15:02:25.394 [vert.x-eventloop-thread-0] WARN  [49e57c25-37cc-40ab-97f0-3fa3a236739d] c.nms.middleware.LoggingMiddleware - GET /favicon.ico - Status: 404 - Response time: 0ms - Correlation-ID: 49e57c25-37cc-40ab-97f0-3fa3a236739d
2025-10-07 15:02:49.936 [vert.x-eventloop-thread-0] INFO  [cc72f838-f295-4e4d-8881-d4f6d42af212] c.nms.middleware.LoggingMiddleware - GET /health from 127.0.0.1:46298 - User-Agent: Mozilla/5.0 (X11; Ubuntu; Linux x86_64; rv:143.0) Gecko/20100101 Firefox/143.0 - Correlation-ID: cc72f838-f295-4e4d-8881-d4f6d42af212
2025-10-07 15:02:49.936 [vert.x-eventloop-thread-0] DEBUG [cc72f838-f295-4e4d-8881-d4f6d42af212] c.n.m.SecurityHeadersMiddleware - Security headers added to response
2025-10-07 15:02:49.943 [vert.x-eventloop-thread-0] DEBUG [cc72f838-f295-4e4d-8881-d4f6d42af212] com.nms.services.DatabaseService - Database connection test successful
2025-10-07 15:02:49.944 [vert.x-eventloop-thread-0] INFO  [cc72f838-f295-4e4d-8881-d4f6d42af212] c.nms.middleware.LoggingMiddleware - GET /health - Status: 200 - Response time: 0ms - Correlation-ID: cc72f838-f295-4e4d-8881-d4f6d42af212
2025-10-07 15:02:49.953 [vert.x-eventloop-thread-0] INFO  [67bfd341-abbb-47c0-a05f-ba12fbf61780] c.nms.middleware.LoggingMiddleware - GET /favicon.ico from 127.0.0.1:46310 - User-Agent: Mozilla/5.0 (X11; Ubuntu; Linux x86_64; rv:143.0) Gecko/20100101 Firefox/143.0 - Correlation-ID: 67bfd341-abbb-47c0-a05f-ba12fbf61780
2025-10-07 15:02:49.953 [vert.x-eventloop-thread-0] DEBUG [67bfd341-abbb-47c0-a05f-ba12fbf61780] c.n.m.SecurityHeadersMiddleware - Security headers added to response
2025-10-07 15:02:49.954 [vert.x-eventloop-thread-0] WARN  [67bfd341-abbb-47c0-a05f-ba12fbf61780] c.nms.middleware.LoggingMiddleware - GET /favicon.ico - Status: 404 - Response time: 0ms - Correlation-ID: 67bfd341-abbb-47c0-a05f-ba12fbf61780
2025-10-07 15:19:37.971 [vert.x-eventloop-thread-0] INFO  [c670435a-3788-48c2-a3f9-96d12c724898] c.nms.middleware.LoggingMiddleware - GET /health from 127.0.0.1:50004 - User-Agent: Mozilla/5.0 (X11; Ubuntu; Linux x86_64; rv:143.0) Gecko/20100101 Firefox/143.0 - Correlation-ID: c670435a-3788-48c2-a3f9-96d12c724898
2025-10-07 15:19:37.971 [vert.x-eventloop-thread-0] DEBUG [c670435a-3788-48c2-a3f9-96d12c724898] c.n.m.SecurityHeadersMiddleware - Security headers added to response
2025-10-07 15:19:37.978 [vert.x-eventloop-thread-0] DEBUG [c670435a-3788-48c2-a3f9-96d12c724898] com.nms.services.DatabaseService - Database connection test successful
2025-10-07 15:19:37.978 [vert.x-eventloop-thread-0] INFO  [c670435a-3788-48c2-a3f9-96d12c724898] c.nms.middleware.LoggingMiddleware - GET /health - Status: 200 - Response time: 0ms - Correlation-ID: c670435a-3788-48c2-a3f9-96d12c724898
2025-10-07 15:19:37.996 [vert.x-eventloop-thread-0] INFO  [bfb227b1-206a-4bcf-a776-c18534221e46] c.nms.middleware.LoggingMiddleware - GET /favicon.ico from 127.0.0.1:50010 - User-Agent: Mozilla/5.0 (X11; Ubuntu; Linux x86_64; rv:143.0) Gecko/20100101 Firefox/143.0 - Correlation-ID: bfb227b1-206a-4bcf-a776-c18534221e46
2025-10-07 15:19:37.996 [vert.x-eventloop-thread-0] DEBUG [bfb227b1-206a-4bcf-a776-c18534221e46] c.n.m.SecurityHeadersMiddleware - Security headers added to response
2025-10-07 15:19:37.997 [vert.x-eventloop-thread-0] WARN  [bfb227b1-206a-4bcf-a776-c18534221e46] c.nms.middleware.LoggingMiddleware - GET /favicon.ico - Status: 404 - Response time: 0ms - Correlation-ID: bfb227b1-206a-4bcf-a776-c18534221e46
2025-10-07 15:19:57.246 [vert.x-eventloop-thread-0] INFO  [b51211cf-cc81-431b-ad8a-2dd3e3044e14] c.nms.middleware.LoggingMiddleware - GET / from 127.0.0.1:50004 - User-Agent: Mozilla/5.0 (X11; Ubuntu; Linux x86_64; rv:143.0) Gecko/20100101 Firefox/143.0 - Correlation-ID: b51211cf-cc81-431b-ad8a-2dd3e3044e14
2025-10-07 15:19:57.246 [vert.x-eventloop-thread-0] DEBUG [b51211cf-cc81-431b-ad8a-2dd3e3044e14] c.n.m.SecurityHeadersMiddleware - Security headers added to response
2025-10-07 15:19:57.247 [vert.x-eventloop-thread-0] WARN  [b51211cf-cc81-431b-ad8a-2dd3e3044e14] c.nms.middleware.LoggingMiddleware - GET / - Status: 404 - Response time: -1ms - Correlation-ID: b51211cf-cc81-431b-ad8a-2dd3e3044e14
2025-10-07 15:19:57.262 [vert.x-eventloop-thread-0] INFO  [673a35c6-1a48-4a6c-a4cb-7e939daa61ad] c.nms.middleware.LoggingMiddleware - GET /favicon.ico from 127.0.0.1:50010 - User-Agent: Mozilla/5.0 (X11; Ubuntu; Linux x86_64; rv:143.0) Gecko/20100101 Firefox/143.0 - Correlation-ID: 673a35c6-1a48-4a6c-a4cb-7e939daa61ad
2025-10-07 15:19:57.262 [vert.x-eventloop-thread-0] DEBUG [673a35c6-1a48-4a6c-a4cb-7e939daa61ad] c.n.m.SecurityHeadersMiddleware - Security headers added to response
2025-10-07 15:19:57.262 [vert.x-eventloop-thread-0] WARN  [673a35c6-1a48-4a6c-a4cb-7e939daa61ad] c.nms.middleware.LoggingMiddleware - GET /favicon.ico - Status: 404 - Response time: 0ms - Correlation-ID: 673a35c6-1a48-4a6c-a4cb-7e939daa61ad
2025-10-07 15:20:07.565 [vert.x-eventloop-thread-0] INFO  [920188b1-ea25-4ed2-8735-d7bdfc3ead1e] c.nms.middleware.LoggingMiddleware - GET /health from 127.0.0.1:50004 - User-Agent: Mozilla/5.0 (X11; Ubuntu; Linux x86_64; rv:143.0) Gecko/20100101 Firefox/143.0 - Correlation-ID: 920188b1-ea25-4ed2-8735-d7bdfc3ead1e
2025-10-07 15:20:07.566 [vert.x-eventloop-thread-0] DEBUG [920188b1-ea25-4ed2-8735-d7bdfc3ead1e] c.n.m.SecurityHeadersMiddleware - Security headers added to response
2025-10-07 15:20:07.573 [vert.x-eventloop-thread-0] DEBUG [920188b1-ea25-4ed2-8735-d7bdfc3ead1e] com.nms.services.DatabaseService - Database connection test successful
2025-10-07 15:20:07.573 [vert.x-eventloop-thread-0] INFO  [920188b1-ea25-4ed2-8735-d7bdfc3ead1e] c.nms.middleware.LoggingMiddleware - GET /health - Status: 200 - Response time: 0ms - Correlation-ID: 920188b1-ea25-4ed2-8735-d7bdfc3ead1e
2025-10-07 15:20:07.587 [vert.x-eventloop-thread-0] INFO  [d18221ae-c4fc-4924-994b-0dfc10f984dd] c.nms.middleware.LoggingMiddleware - GET /favicon.ico from 127.0.0.1:50010 - User-Agent: Mozilla/5.0 (X11; Ubuntu; Linux x86_64; rv:143.0) Gecko/20100101 Firefox/143.0 - Correlation-ID: d18221ae-c4fc-4924-994b-0dfc10f984dd
2025-10-07 15:20:07.587 [vert.x-eventloop-thread-0] DEBUG [d18221ae-c4fc-4924-994b-0dfc10f984dd] c.n.m.SecurityHeadersMiddleware - Security headers added to response
2025-10-07 15:20:07.588 [vert.x-eventloop-thread-0] WARN  [d18221ae-c4fc-4924-994b-0dfc10f984dd] c.nms.middleware.LoggingMiddleware - GET /favicon.ico - Status: 404 - Response time: 0ms - Correlation-ID: d18221ae-c4fc-4924-994b-0dfc10f984dd
