2025-10-13 16:48:39.791 [main] INFO  [] com.nms.Main - Starting NMS Lite Backend Application...
2025-10-13 16:48:39.905 [vert.x-eventloop-thread-0] INFO  [] com.nms.Main - Starting NMS Lite Backend Service...
2025-10-13 16:48:40.040 [vert.x-eventloop-thread-0] INFO  [] com.nms.Main - Configuration loaded successfully
2025-10-13 16:48:40.206 [vert.x-eventloop-thread-0] INFO  [] com.nms.Main - Database connection established successfully
2025-10-13 16:48:40.241 [vert.x-eventloop-thread-0] INFO  [] com.nms.Main - HTTP server started on 0.0.0.0:8080
2025-10-13 16:48:40.242 [vert.x-eventloop-thread-0] INFO  [] com.nms.Main - NMS Lite Backend Service started successfully on port: 8080
2025-10-13 16:48:40.242 [vert.x-eventloop-thread-2] INFO  [] com.nms.Main - Main verticle deployed successfully with ID: 837b103c-696d-4a7b-aae6-7602cb988932
2025-10-13 16:48:46.166 [vert.x-eventloop-thread-0] INFO  [146e2179-b809-4fe3-b9f8-341e7e814082] c.nms.middleware.LoggingMiddleware - POST /api/credentials from 0:0:0:0:0:0:0:1:33768 - User-Agent: PostmanRuntime/7.48.0 - Correlation-ID: 146e2179-b809-4fe3-b9f8-341e7e814082
2025-10-13 16:48:46.167 [vert.x-eventloop-thread-0] DEBUG [146e2179-b809-4fe3-b9f8-341e7e814082] c.n.m.SecurityHeadersMiddleware - Security headers added to response
2025-10-13 16:48:46.196 [vert.x-eventloop-thread-0] DEBUG [146e2179-b809-4fe3-b9f8-341e7e814082] com.nms.middleware.AuthMiddleware - User admin authenticated successfully
2025-10-13 16:48:46.205 [vert.x-eventloop-thread-0] ERROR [146e2179-b809-4fe3-b9f8-341e7e814082] com.nms.utils.EncryptionUtils - Failed to encrypt data
java.security.InvalidKeyException: Invalid AES key length: 43 bytes
	at java.base/com.sun.crypto.provider.AESCrypt.makeSessionKey(AESCrypt.java:1329)
	at java.base/com.sun.crypto.provider.AESCrypt.init(AESCrypt.java:1053)
	at java.base/com.sun.crypto.provider.GaloisCounterMode.init(GaloisCounterMode.java:178)
	at java.base/com.sun.crypto.provider.GaloisCounterMode.engineInit(GaloisCounterMode.java:304)
	at java.base/javax.crypto.Cipher.implInit(Cipher.java:876)
	at java.base/javax.crypto.Cipher.chooseProvider(Cipher.java:934)
	at java.base/javax.crypto.Cipher.init(Cipher.java:1466)
	at java.base/javax.crypto.Cipher.init(Cipher.java:1393)
	at com.nms.utils.EncryptionUtils.encrypt(EncryptionUtils.java:69)
	at com.nms.services.CredentialService.createCredentialProfile(CredentialService.java:62)
	at com.nms.handlers.CredentialHandler.handleCreateCredentialProfile(CredentialHandler.java:80)
	at io.vertx.ext.web.impl.RouteState.handleContext(RouteState.java:1286)
	at io.vertx.ext.web.impl.RoutingContextImplBase.iterateNext(RoutingContextImplBase.java:177)
	at io.vertx.ext.web.impl.RoutingContextWrapper.next(RoutingContextWrapper.java:200)
	at com.nms.middleware.AuthMiddleware.lambda$handle$0(AuthMiddleware.java:50)
	at io.vertx.core.impl.future.FutureImpl$1.onSuccess(FutureImpl.java:91)
	at io.vertx.core.impl.future.FutureImpl$ListenerArray.onSuccess(FutureImpl.java:262)
	at io.vertx.core.impl.future.FutureBase.emitSuccess(FutureBase.java:60)
	at io.vertx.core.impl.future.FutureImpl.tryComplete(FutureImpl.java:211)
	at io.vertx.core.impl.future.PromiseImpl.tryComplete(PromiseImpl.java:23)
	at io.vertx.core.Promise.complete(Promise.java:66)
	at com.nms.services.AuthService.lambda$validateToken$6(AuthService.java:197)
	at io.vertx.core.impl.future.FutureImpl$1.onSuccess(FutureImpl.java:91)
	at io.vertx.core.impl.future.FutureImpl$ListenerArray.onSuccess(FutureImpl.java:262)
	at io.vertx.core.impl.future.FutureBase.emitSuccess(FutureBase.java:60)
	at io.vertx.core.impl.future.FutureImpl.tryComplete(FutureImpl.java:211)
	at io.vertx.core.impl.future.PromiseImpl.tryComplete(PromiseImpl.java:23)
	at io.vertx.core.Promise.complete(Promise.java:66)
	at com.nms.services.DatabaseService.lambda$findUserById$6(DatabaseService.java:137)
	at io.vertx.core.impl.future.FutureImpl$1.onSuccess(FutureImpl.java:91)
	at io.vertx.core.impl.future.FutureImpl$ListenerArray.onSuccess(FutureImpl.java:262)
	at io.vertx.core.impl.future.FutureBase.emitSuccess(FutureBase.java:60)
	at io.vertx.core.impl.future.FutureImpl.tryComplete(FutureImpl.java:211)
	at io.vertx.core.impl.future.PromiseImpl.tryComplete(PromiseImpl.java:23)
	at io.vertx.sqlclient.impl.QueryResultBuilder.tryComplete(QueryResultBuilder.java:88)
	at io.vertx.sqlclient.impl.QueryResultBuilder.tryComplete(QueryResultBuilder.java:32)
	at io.vertx.core.Promise.complete(Promise.java:66)
	at io.vertx.core.Promise.handle(Promise.java:51)
	at io.vertx.core.Promise.handle(Promise.java:29)
	at io.vertx.core.impl.future.FutureImpl$3.onSuccess(FutureImpl.java:141)
	at io.vertx.core.impl.future.FutureBase.emitSuccess(FutureBase.java:60)
	at io.vertx.core.impl.future.FutureImpl.tryComplete(FutureImpl.java:211)
	at io.vertx.core.impl.future.Composition$1.onSuccess(Composition.java:62)
	at io.vertx.core.impl.future.FutureBase.emitSuccess(FutureBase.java:60)
	at io.vertx.core.impl.future.FutureImpl.tryComplete(FutureImpl.java:211)
	at io.vertx.core.impl.future.Transformation$1.onSuccess(Transformation.java:63)
	at io.vertx.core.impl.future.FutureBase.emitSuccess(FutureBase.java:60)
	at io.vertx.core.impl.future.FutureImpl.addListener(FutureImpl.java:196)
	at io.vertx.core.impl.future.PromiseImpl.addListener(PromiseImpl.java:23)
	at io.vertx.core.impl.future.Transformation.onSuccess(Transformation.java:44)
	at io.vertx.core.impl.future.FutureBase.lambda$emitSuccess$0(FutureBase.java:54)
	at io.netty.util.concurrent.AbstractEventExecutor.runTask(AbstractEventExecutor.java:173)
	at io.netty.util.concurrent.AbstractEventExecutor.safeExecute(AbstractEventExecutor.java:166)
	at io.netty.util.concurrent.SingleThreadEventExecutor.runAllTasks(SingleThreadEventExecutor.java:470)
	at io.netty.channel.nio.NioEventLoop.run(NioEventLoop.java:569)
	at io.netty.util.concurrent.SingleThreadEventExecutor$4.run(SingleThreadEventExecutor.java:997)
	at io.netty.util.internal.ThreadExecutorMap$2.run(ThreadExecutorMap.java:74)
	at io.netty.util.concurrent.FastThreadLocalRunnable.run(FastThreadLocalRunnable.java:30)
	at java.base/java.lang.Thread.run(Thread.java:1583)
2025-10-13 16:48:46.207 [vert.x-eventloop-thread-0] ERROR [146e2179-b809-4fe3-b9f8-341e7e814082] com.nms.services.CredentialService - Error creating credential profile
java.lang.RuntimeException: Failed to encrypt data
	at com.nms.utils.EncryptionUtils.encrypt(EncryptionUtils.java:85)
	at com.nms.services.CredentialService.createCredentialProfile(CredentialService.java:62)
	at com.nms.handlers.CredentialHandler.handleCreateCredentialProfile(CredentialHandler.java:80)
	at io.vertx.ext.web.impl.RouteState.handleContext(RouteState.java:1286)
	at io.vertx.ext.web.impl.RoutingContextImplBase.iterateNext(RoutingContextImplBase.java:177)
	at io.vertx.ext.web.impl.RoutingContextWrapper.next(RoutingContextWrapper.java:200)
	at com.nms.middleware.AuthMiddleware.lambda$handle$0(AuthMiddleware.java:50)
	at io.vertx.core.impl.future.FutureImpl$1.onSuccess(FutureImpl.java:91)
	at io.vertx.core.impl.future.FutureImpl$ListenerArray.onSuccess(FutureImpl.java:262)
	at io.vertx.core.impl.future.FutureBase.emitSuccess(FutureBase.java:60)
	at io.vertx.core.impl.future.FutureImpl.tryComplete(FutureImpl.java:211)
	at io.vertx.core.impl.future.PromiseImpl.tryComplete(PromiseImpl.java:23)
	at io.vertx.core.Promise.complete(Promise.java:66)
	at com.nms.services.AuthService.lambda$validateToken$6(AuthService.java:197)
	at io.vertx.core.impl.future.FutureImpl$1.onSuccess(FutureImpl.java:91)
	at io.vertx.core.impl.future.FutureImpl$ListenerArray.onSuccess(FutureImpl.java:262)
	at io.vertx.core.impl.future.FutureBase.emitSuccess(FutureBase.java:60)
	at io.vertx.core.impl.future.FutureImpl.tryComplete(FutureImpl.java:211)
	at io.vertx.core.impl.future.PromiseImpl.tryComplete(PromiseImpl.java:23)
	at io.vertx.core.Promise.complete(Promise.java:66)
	at com.nms.services.DatabaseService.lambda$findUserById$6(DatabaseService.java:137)
	at io.vertx.core.impl.future.FutureImpl$1.onSuccess(FutureImpl.java:91)
	at io.vertx.core.impl.future.FutureImpl$ListenerArray.onSuccess(FutureImpl.java:262)
	at io.vertx.core.impl.future.FutureBase.emitSuccess(FutureBase.java:60)
	at io.vertx.core.impl.future.FutureImpl.tryComplete(FutureImpl.java:211)
	at io.vertx.core.impl.future.PromiseImpl.tryComplete(PromiseImpl.java:23)
	at io.vertx.sqlclient.impl.QueryResultBuilder.tryComplete(QueryResultBuilder.java:88)
	at io.vertx.sqlclient.impl.QueryResultBuilder.tryComplete(QueryResultBuilder.java:32)
	at io.vertx.core.Promise.complete(Promise.java:66)
	at io.vertx.core.Promise.handle(Promise.java:51)
	at io.vertx.core.Promise.handle(Promise.java:29)
	at io.vertx.core.impl.future.FutureImpl$3.onSuccess(FutureImpl.java:141)
	at io.vertx.core.impl.future.FutureBase.emitSuccess(FutureBase.java:60)
	at io.vertx.core.impl.future.FutureImpl.tryComplete(FutureImpl.java:211)
	at io.vertx.core.impl.future.Composition$1.onSuccess(Composition.java:62)
	at io.vertx.core.impl.future.FutureBase.emitSuccess(FutureBase.java:60)
	at io.vertx.core.impl.future.FutureImpl.tryComplete(FutureImpl.java:211)
	at io.vertx.core.impl.future.Transformation$1.onSuccess(Transformation.java:63)
	at io.vertx.core.impl.future.FutureBase.emitSuccess(FutureBase.java:60)
	at io.vertx.core.impl.future.FutureImpl.addListener(FutureImpl.java:196)
	at io.vertx.core.impl.future.PromiseImpl.addListener(PromiseImpl.java:23)
	at io.vertx.core.impl.future.Transformation.onSuccess(Transformation.java:44)
	at io.vertx.core.impl.future.FutureBase.lambda$emitSuccess$0(FutureBase.java:54)
	at io.netty.util.concurrent.AbstractEventExecutor.runTask(AbstractEventExecutor.java:173)
	at io.netty.util.concurrent.AbstractEventExecutor.safeExecute(AbstractEventExecutor.java:166)
	at io.netty.util.concurrent.SingleThreadEventExecutor.runAllTasks(SingleThreadEventExecutor.java:470)
	at io.netty.channel.nio.NioEventLoop.run(NioEventLoop.java:569)
	at io.netty.util.concurrent.SingleThreadEventExecutor$4.run(SingleThreadEventExecutor.java:997)
	at io.netty.util.internal.ThreadExecutorMap$2.run(ThreadExecutorMap.java:74)
	at io.netty.util.concurrent.FastThreadLocalRunnable.run(FastThreadLocalRunnable.java:30)
	at java.base/java.lang.Thread.run(Thread.java:1583)
Caused by: java.security.InvalidKeyException: Invalid AES key length: 43 bytes
	at java.base/com.sun.crypto.provider.AESCrypt.makeSessionKey(AESCrypt.java:1329)
	at java.base/com.sun.crypto.provider.AESCrypt.init(AESCrypt.java:1053)
	at java.base/com.sun.crypto.provider.GaloisCounterMode.init(GaloisCounterMode.java:178)
	at java.base/com.sun.crypto.provider.GaloisCounterMode.engineInit(GaloisCounterMode.java:304)
	at java.base/javax.crypto.Cipher.implInit(Cipher.java:876)
	at java.base/javax.crypto.Cipher.chooseProvider(Cipher.java:934)
	at java.base/javax.crypto.Cipher.init(Cipher.java:1466)
	at java.base/javax.crypto.Cipher.init(Cipher.java:1393)
	at com.nms.utils.EncryptionUtils.encrypt(EncryptionUtils.java:69)
	... 50 common frames omitted
2025-10-13 16:48:46.209 [vert.x-eventloop-thread-0] ERROR [146e2179-b809-4fe3-b9f8-341e7e814082] com.nms.handlers.CredentialHandler - Failed to create credential profile
java.lang.RuntimeException: Failed to encrypt data
	at com.nms.utils.EncryptionUtils.encrypt(EncryptionUtils.java:85)
	at com.nms.services.CredentialService.createCredentialProfile(CredentialService.java:62)
	at com.nms.handlers.CredentialHandler.handleCreateCredentialProfile(CredentialHandler.java:80)
	at io.vertx.ext.web.impl.RouteState.handleContext(RouteState.java:1286)
	at io.vertx.ext.web.impl.RoutingContextImplBase.iterateNext(RoutingContextImplBase.java:177)
	at io.vertx.ext.web.impl.RoutingContextWrapper.next(RoutingContextWrapper.java:200)
	at com.nms.middleware.AuthMiddleware.lambda$handle$0(AuthMiddleware.java:50)
	at io.vertx.core.impl.future.FutureImpl$1.onSuccess(FutureImpl.java:91)
	at io.vertx.core.impl.future.FutureImpl$ListenerArray.onSuccess(FutureImpl.java:262)
	at io.vertx.core.impl.future.FutureBase.emitSuccess(FutureBase.java:60)
	at io.vertx.core.impl.future.FutureImpl.tryComplete(FutureImpl.java:211)
	at io.vertx.core.impl.future.PromiseImpl.tryComplete(PromiseImpl.java:23)
	at io.vertx.core.Promise.complete(Promise.java:66)
	at com.nms.services.AuthService.lambda$validateToken$6(AuthService.java:197)
	at io.vertx.core.impl.future.FutureImpl$1.onSuccess(FutureImpl.java:91)
	at io.vertx.core.impl.future.FutureImpl$ListenerArray.onSuccess(FutureImpl.java:262)
	at io.vertx.core.impl.future.FutureBase.emitSuccess(FutureBase.java:60)
	at io.vertx.core.impl.future.FutureImpl.tryComplete(FutureImpl.java:211)
	at io.vertx.core.impl.future.PromiseImpl.tryComplete(PromiseImpl.java:23)
	at io.vertx.core.Promise.complete(Promise.java:66)
	at com.nms.services.DatabaseService.lambda$findUserById$6(DatabaseService.java:137)
	at io.vertx.core.impl.future.FutureImpl$1.onSuccess(FutureImpl.java:91)
	at io.vertx.core.impl.future.FutureImpl$ListenerArray.onSuccess(FutureImpl.java:262)
	at io.vertx.core.impl.future.FutureBase.emitSuccess(FutureBase.java:60)
	at io.vertx.core.impl.future.FutureImpl.tryComplete(FutureImpl.java:211)
	at io.vertx.core.impl.future.PromiseImpl.tryComplete(PromiseImpl.java:23)
	at io.vertx.sqlclient.impl.QueryResultBuilder.tryComplete(QueryResultBuilder.java:88)
	at io.vertx.sqlclient.impl.QueryResultBuilder.tryComplete(QueryResultBuilder.java:32)
	at io.vertx.core.Promise.complete(Promise.java:66)
	at io.vertx.core.Promise.handle(Promise.java:51)
	at io.vertx.core.Promise.handle(Promise.java:29)
	at io.vertx.core.impl.future.FutureImpl$3.onSuccess(FutureImpl.java:141)
	at io.vertx.core.impl.future.FutureBase.emitSuccess(FutureBase.java:60)
	at io.vertx.core.impl.future.FutureImpl.tryComplete(FutureImpl.java:211)
	at io.vertx.core.impl.future.Composition$1.onSuccess(Composition.java:62)
	at io.vertx.core.impl.future.FutureBase.emitSuccess(FutureBase.java:60)
	at io.vertx.core.impl.future.FutureImpl.tryComplete(FutureImpl.java:211)
	at io.vertx.core.impl.future.Transformation$1.onSuccess(Transformation.java:63)
	at io.vertx.core.impl.future.FutureBase.emitSuccess(FutureBase.java:60)
	at io.vertx.core.impl.future.FutureImpl.addListener(FutureImpl.java:196)
	at io.vertx.core.impl.future.PromiseImpl.addListener(PromiseImpl.java:23)
	at io.vertx.core.impl.future.Transformation.onSuccess(Transformation.java:44)
	at io.vertx.core.impl.future.FutureBase.lambda$emitSuccess$0(FutureBase.java:54)
	at io.netty.util.concurrent.AbstractEventExecutor.runTask(AbstractEventExecutor.java:173)
	at io.netty.util.concurrent.AbstractEventExecutor.safeExecute(AbstractEventExecutor.java:166)
	at io.netty.util.concurrent.SingleThreadEventExecutor.runAllTasks(SingleThreadEventExecutor.java:470)
	at io.netty.channel.nio.NioEventLoop.run(NioEventLoop.java:569)
	at io.netty.util.concurrent.SingleThreadEventExecutor$4.run(SingleThreadEventExecutor.java:997)
	at io.netty.util.internal.ThreadExecutorMap$2.run(ThreadExecutorMap.java:74)
	at io.netty.util.concurrent.FastThreadLocalRunnable.run(FastThreadLocalRunnable.java:30)
	at java.base/java.lang.Thread.run(Thread.java:1583)
Caused by: java.security.InvalidKeyException: Invalid AES key length: 43 bytes
	at java.base/com.sun.crypto.provider.AESCrypt.makeSessionKey(AESCrypt.java:1329)
	at java.base/com.sun.crypto.provider.AESCrypt.init(AESCrypt.java:1053)
	at java.base/com.sun.crypto.provider.GaloisCounterMode.init(GaloisCounterMode.java:178)
	at java.base/com.sun.crypto.provider.GaloisCounterMode.engineInit(GaloisCounterMode.java:304)
	at java.base/javax.crypto.Cipher.implInit(Cipher.java:876)
	at java.base/javax.crypto.Cipher.chooseProvider(Cipher.java:934)
	at java.base/javax.crypto.Cipher.init(Cipher.java:1466)
	at java.base/javax.crypto.Cipher.init(Cipher.java:1393)
	at com.nms.utils.EncryptionUtils.encrypt(EncryptionUtils.java:69)
	... 50 common frames omitted
2025-10-13 16:48:46.212 [vert.x-eventloop-thread-0] WARN  [146e2179-b809-4fe3-b9f8-341e7e814082] c.nms.middleware.LoggingMiddleware - POST /api/credentials - Status: 500 - Response time: 0ms - Correlation-ID: 146e2179-b809-4fe3-b9f8-341e7e814082
2025-10-13 16:48:49.060 [vert.x-eventloop-thread-0] INFO  [ca11610c-712b-4d47-ad0e-5a98392cd6be] c.nms.middleware.LoggingMiddleware - POST /api/auth/login from 0:0:0:0:0:0:0:1:33768 - User-Agent: PostmanRuntime/7.48.0 - Correlation-ID: ca11610c-712b-4d47-ad0e-5a98392cd6be
2025-10-13 16:48:49.060 [vert.x-eventloop-thread-0] DEBUG [ca11610c-712b-4d47-ad0e-5a98392cd6be] c.n.m.SecurityHeadersMiddleware - Security headers added to response
2025-10-13 16:48:49.369 [vert.x-eventloop-thread-0] DEBUG [ca11610c-712b-4d47-ad0e-5a98392cd6be] com.nms.services.DatabaseService - Updated last login for user: b2ee99a3-5dc9-4c32-99ea-1e2ccc3eea86
2025-10-13 16:48:49.375 [vert.x-eventloop-thread-0] INFO  [ca11610c-712b-4d47-ad0e-5a98392cd6be] com.nms.services.AuthService - User admin authenticated successfully
2025-10-13 16:48:49.375 [vert.x-eventloop-thread-0] INFO  [ca11610c-712b-4d47-ad0e-5a98392cd6be] com.nms.handlers.AuthHandler - User admin logged in successfully
2025-10-13 16:48:49.375 [vert.x-eventloop-thread-0] INFO  [ca11610c-712b-4d47-ad0e-5a98392cd6be] c.nms.middleware.LoggingMiddleware - POST /api/auth/login - Status: 200 - Response time: 0ms - Correlation-ID: ca11610c-712b-4d47-ad0e-5a98392cd6be
2025-10-13 16:49:07.810 [vert.x-eventloop-thread-0] INFO  [a2ae5e6c-99ff-45a7-8fff-309f9371814d] c.nms.middleware.LoggingMiddleware - POST /api/credentials from 0:0:0:0:0:0:0:1:33768 - User-Agent: PostmanRuntime/7.48.0 - Correlation-ID: a2ae5e6c-99ff-45a7-8fff-309f9371814d
2025-10-13 16:49:07.811 [vert.x-eventloop-thread-0] DEBUG [a2ae5e6c-99ff-45a7-8fff-309f9371814d] c.n.m.SecurityHeadersMiddleware - Security headers added to response
2025-10-13 16:49:07.818 [vert.x-eventloop-thread-0] DEBUG [a2ae5e6c-99ff-45a7-8fff-309f9371814d] com.nms.middleware.AuthMiddleware - User admin authenticated successfully
2025-10-13 16:49:07.819 [vert.x-eventloop-thread-0] ERROR [a2ae5e6c-99ff-45a7-8fff-309f9371814d] com.nms.utils.EncryptionUtils - Failed to encrypt data
java.security.InvalidKeyException: Invalid AES key length: 43 bytes
	at java.base/com.sun.crypto.provider.AESCrypt.makeSessionKey(AESCrypt.java:1329)
	at java.base/com.sun.crypto.provider.AESCrypt.init(AESCrypt.java:1053)
	at java.base/com.sun.crypto.provider.GaloisCounterMode.init(GaloisCounterMode.java:178)
	at java.base/com.sun.crypto.provider.GaloisCounterMode.engineInit(GaloisCounterMode.java:304)
	at java.base/javax.crypto.Cipher.implInit(Cipher.java:876)
	at java.base/javax.crypto.Cipher.chooseProvider(Cipher.java:934)
	at java.base/javax.crypto.Cipher.init(Cipher.java:1466)
	at java.base/javax.crypto.Cipher.init(Cipher.java:1393)
	at com.nms.utils.EncryptionUtils.encrypt(EncryptionUtils.java:69)
	at com.nms.services.CredentialService.createCredentialProfile(CredentialService.java:62)
	at com.nms.handlers.CredentialHandler.handleCreateCredentialProfile(CredentialHandler.java:80)
	at io.vertx.ext.web.impl.RouteState.handleContext(RouteState.java:1286)
	at io.vertx.ext.web.impl.RoutingContextImplBase.iterateNext(RoutingContextImplBase.java:177)
	at io.vertx.ext.web.impl.RoutingContextWrapper.next(RoutingContextWrapper.java:200)
	at com.nms.middleware.AuthMiddleware.lambda$handle$0(AuthMiddleware.java:50)
	at io.vertx.core.impl.future.FutureImpl$1.onSuccess(FutureImpl.java:91)
	at io.vertx.core.impl.future.FutureImpl$ListenerArray.onSuccess(FutureImpl.java:262)
	at io.vertx.core.impl.future.FutureBase.emitSuccess(FutureBase.java:60)
	at io.vertx.core.impl.future.FutureImpl.tryComplete(FutureImpl.java:211)
	at io.vertx.core.impl.future.PromiseImpl.tryComplete(PromiseImpl.java:23)
	at io.vertx.core.Promise.complete(Promise.java:66)
	at com.nms.services.AuthService.lambda$validateToken$6(AuthService.java:197)
	at io.vertx.core.impl.future.FutureImpl$1.onSuccess(FutureImpl.java:91)
	at io.vertx.core.impl.future.FutureImpl$ListenerArray.onSuccess(FutureImpl.java:262)
	at io.vertx.core.impl.future.FutureBase.emitSuccess(FutureBase.java:60)
	at io.vertx.core.impl.future.FutureImpl.tryComplete(FutureImpl.java:211)
	at io.vertx.core.impl.future.PromiseImpl.tryComplete(PromiseImpl.java:23)
	at io.vertx.core.Promise.complete(Promise.java:66)
	at com.nms.services.DatabaseService.lambda$findUserById$6(DatabaseService.java:137)
	at io.vertx.core.impl.future.FutureImpl$1.onSuccess(FutureImpl.java:91)
	at io.vertx.core.impl.future.FutureImpl$ListenerArray.onSuccess(FutureImpl.java:262)
	at io.vertx.core.impl.future.FutureBase.emitSuccess(FutureBase.java:60)
	at io.vertx.core.impl.future.FutureImpl.tryComplete(FutureImpl.java:211)
	at io.vertx.core.impl.future.PromiseImpl.tryComplete(PromiseImpl.java:23)
	at io.vertx.sqlclient.impl.QueryResultBuilder.tryComplete(QueryResultBuilder.java:88)
	at io.vertx.sqlclient.impl.QueryResultBuilder.tryComplete(QueryResultBuilder.java:32)
	at io.vertx.core.Promise.complete(Promise.java:66)
	at io.vertx.core.Promise.handle(Promise.java:51)
	at io.vertx.core.Promise.handle(Promise.java:29)
	at io.vertx.core.impl.future.FutureImpl$3.onSuccess(FutureImpl.java:141)
	at io.vertx.core.impl.future.FutureBase.emitSuccess(FutureBase.java:60)
	at io.vertx.core.impl.future.FutureImpl.tryComplete(FutureImpl.java:211)
	at io.vertx.core.impl.future.Composition$1.onSuccess(Composition.java:62)
	at io.vertx.core.impl.future.FutureBase.emitSuccess(FutureBase.java:60)
	at io.vertx.core.impl.future.FutureImpl.tryComplete(FutureImpl.java:211)
	at io.vertx.core.impl.future.Transformation$1.onSuccess(Transformation.java:63)
	at io.vertx.core.impl.future.FutureBase.emitSuccess(FutureBase.java:60)
	at io.vertx.core.impl.future.FutureImpl.addListener(FutureImpl.java:196)
	at io.vertx.core.impl.future.PromiseImpl.addListener(PromiseImpl.java:23)
	at io.vertx.core.impl.future.Transformation.onSuccess(Transformation.java:44)
	at io.vertx.core.impl.future.FutureBase.lambda$emitSuccess$0(FutureBase.java:54)
	at io.netty.util.concurrent.AbstractEventExecutor.runTask(AbstractEventExecutor.java:173)
	at io.netty.util.concurrent.AbstractEventExecutor.safeExecute(AbstractEventExecutor.java:166)
	at io.netty.util.concurrent.SingleThreadEventExecutor.runAllTasks(SingleThreadEventExecutor.java:470)
	at io.netty.channel.nio.NioEventLoop.run(NioEventLoop.java:569)
	at io.netty.util.concurrent.SingleThreadEventExecutor$4.run(SingleThreadEventExecutor.java:997)
	at io.netty.util.internal.ThreadExecutorMap$2.run(ThreadExecutorMap.java:74)
	at io.netty.util.concurrent.FastThreadLocalRunnable.run(FastThreadLocalRunnable.java:30)
	at java.base/java.lang.Thread.run(Thread.java:1583)
2025-10-13 16:49:07.819 [vert.x-eventloop-thread-0] ERROR [a2ae5e6c-99ff-45a7-8fff-309f9371814d] com.nms.services.CredentialService - Error creating credential profile
java.lang.RuntimeException: Failed to encrypt data
	at com.nms.utils.EncryptionUtils.encrypt(EncryptionUtils.java:85)
	at com.nms.services.CredentialService.createCredentialProfile(CredentialService.java:62)
	at com.nms.handlers.CredentialHandler.handleCreateCredentialProfile(CredentialHandler.java:80)
	at io.vertx.ext.web.impl.RouteState.handleContext(RouteState.java:1286)
	at io.vertx.ext.web.impl.RoutingContextImplBase.iterateNext(RoutingContextImplBase.java:177)
	at io.vertx.ext.web.impl.RoutingContextWrapper.next(RoutingContextWrapper.java:200)
	at com.nms.middleware.AuthMiddleware.lambda$handle$0(AuthMiddleware.java:50)
	at io.vertx.core.impl.future.FutureImpl$1.onSuccess(FutureImpl.java:91)
	at io.vertx.core.impl.future.FutureImpl$ListenerArray.onSuccess(FutureImpl.java:262)
	at io.vertx.core.impl.future.FutureBase.emitSuccess(FutureBase.java:60)
	at io.vertx.core.impl.future.FutureImpl.tryComplete(FutureImpl.java:211)
	at io.vertx.core.impl.future.PromiseImpl.tryComplete(PromiseImpl.java:23)
	at io.vertx.core.Promise.complete(Promise.java:66)
	at com.nms.services.AuthService.lambda$validateToken$6(AuthService.java:197)
	at io.vertx.core.impl.future.FutureImpl$1.onSuccess(FutureImpl.java:91)
	at io.vertx.core.impl.future.FutureImpl$ListenerArray.onSuccess(FutureImpl.java:262)
	at io.vertx.core.impl.future.FutureBase.emitSuccess(FutureBase.java:60)
	at io.vertx.core.impl.future.FutureImpl.tryComplete(FutureImpl.java:211)
	at io.vertx.core.impl.future.PromiseImpl.tryComplete(PromiseImpl.java:23)
	at io.vertx.core.Promise.complete(Promise.java:66)
	at com.nms.services.DatabaseService.lambda$findUserById$6(DatabaseService.java:137)
	at io.vertx.core.impl.future.FutureImpl$1.onSuccess(FutureImpl.java:91)
	at io.vertx.core.impl.future.FutureImpl$ListenerArray.onSuccess(FutureImpl.java:262)
	at io.vertx.core.impl.future.FutureBase.emitSuccess(FutureBase.java:60)
	at io.vertx.core.impl.future.FutureImpl.tryComplete(FutureImpl.java:211)
	at io.vertx.core.impl.future.PromiseImpl.tryComplete(PromiseImpl.java:23)
	at io.vertx.sqlclient.impl.QueryResultBuilder.tryComplete(QueryResultBuilder.java:88)
	at io.vertx.sqlclient.impl.QueryResultBuilder.tryComplete(QueryResultBuilder.java:32)
	at io.vertx.core.Promise.complete(Promise.java:66)
	at io.vertx.core.Promise.handle(Promise.java:51)
	at io.vertx.core.Promise.handle(Promise.java:29)
	at io.vertx.core.impl.future.FutureImpl$3.onSuccess(FutureImpl.java:141)
	at io.vertx.core.impl.future.FutureBase.emitSuccess(FutureBase.java:60)
	at io.vertx.core.impl.future.FutureImpl.tryComplete(FutureImpl.java:211)
	at io.vertx.core.impl.future.Composition$1.onSuccess(Composition.java:62)
	at io.vertx.core.impl.future.FutureBase.emitSuccess(FutureBase.java:60)
	at io.vertx.core.impl.future.FutureImpl.tryComplete(FutureImpl.java:211)
	at io.vertx.core.impl.future.Transformation$1.onSuccess(Transformation.java:63)
	at io.vertx.core.impl.future.FutureBase.emitSuccess(FutureBase.java:60)
	at io.vertx.core.impl.future.FutureImpl.addListener(FutureImpl.java:196)
	at io.vertx.core.impl.future.PromiseImpl.addListener(PromiseImpl.java:23)
	at io.vertx.core.impl.future.Transformation.onSuccess(Transformation.java:44)
	at io.vertx.core.impl.future.FutureBase.lambda$emitSuccess$0(FutureBase.java:54)
	at io.netty.util.concurrent.AbstractEventExecutor.runTask(AbstractEventExecutor.java:173)
	at io.netty.util.concurrent.AbstractEventExecutor.safeExecute(AbstractEventExecutor.java:166)
	at io.netty.util.concurrent.SingleThreadEventExecutor.runAllTasks(SingleThreadEventExecutor.java:470)
	at io.netty.channel.nio.NioEventLoop.run(NioEventLoop.java:569)
	at io.netty.util.concurrent.SingleThreadEventExecutor$4.run(SingleThreadEventExecutor.java:997)
	at io.netty.util.internal.ThreadExecutorMap$2.run(ThreadExecutorMap.java:74)
	at io.netty.util.concurrent.FastThreadLocalRunnable.run(FastThreadLocalRunnable.java:30)
	at java.base/java.lang.Thread.run(Thread.java:1583)
Caused by: java.security.InvalidKeyException: Invalid AES key length: 43 bytes
	at java.base/com.sun.crypto.provider.AESCrypt.makeSessionKey(AESCrypt.java:1329)
	at java.base/com.sun.crypto.provider.AESCrypt.init(AESCrypt.java:1053)
	at java.base/com.sun.crypto.provider.GaloisCounterMode.init(GaloisCounterMode.java:178)
	at java.base/com.sun.crypto.provider.GaloisCounterMode.engineInit(GaloisCounterMode.java:304)
	at java.base/javax.crypto.Cipher.implInit(Cipher.java:876)
	at java.base/javax.crypto.Cipher.chooseProvider(Cipher.java:934)
	at java.base/javax.crypto.Cipher.init(Cipher.java:1466)
	at java.base/javax.crypto.Cipher.init(Cipher.java:1393)
	at com.nms.utils.EncryptionUtils.encrypt(EncryptionUtils.java:69)
	... 50 common frames omitted
2025-10-13 16:49:07.820 [vert.x-eventloop-thread-0] ERROR [a2ae5e6c-99ff-45a7-8fff-309f9371814d] com.nms.handlers.CredentialHandler - Failed to create credential profile
java.lang.RuntimeException: Failed to encrypt data
	at com.nms.utils.EncryptionUtils.encrypt(EncryptionUtils.java:85)
	at com.nms.services.CredentialService.createCredentialProfile(CredentialService.java:62)
	at com.nms.handlers.CredentialHandler.handleCreateCredentialProfile(CredentialHandler.java:80)
	at io.vertx.ext.web.impl.RouteState.handleContext(RouteState.java:1286)
	at io.vertx.ext.web.impl.RoutingContextImplBase.iterateNext(RoutingContextImplBase.java:177)
	at io.vertx.ext.web.impl.RoutingContextWrapper.next(RoutingContextWrapper.java:200)
	at com.nms.middleware.AuthMiddleware.lambda$handle$0(AuthMiddleware.java:50)
	at io.vertx.core.impl.future.FutureImpl$1.onSuccess(FutureImpl.java:91)
	at io.vertx.core.impl.future.FutureImpl$ListenerArray.onSuccess(FutureImpl.java:262)
	at io.vertx.core.impl.future.FutureBase.emitSuccess(FutureBase.java:60)
	at io.vertx.core.impl.future.FutureImpl.tryComplete(FutureImpl.java:211)
	at io.vertx.core.impl.future.PromiseImpl.tryComplete(PromiseImpl.java:23)
	at io.vertx.core.Promise.complete(Promise.java:66)
	at com.nms.services.AuthService.lambda$validateToken$6(AuthService.java:197)
	at io.vertx.core.impl.future.FutureImpl$1.onSuccess(FutureImpl.java:91)
	at io.vertx.core.impl.future.FutureImpl$ListenerArray.onSuccess(FutureImpl.java:262)
	at io.vertx.core.impl.future.FutureBase.emitSuccess(FutureBase.java:60)
	at io.vertx.core.impl.future.FutureImpl.tryComplete(FutureImpl.java:211)
	at io.vertx.core.impl.future.PromiseImpl.tryComplete(PromiseImpl.java:23)
	at io.vertx.core.Promise.complete(Promise.java:66)
	at com.nms.services.DatabaseService.lambda$findUserById$6(DatabaseService.java:137)
	at io.vertx.core.impl.future.FutureImpl$1.onSuccess(FutureImpl.java:91)
	at io.vertx.core.impl.future.FutureImpl$ListenerArray.onSuccess(FutureImpl.java:262)
	at io.vertx.core.impl.future.FutureBase.emitSuccess(FutureBase.java:60)
	at io.vertx.core.impl.future.FutureImpl.tryComplete(FutureImpl.java:211)
	at io.vertx.core.impl.future.PromiseImpl.tryComplete(PromiseImpl.java:23)
	at io.vertx.sqlclient.impl.QueryResultBuilder.tryComplete(QueryResultBuilder.java:88)
	at io.vertx.sqlclient.impl.QueryResultBuilder.tryComplete(QueryResultBuilder.java:32)
	at io.vertx.core.Promise.complete(Promise.java:66)
	at io.vertx.core.Promise.handle(Promise.java:51)
	at io.vertx.core.Promise.handle(Promise.java:29)
	at io.vertx.core.impl.future.FutureImpl$3.onSuccess(FutureImpl.java:141)
	at io.vertx.core.impl.future.FutureBase.emitSuccess(FutureBase.java:60)
	at io.vertx.core.impl.future.FutureImpl.tryComplete(FutureImpl.java:211)
	at io.vertx.core.impl.future.Composition$1.onSuccess(Composition.java:62)
	at io.vertx.core.impl.future.FutureBase.emitSuccess(FutureBase.java:60)
	at io.vertx.core.impl.future.FutureImpl.tryComplete(FutureImpl.java:211)
	at io.vertx.core.impl.future.Transformation$1.onSuccess(Transformation.java:63)
	at io.vertx.core.impl.future.FutureBase.emitSuccess(FutureBase.java:60)
	at io.vertx.core.impl.future.FutureImpl.addListener(FutureImpl.java:196)
	at io.vertx.core.impl.future.PromiseImpl.addListener(PromiseImpl.java:23)
	at io.vertx.core.impl.future.Transformation.onSuccess(Transformation.java:44)
	at io.vertx.core.impl.future.FutureBase.lambda$emitSuccess$0(FutureBase.java:54)
	at io.netty.util.concurrent.AbstractEventExecutor.runTask(AbstractEventExecutor.java:173)
	at io.netty.util.concurrent.AbstractEventExecutor.safeExecute(AbstractEventExecutor.java:166)
	at io.netty.util.concurrent.SingleThreadEventExecutor.runAllTasks(SingleThreadEventExecutor.java:470)
	at io.netty.channel.nio.NioEventLoop.run(NioEventLoop.java:569)
	at io.netty.util.concurrent.SingleThreadEventExecutor$4.run(SingleThreadEventExecutor.java:997)
	at io.netty.util.internal.ThreadExecutorMap$2.run(ThreadExecutorMap.java:74)
	at io.netty.util.concurrent.FastThreadLocalRunnable.run(FastThreadLocalRunnable.java:30)
	at java.base/java.lang.Thread.run(Thread.java:1583)
Caused by: java.security.InvalidKeyException: Invalid AES key length: 43 bytes
	at java.base/com.sun.crypto.provider.AESCrypt.makeSessionKey(AESCrypt.java:1329)
	at java.base/com.sun.crypto.provider.AESCrypt.init(AESCrypt.java:1053)
	at java.base/com.sun.crypto.provider.GaloisCounterMode.init(GaloisCounterMode.java:178)
	at java.base/com.sun.crypto.provider.GaloisCounterMode.engineInit(GaloisCounterMode.java:304)
	at java.base/javax.crypto.Cipher.implInit(Cipher.java:876)
	at java.base/javax.crypto.Cipher.chooseProvider(Cipher.java:934)
	at java.base/javax.crypto.Cipher.init(Cipher.java:1466)
	at java.base/javax.crypto.Cipher.init(Cipher.java:1393)
	at com.nms.utils.EncryptionUtils.encrypt(EncryptionUtils.java:69)
	... 50 common frames omitted
2025-10-13 16:49:07.821 [vert.x-eventloop-thread-0] WARN  [a2ae5e6c-99ff-45a7-8fff-309f9371814d] c.nms.middleware.LoggingMiddleware - POST /api/credentials - Status: 500 - Response time: 0ms - Correlation-ID: a2ae5e6c-99ff-45a7-8fff-309f9371814d
2025-10-13 16:49:09.633 [vert.x-eventloop-thread-0] INFO  [235bfc73-a54f-4c86-90a6-7b48def3027e] c.nms.middleware.LoggingMiddleware - POST /api/credentials from 0:0:0:0:0:0:0:1:33768 - User-Agent: PostmanRuntime/7.48.0 - Correlation-ID: 235bfc73-a54f-4c86-90a6-7b48def3027e
2025-10-13 16:49:09.633 [vert.x-eventloop-thread-0] DEBUG [235bfc73-a54f-4c86-90a6-7b48def3027e] c.n.m.SecurityHeadersMiddleware - Security headers added to response
2025-10-13 16:49:09.641 [vert.x-eventloop-thread-0] DEBUG [235bfc73-a54f-4c86-90a6-7b48def3027e] com.nms.middleware.AuthMiddleware - User admin authenticated successfully
2025-10-13 16:49:09.641 [vert.x-eventloop-thread-0] ERROR [235bfc73-a54f-4c86-90a6-7b48def3027e] com.nms.utils.EncryptionUtils - Failed to encrypt data
java.security.InvalidKeyException: Invalid AES key length: 43 bytes
	at java.base/com.sun.crypto.provider.AESCrypt.makeSessionKey(AESCrypt.java:1329)
	at java.base/com.sun.crypto.provider.AESCrypt.init(AESCrypt.java:1053)
	at java.base/com.sun.crypto.provider.GaloisCounterMode.init(GaloisCounterMode.java:178)
	at java.base/com.sun.crypto.provider.GaloisCounterMode.engineInit(GaloisCounterMode.java:304)
	at java.base/javax.crypto.Cipher.implInit(Cipher.java:876)
	at java.base/javax.crypto.Cipher.chooseProvider(Cipher.java:934)
	at java.base/javax.crypto.Cipher.init(Cipher.java:1466)
	at java.base/javax.crypto.Cipher.init(Cipher.java:1393)
	at com.nms.utils.EncryptionUtils.encrypt(EncryptionUtils.java:69)
	at com.nms.services.CredentialService.createCredentialProfile(CredentialService.java:62)
	at com.nms.handlers.CredentialHandler.handleCreateCredentialProfile(CredentialHandler.java:80)
	at io.vertx.ext.web.impl.RouteState.handleContext(RouteState.java:1286)
	at io.vertx.ext.web.impl.RoutingContextImplBase.iterateNext(RoutingContextImplBase.java:177)
	at io.vertx.ext.web.impl.RoutingContextWrapper.next(RoutingContextWrapper.java:200)
	at com.nms.middleware.AuthMiddleware.lambda$handle$0(AuthMiddleware.java:50)
	at io.vertx.core.impl.future.FutureImpl$1.onSuccess(FutureImpl.java:91)
	at io.vertx.core.impl.future.FutureImpl$ListenerArray.onSuccess(FutureImpl.java:262)
	at io.vertx.core.impl.future.FutureBase.emitSuccess(FutureBase.java:60)
	at io.vertx.core.impl.future.FutureImpl.tryComplete(FutureImpl.java:211)
	at io.vertx.core.impl.future.PromiseImpl.tryComplete(PromiseImpl.java:23)
	at io.vertx.core.Promise.complete(Promise.java:66)
	at com.nms.services.AuthService.lambda$validateToken$6(AuthService.java:197)
	at io.vertx.core.impl.future.FutureImpl$1.onSuccess(FutureImpl.java:91)
	at io.vertx.core.impl.future.FutureImpl$ListenerArray.onSuccess(FutureImpl.java:262)
	at io.vertx.core.impl.future.FutureBase.emitSuccess(FutureBase.java:60)
	at io.vertx.core.impl.future.FutureImpl.tryComplete(FutureImpl.java:211)
	at io.vertx.core.impl.future.PromiseImpl.tryComplete(PromiseImpl.java:23)
	at io.vertx.core.Promise.complete(Promise.java:66)
	at com.nms.services.DatabaseService.lambda$findUserById$6(DatabaseService.java:137)
	at io.vertx.core.impl.future.FutureImpl$1.onSuccess(FutureImpl.java:91)
	at io.vertx.core.impl.future.FutureImpl$ListenerArray.onSuccess(FutureImpl.java:262)
	at io.vertx.core.impl.future.FutureBase.emitSuccess(FutureBase.java:60)
	at io.vertx.core.impl.future.FutureImpl.tryComplete(FutureImpl.java:211)
	at io.vertx.core.impl.future.PromiseImpl.tryComplete(PromiseImpl.java:23)
	at io.vertx.sqlclient.impl.QueryResultBuilder.tryComplete(QueryResultBuilder.java:88)
	at io.vertx.sqlclient.impl.QueryResultBuilder.tryComplete(QueryResultBuilder.java:32)
	at io.vertx.core.Promise.complete(Promise.java:66)
	at io.vertx.core.Promise.handle(Promise.java:51)
	at io.vertx.core.Promise.handle(Promise.java:29)
	at io.vertx.core.impl.future.FutureImpl$3.onSuccess(FutureImpl.java:141)
	at io.vertx.core.impl.future.FutureBase.emitSuccess(FutureBase.java:60)
	at io.vertx.core.impl.future.FutureImpl.tryComplete(FutureImpl.java:211)
	at io.vertx.core.impl.future.Composition$1.onSuccess(Composition.java:62)
	at io.vertx.core.impl.future.FutureBase.emitSuccess(FutureBase.java:60)
	at io.vertx.core.impl.future.FutureImpl.tryComplete(FutureImpl.java:211)
	at io.vertx.core.impl.future.Transformation$1.onSuccess(Transformation.java:63)
	at io.vertx.core.impl.future.FutureBase.emitSuccess(FutureBase.java:60)
	at io.vertx.core.impl.future.FutureImpl.addListener(FutureImpl.java:196)
	at io.vertx.core.impl.future.PromiseImpl.addListener(PromiseImpl.java:23)
	at io.vertx.core.impl.future.Transformation.onSuccess(Transformation.java:44)
	at io.vertx.core.impl.future.FutureBase.lambda$emitSuccess$0(FutureBase.java:54)
	at io.netty.util.concurrent.AbstractEventExecutor.runTask(AbstractEventExecutor.java:173)
	at io.netty.util.concurrent.AbstractEventExecutor.safeExecute(AbstractEventExecutor.java:166)
	at io.netty.util.concurrent.SingleThreadEventExecutor.runAllTasks(SingleThreadEventExecutor.java:470)
	at io.netty.channel.nio.NioEventLoop.run(NioEventLoop.java:569)
	at io.netty.util.concurrent.SingleThreadEventExecutor$4.run(SingleThreadEventExecutor.java:997)
	at io.netty.util.internal.ThreadExecutorMap$2.run(ThreadExecutorMap.java:74)
	at io.netty.util.concurrent.FastThreadLocalRunnable.run(FastThreadLocalRunnable.java:30)
	at java.base/java.lang.Thread.run(Thread.java:1583)
2025-10-13 16:49:09.642 [vert.x-eventloop-thread-0] ERROR [235bfc73-a54f-4c86-90a6-7b48def3027e] com.nms.services.CredentialService - Error creating credential profile
java.lang.RuntimeException: Failed to encrypt data
	at com.nms.utils.EncryptionUtils.encrypt(EncryptionUtils.java:85)
	at com.nms.services.CredentialService.createCredentialProfile(CredentialService.java:62)
	at com.nms.handlers.CredentialHandler.handleCreateCredentialProfile(CredentialHandler.java:80)
	at io.vertx.ext.web.impl.RouteState.handleContext(RouteState.java:1286)
	at io.vertx.ext.web.impl.RoutingContextImplBase.iterateNext(RoutingContextImplBase.java:177)
	at io.vertx.ext.web.impl.RoutingContextWrapper.next(RoutingContextWrapper.java:200)
	at com.nms.middleware.AuthMiddleware.lambda$handle$0(AuthMiddleware.java:50)
	at io.vertx.core.impl.future.FutureImpl$1.onSuccess(FutureImpl.java:91)
	at io.vertx.core.impl.future.FutureImpl$ListenerArray.onSuccess(FutureImpl.java:262)
	at io.vertx.core.impl.future.FutureBase.emitSuccess(FutureBase.java:60)
	at io.vertx.core.impl.future.FutureImpl.tryComplete(FutureImpl.java:211)
	at io.vertx.core.impl.future.PromiseImpl.tryComplete(PromiseImpl.java:23)
	at io.vertx.core.Promise.complete(Promise.java:66)
	at com.nms.services.AuthService.lambda$validateToken$6(AuthService.java:197)
	at io.vertx.core.impl.future.FutureImpl$1.onSuccess(FutureImpl.java:91)
	at io.vertx.core.impl.future.FutureImpl$ListenerArray.onSuccess(FutureImpl.java:262)
	at io.vertx.core.impl.future.FutureBase.emitSuccess(FutureBase.java:60)
	at io.vertx.core.impl.future.FutureImpl.tryComplete(FutureImpl.java:211)
	at io.vertx.core.impl.future.PromiseImpl.tryComplete(PromiseImpl.java:23)
	at io.vertx.core.Promise.complete(Promise.java:66)
	at com.nms.services.DatabaseService.lambda$findUserById$6(DatabaseService.java:137)
	at io.vertx.core.impl.future.FutureImpl$1.onSuccess(FutureImpl.java:91)
	at io.vertx.core.impl.future.FutureImpl$ListenerArray.onSuccess(FutureImpl.java:262)
	at io.vertx.core.impl.future.FutureBase.emitSuccess(FutureBase.java:60)
	at io.vertx.core.impl.future.FutureImpl.tryComplete(FutureImpl.java:211)
	at io.vertx.core.impl.future.PromiseImpl.tryComplete(PromiseImpl.java:23)
	at io.vertx.sqlclient.impl.QueryResultBuilder.tryComplete(QueryResultBuilder.java:88)
	at io.vertx.sqlclient.impl.QueryResultBuilder.tryComplete(QueryResultBuilder.java:32)
	at io.vertx.core.Promise.complete(Promise.java:66)
	at io.vertx.core.Promise.handle(Promise.java:51)
	at io.vertx.core.Promise.handle(Promise.java:29)
	at io.vertx.core.impl.future.FutureImpl$3.onSuccess(FutureImpl.java:141)
	at io.vertx.core.impl.future.FutureBase.emitSuccess(FutureBase.java:60)
	at io.vertx.core.impl.future.FutureImpl.tryComplete(FutureImpl.java:211)
	at io.vertx.core.impl.future.Composition$1.onSuccess(Composition.java:62)
	at io.vertx.core.impl.future.FutureBase.emitSuccess(FutureBase.java:60)
	at io.vertx.core.impl.future.FutureImpl.tryComplete(FutureImpl.java:211)
	at io.vertx.core.impl.future.Transformation$1.onSuccess(Transformation.java:63)
	at io.vertx.core.impl.future.FutureBase.emitSuccess(FutureBase.java:60)
	at io.vertx.core.impl.future.FutureImpl.addListener(FutureImpl.java:196)
	at io.vertx.core.impl.future.PromiseImpl.addListener(PromiseImpl.java:23)
	at io.vertx.core.impl.future.Transformation.onSuccess(Transformation.java:44)
	at io.vertx.core.impl.future.FutureBase.lambda$emitSuccess$0(FutureBase.java:54)
	at io.netty.util.concurrent.AbstractEventExecutor.runTask(AbstractEventExecutor.java:173)
	at io.netty.util.concurrent.AbstractEventExecutor.safeExecute(AbstractEventExecutor.java:166)
	at io.netty.util.concurrent.SingleThreadEventExecutor.runAllTasks(SingleThreadEventExecutor.java:470)
	at io.netty.channel.nio.NioEventLoop.run(NioEventLoop.java:569)
	at io.netty.util.concurrent.SingleThreadEventExecutor$4.run(SingleThreadEventExecutor.java:997)
	at io.netty.util.internal.ThreadExecutorMap$2.run(ThreadExecutorMap.java:74)
	at io.netty.util.concurrent.FastThreadLocalRunnable.run(FastThreadLocalRunnable.java:30)
	at java.base/java.lang.Thread.run(Thread.java:1583)
Caused by: java.security.InvalidKeyException: Invalid AES key length: 43 bytes
	at java.base/com.sun.crypto.provider.AESCrypt.makeSessionKey(AESCrypt.java:1329)
	at java.base/com.sun.crypto.provider.AESCrypt.init(AESCrypt.java:1053)
	at java.base/com.sun.crypto.provider.GaloisCounterMode.init(GaloisCounterMode.java:178)
	at java.base/com.sun.crypto.provider.GaloisCounterMode.engineInit(GaloisCounterMode.java:304)
	at java.base/javax.crypto.Cipher.implInit(Cipher.java:876)
	at java.base/javax.crypto.Cipher.chooseProvider(Cipher.java:934)
	at java.base/javax.crypto.Cipher.init(Cipher.java:1466)
	at java.base/javax.crypto.Cipher.init(Cipher.java:1393)
	at com.nms.utils.EncryptionUtils.encrypt(EncryptionUtils.java:69)
	... 50 common frames omitted
2025-10-13 16:49:09.642 [vert.x-eventloop-thread-0] ERROR [235bfc73-a54f-4c86-90a6-7b48def3027e] com.nms.handlers.CredentialHandler - Failed to create credential profile
java.lang.RuntimeException: Failed to encrypt data
	at com.nms.utils.EncryptionUtils.encrypt(EncryptionUtils.java:85)
	at com.nms.services.CredentialService.createCredentialProfile(CredentialService.java:62)
	at com.nms.handlers.CredentialHandler.handleCreateCredentialProfile(CredentialHandler.java:80)
	at io.vertx.ext.web.impl.RouteState.handleContext(RouteState.java:1286)
	at io.vertx.ext.web.impl.RoutingContextImplBase.iterateNext(RoutingContextImplBase.java:177)
	at io.vertx.ext.web.impl.RoutingContextWrapper.next(RoutingContextWrapper.java:200)
	at com.nms.middleware.AuthMiddleware.lambda$handle$0(AuthMiddleware.java:50)
	at io.vertx.core.impl.future.FutureImpl$1.onSuccess(FutureImpl.java:91)
	at io.vertx.core.impl.future.FutureImpl$ListenerArray.onSuccess(FutureImpl.java:262)
	at io.vertx.core.impl.future.FutureBase.emitSuccess(FutureBase.java:60)
	at io.vertx.core.impl.future.FutureImpl.tryComplete(FutureImpl.java:211)
	at io.vertx.core.impl.future.PromiseImpl.tryComplete(PromiseImpl.java:23)
	at io.vertx.core.Promise.complete(Promise.java:66)
	at com.nms.services.AuthService.lambda$validateToken$6(AuthService.java:197)
	at io.vertx.core.impl.future.FutureImpl$1.onSuccess(FutureImpl.java:91)
	at io.vertx.core.impl.future.FutureImpl$ListenerArray.onSuccess(FutureImpl.java:262)
	at io.vertx.core.impl.future.FutureBase.emitSuccess(FutureBase.java:60)
	at io.vertx.core.impl.future.FutureImpl.tryComplete(FutureImpl.java:211)
	at io.vertx.core.impl.future.PromiseImpl.tryComplete(PromiseImpl.java:23)
	at io.vertx.core.Promise.complete(Promise.java:66)
	at com.nms.services.DatabaseService.lambda$findUserById$6(DatabaseService.java:137)
	at io.vertx.core.impl.future.FutureImpl$1.onSuccess(FutureImpl.java:91)
	at io.vertx.core.impl.future.FutureImpl$ListenerArray.onSuccess(FutureImpl.java:262)
	at io.vertx.core.impl.future.FutureBase.emitSuccess(FutureBase.java:60)
	at io.vertx.core.impl.future.FutureImpl.tryComplete(FutureImpl.java:211)
	at io.vertx.core.impl.future.PromiseImpl.tryComplete(PromiseImpl.java:23)
	at io.vertx.sqlclient.impl.QueryResultBuilder.tryComplete(QueryResultBuilder.java:88)
	at io.vertx.sqlclient.impl.QueryResultBuilder.tryComplete(QueryResultBuilder.java:32)
	at io.vertx.core.Promise.complete(Promise.java:66)
	at io.vertx.core.Promise.handle(Promise.java:51)
	at io.vertx.core.Promise.handle(Promise.java:29)
	at io.vertx.core.impl.future.FutureImpl$3.onSuccess(FutureImpl.java:141)
	at io.vertx.core.impl.future.FutureBase.emitSuccess(FutureBase.java:60)
	at io.vertx.core.impl.future.FutureImpl.tryComplete(FutureImpl.java:211)
	at io.vertx.core.impl.future.Composition$1.onSuccess(Composition.java:62)
	at io.vertx.core.impl.future.FutureBase.emitSuccess(FutureBase.java:60)
	at io.vertx.core.impl.future.FutureImpl.tryComplete(FutureImpl.java:211)
	at io.vertx.core.impl.future.Transformation$1.onSuccess(Transformation.java:63)
	at io.vertx.core.impl.future.FutureBase.emitSuccess(FutureBase.java:60)
	at io.vertx.core.impl.future.FutureImpl.addListener(FutureImpl.java:196)
	at io.vertx.core.impl.future.PromiseImpl.addListener(PromiseImpl.java:23)
	at io.vertx.core.impl.future.Transformation.onSuccess(Transformation.java:44)
	at io.vertx.core.impl.future.FutureBase.lambda$emitSuccess$0(FutureBase.java:54)
	at io.netty.util.concurrent.AbstractEventExecutor.runTask(AbstractEventExecutor.java:173)
	at io.netty.util.concurrent.AbstractEventExecutor.safeExecute(AbstractEventExecutor.java:166)
	at io.netty.util.concurrent.SingleThreadEventExecutor.runAllTasks(SingleThreadEventExecutor.java:470)
	at io.netty.channel.nio.NioEventLoop.run(NioEventLoop.java:569)
	at io.netty.util.concurrent.SingleThreadEventExecutor$4.run(SingleThreadEventExecutor.java:997)
	at io.netty.util.internal.ThreadExecutorMap$2.run(ThreadExecutorMap.java:74)
	at io.netty.util.concurrent.FastThreadLocalRunnable.run(FastThreadLocalRunnable.java:30)
	at java.base/java.lang.Thread.run(Thread.java:1583)
Caused by: java.security.InvalidKeyException: Invalid AES key length: 43 bytes
	at java.base/com.sun.crypto.provider.AESCrypt.makeSessionKey(AESCrypt.java:1329)
	at java.base/com.sun.crypto.provider.AESCrypt.init(AESCrypt.java:1053)
	at java.base/com.sun.crypto.provider.GaloisCounterMode.init(GaloisCounterMode.java:178)
	at java.base/com.sun.crypto.provider.GaloisCounterMode.engineInit(GaloisCounterMode.java:304)
	at java.base/javax.crypto.Cipher.implInit(Cipher.java:876)
	at java.base/javax.crypto.Cipher.chooseProvider(Cipher.java:934)
	at java.base/javax.crypto.Cipher.init(Cipher.java:1466)
	at java.base/javax.crypto.Cipher.init(Cipher.java:1393)
	at com.nms.utils.EncryptionUtils.encrypt(EncryptionUtils.java:69)
	... 50 common frames omitted
2025-10-13 16:49:09.643 [vert.x-eventloop-thread-0] WARN  [235bfc73-a54f-4c86-90a6-7b48def3027e] c.nms.middleware.LoggingMiddleware - POST /api/credentials - Status: 500 - Response time: 0ms - Correlation-ID: 235bfc73-a54f-4c86-90a6-7b48def3027e
2025-10-13 16:50:09.326 [vert.x-eventloop-thread-0] INFO  [cd307dce-bdda-4101-ae5f-3caaaa29489d] c.nms.middleware.LoggingMiddleware - POST /api/credentials from 0:0:0:0:0:0:0:1:33768 - User-Agent: PostmanRuntime/7.48.0 - Correlation-ID: cd307dce-bdda-4101-ae5f-3caaaa29489d
2025-10-13 16:50:09.327 [vert.x-eventloop-thread-0] DEBUG [cd307dce-bdda-4101-ae5f-3caaaa29489d] c.n.m.SecurityHeadersMiddleware - Security headers added to response
2025-10-13 16:50:09.337 [vert.x-eventloop-thread-0] DEBUG [cd307dce-bdda-4101-ae5f-3caaaa29489d] com.nms.middleware.AuthMiddleware - User admin authenticated successfully
2025-10-13 16:50:09.337 [vert.x-eventloop-thread-0] ERROR [cd307dce-bdda-4101-ae5f-3caaaa29489d] com.nms.utils.EncryptionUtils - Failed to encrypt data
java.security.InvalidKeyException: Invalid AES key length: 43 bytes
	at java.base/com.sun.crypto.provider.AESCrypt.makeSessionKey(AESCrypt.java:1329)
	at java.base/com.sun.crypto.provider.AESCrypt.init(AESCrypt.java:1053)
	at java.base/com.sun.crypto.provider.GaloisCounterMode.init(GaloisCounterMode.java:178)
	at java.base/com.sun.crypto.provider.GaloisCounterMode.engineInit(GaloisCounterMode.java:304)
	at java.base/javax.crypto.Cipher.implInit(Cipher.java:876)
	at java.base/javax.crypto.Cipher.chooseProvider(Cipher.java:934)
	at java.base/javax.crypto.Cipher.init(Cipher.java:1466)
	at java.base/javax.crypto.Cipher.init(Cipher.java:1393)
	at com.nms.utils.EncryptionUtils.encrypt(EncryptionUtils.java:69)
	at com.nms.services.CredentialService.createCredentialProfile(CredentialService.java:62)
	at com.nms.handlers.CredentialHandler.handleCreateCredentialProfile(CredentialHandler.java:80)
	at io.vertx.ext.web.impl.RouteState.handleContext(RouteState.java:1286)
	at io.vertx.ext.web.impl.RoutingContextImplBase.iterateNext(RoutingContextImplBase.java:177)
	at io.vertx.ext.web.impl.RoutingContextWrapper.next(RoutingContextWrapper.java:200)
	at com.nms.middleware.AuthMiddleware.lambda$handle$0(AuthMiddleware.java:50)
	at io.vertx.core.impl.future.FutureImpl$1.onSuccess(FutureImpl.java:91)
	at io.vertx.core.impl.future.FutureImpl$ListenerArray.onSuccess(FutureImpl.java:262)
	at io.vertx.core.impl.future.FutureBase.emitSuccess(FutureBase.java:60)
	at io.vertx.core.impl.future.FutureImpl.tryComplete(FutureImpl.java:211)
	at io.vertx.core.impl.future.PromiseImpl.tryComplete(PromiseImpl.java:23)
	at io.vertx.core.Promise.complete(Promise.java:66)
	at com.nms.services.AuthService.lambda$validateToken$6(AuthService.java:197)
	at io.vertx.core.impl.future.FutureImpl$1.onSuccess(FutureImpl.java:91)
	at io.vertx.core.impl.future.FutureImpl$ListenerArray.onSuccess(FutureImpl.java:262)
	at io.vertx.core.impl.future.FutureBase.emitSuccess(FutureBase.java:60)
	at io.vertx.core.impl.future.FutureImpl.tryComplete(FutureImpl.java:211)
	at io.vertx.core.impl.future.PromiseImpl.tryComplete(PromiseImpl.java:23)
	at io.vertx.core.Promise.complete(Promise.java:66)
	at com.nms.services.DatabaseService.lambda$findUserById$6(DatabaseService.java:137)
	at io.vertx.core.impl.future.FutureImpl$1.onSuccess(FutureImpl.java:91)
	at io.vertx.core.impl.future.FutureImpl$ListenerArray.onSuccess(FutureImpl.java:262)
	at io.vertx.core.impl.future.FutureBase.emitSuccess(FutureBase.java:60)
	at io.vertx.core.impl.future.FutureImpl.tryComplete(FutureImpl.java:211)
	at io.vertx.core.impl.future.PromiseImpl.tryComplete(PromiseImpl.java:23)
	at io.vertx.sqlclient.impl.QueryResultBuilder.tryComplete(QueryResultBuilder.java:88)
	at io.vertx.sqlclient.impl.QueryResultBuilder.tryComplete(QueryResultBuilder.java:32)
	at io.vertx.core.Promise.complete(Promise.java:66)
	at io.vertx.core.Promise.handle(Promise.java:51)
	at io.vertx.core.Promise.handle(Promise.java:29)
	at io.vertx.core.impl.future.FutureImpl$3.onSuccess(FutureImpl.java:141)
	at io.vertx.core.impl.future.FutureBase.emitSuccess(FutureBase.java:60)
	at io.vertx.core.impl.future.FutureImpl.tryComplete(FutureImpl.java:211)
	at io.vertx.core.impl.future.Composition$1.onSuccess(Composition.java:62)
	at io.vertx.core.impl.future.FutureBase.emitSuccess(FutureBase.java:60)
	at io.vertx.core.impl.future.FutureImpl.tryComplete(FutureImpl.java:211)
	at io.vertx.core.impl.future.Transformation$1.onSuccess(Transformation.java:63)
	at io.vertx.core.impl.future.FutureBase.emitSuccess(FutureBase.java:60)
	at io.vertx.core.impl.future.FutureImpl.addListener(FutureImpl.java:196)
	at io.vertx.core.impl.future.PromiseImpl.addListener(PromiseImpl.java:23)
	at io.vertx.core.impl.future.Transformation.onSuccess(Transformation.java:44)
	at io.vertx.core.impl.future.FutureBase.lambda$emitSuccess$0(FutureBase.java:54)
	at io.netty.util.concurrent.AbstractEventExecutor.runTask(AbstractEventExecutor.java:173)
	at io.netty.util.concurrent.AbstractEventExecutor.safeExecute(AbstractEventExecutor.java:166)
	at io.netty.util.concurrent.SingleThreadEventExecutor.runAllTasks(SingleThreadEventExecutor.java:470)
	at io.netty.channel.nio.NioEventLoop.run(NioEventLoop.java:569)
	at io.netty.util.concurrent.SingleThreadEventExecutor$4.run(SingleThreadEventExecutor.java:997)
	at io.netty.util.internal.ThreadExecutorMap$2.run(ThreadExecutorMap.java:74)
	at io.netty.util.concurrent.FastThreadLocalRunnable.run(FastThreadLocalRunnable.java:30)
	at java.base/java.lang.Thread.run(Thread.java:1583)
2025-10-13 16:50:09.338 [vert.x-eventloop-thread-0] ERROR [cd307dce-bdda-4101-ae5f-3caaaa29489d] com.nms.services.CredentialService - Error creating credential profile
java.lang.RuntimeException: Failed to encrypt data
	at com.nms.utils.EncryptionUtils.encrypt(EncryptionUtils.java:85)
	at com.nms.services.CredentialService.createCredentialProfile(CredentialService.java:62)
	at com.nms.handlers.CredentialHandler.handleCreateCredentialProfile(CredentialHandler.java:80)
	at io.vertx.ext.web.impl.RouteState.handleContext(RouteState.java:1286)
	at io.vertx.ext.web.impl.RoutingContextImplBase.iterateNext(RoutingContextImplBase.java:177)
	at io.vertx.ext.web.impl.RoutingContextWrapper.next(RoutingContextWrapper.java:200)
	at com.nms.middleware.AuthMiddleware.lambda$handle$0(AuthMiddleware.java:50)
	at io.vertx.core.impl.future.FutureImpl$1.onSuccess(FutureImpl.java:91)
	at io.vertx.core.impl.future.FutureImpl$ListenerArray.onSuccess(FutureImpl.java:262)
	at io.vertx.core.impl.future.FutureBase.emitSuccess(FutureBase.java:60)
	at io.vertx.core.impl.future.FutureImpl.tryComplete(FutureImpl.java:211)
	at io.vertx.core.impl.future.PromiseImpl.tryComplete(PromiseImpl.java:23)
	at io.vertx.core.Promise.complete(Promise.java:66)
	at com.nms.services.AuthService.lambda$validateToken$6(AuthService.java:197)
	at io.vertx.core.impl.future.FutureImpl$1.onSuccess(FutureImpl.java:91)
	at io.vertx.core.impl.future.FutureImpl$ListenerArray.onSuccess(FutureImpl.java:262)
	at io.vertx.core.impl.future.FutureBase.emitSuccess(FutureBase.java:60)
	at io.vertx.core.impl.future.FutureImpl.tryComplete(FutureImpl.java:211)
	at io.vertx.core.impl.future.PromiseImpl.tryComplete(PromiseImpl.java:23)
	at io.vertx.core.Promise.complete(Promise.java:66)
	at com.nms.services.DatabaseService.lambda$findUserById$6(DatabaseService.java:137)
	at io.vertx.core.impl.future.FutureImpl$1.onSuccess(FutureImpl.java:91)
	at io.vertx.core.impl.future.FutureImpl$ListenerArray.onSuccess(FutureImpl.java:262)
	at io.vertx.core.impl.future.FutureBase.emitSuccess(FutureBase.java:60)
	at io.vertx.core.impl.future.FutureImpl.tryComplete(FutureImpl.java:211)
	at io.vertx.core.impl.future.PromiseImpl.tryComplete(PromiseImpl.java:23)
	at io.vertx.sqlclient.impl.QueryResultBuilder.tryComplete(QueryResultBuilder.java:88)
	at io.vertx.sqlclient.impl.QueryResultBuilder.tryComplete(QueryResultBuilder.java:32)
	at io.vertx.core.Promise.complete(Promise.java:66)
	at io.vertx.core.Promise.handle(Promise.java:51)
	at io.vertx.core.Promise.handle(Promise.java:29)
	at io.vertx.core.impl.future.FutureImpl$3.onSuccess(FutureImpl.java:141)
	at io.vertx.core.impl.future.FutureBase.emitSuccess(FutureBase.java:60)
	at io.vertx.core.impl.future.FutureImpl.tryComplete(FutureImpl.java:211)
	at io.vertx.core.impl.future.Composition$1.onSuccess(Composition.java:62)
	at io.vertx.core.impl.future.FutureBase.emitSuccess(FutureBase.java:60)
	at io.vertx.core.impl.future.FutureImpl.tryComplete(FutureImpl.java:211)
	at io.vertx.core.impl.future.Transformation$1.onSuccess(Transformation.java:63)
	at io.vertx.core.impl.future.FutureBase.emitSuccess(FutureBase.java:60)
	at io.vertx.core.impl.future.FutureImpl.addListener(FutureImpl.java:196)
	at io.vertx.core.impl.future.PromiseImpl.addListener(PromiseImpl.java:23)
	at io.vertx.core.impl.future.Transformation.onSuccess(Transformation.java:44)
	at io.vertx.core.impl.future.FutureBase.lambda$emitSuccess$0(FutureBase.java:54)
	at io.netty.util.concurrent.AbstractEventExecutor.runTask(AbstractEventExecutor.java:173)
	at io.netty.util.concurrent.AbstractEventExecutor.safeExecute(AbstractEventExecutor.java:166)
	at io.netty.util.concurrent.SingleThreadEventExecutor.runAllTasks(SingleThreadEventExecutor.java:470)
	at io.netty.channel.nio.NioEventLoop.run(NioEventLoop.java:569)
	at io.netty.util.concurrent.SingleThreadEventExecutor$4.run(SingleThreadEventExecutor.java:997)
	at io.netty.util.internal.ThreadExecutorMap$2.run(ThreadExecutorMap.java:74)
	at io.netty.util.concurrent.FastThreadLocalRunnable.run(FastThreadLocalRunnable.java:30)
	at java.base/java.lang.Thread.run(Thread.java:1583)
Caused by: java.security.InvalidKeyException: Invalid AES key length: 43 bytes
	at java.base/com.sun.crypto.provider.AESCrypt.makeSessionKey(AESCrypt.java:1329)
	at java.base/com.sun.crypto.provider.AESCrypt.init(AESCrypt.java:1053)
	at java.base/com.sun.crypto.provider.GaloisCounterMode.init(GaloisCounterMode.java:178)
	at java.base/com.sun.crypto.provider.GaloisCounterMode.engineInit(GaloisCounterMode.java:304)
	at java.base/javax.crypto.Cipher.implInit(Cipher.java:876)
	at java.base/javax.crypto.Cipher.chooseProvider(Cipher.java:934)
	at java.base/javax.crypto.Cipher.init(Cipher.java:1466)
	at java.base/javax.crypto.Cipher.init(Cipher.java:1393)
	at com.nms.utils.EncryptionUtils.encrypt(EncryptionUtils.java:69)
	... 50 common frames omitted
2025-10-13 16:50:09.338 [vert.x-eventloop-thread-0] ERROR [cd307dce-bdda-4101-ae5f-3caaaa29489d] com.nms.handlers.CredentialHandler - Failed to create credential profile
java.lang.RuntimeException: Failed to encrypt data
	at com.nms.utils.EncryptionUtils.encrypt(EncryptionUtils.java:85)
	at com.nms.services.CredentialService.createCredentialProfile(CredentialService.java:62)
	at com.nms.handlers.CredentialHandler.handleCreateCredentialProfile(CredentialHandler.java:80)
	at io.vertx.ext.web.impl.RouteState.handleContext(RouteState.java:1286)
	at io.vertx.ext.web.impl.RoutingContextImplBase.iterateNext(RoutingContextImplBase.java:177)
	at io.vertx.ext.web.impl.RoutingContextWrapper.next(RoutingContextWrapper.java:200)
	at com.nms.middleware.AuthMiddleware.lambda$handle$0(AuthMiddleware.java:50)
	at io.vertx.core.impl.future.FutureImpl$1.onSuccess(FutureImpl.java:91)
	at io.vertx.core.impl.future.FutureImpl$ListenerArray.onSuccess(FutureImpl.java:262)
	at io.vertx.core.impl.future.FutureBase.emitSuccess(FutureBase.java:60)
	at io.vertx.core.impl.future.FutureImpl.tryComplete(FutureImpl.java:211)
	at io.vertx.core.impl.future.PromiseImpl.tryComplete(PromiseImpl.java:23)
	at io.vertx.core.Promise.complete(Promise.java:66)
	at com.nms.services.AuthService.lambda$validateToken$6(AuthService.java:197)
	at io.vertx.core.impl.future.FutureImpl$1.onSuccess(FutureImpl.java:91)
	at io.vertx.core.impl.future.FutureImpl$ListenerArray.onSuccess(FutureImpl.java:262)
	at io.vertx.core.impl.future.FutureBase.emitSuccess(FutureBase.java:60)
	at io.vertx.core.impl.future.FutureImpl.tryComplete(FutureImpl.java:211)
	at io.vertx.core.impl.future.PromiseImpl.tryComplete(PromiseImpl.java:23)
	at io.vertx.core.Promise.complete(Promise.java:66)
	at com.nms.services.DatabaseService.lambda$findUserById$6(DatabaseService.java:137)
	at io.vertx.core.impl.future.FutureImpl$1.onSuccess(FutureImpl.java:91)
	at io.vertx.core.impl.future.FutureImpl$ListenerArray.onSuccess(FutureImpl.java:262)
	at io.vertx.core.impl.future.FutureBase.emitSuccess(FutureBase.java:60)
	at io.vertx.core.impl.future.FutureImpl.tryComplete(FutureImpl.java:211)
	at io.vertx.core.impl.future.PromiseImpl.tryComplete(PromiseImpl.java:23)
	at io.vertx.sqlclient.impl.QueryResultBuilder.tryComplete(QueryResultBuilder.java:88)
	at io.vertx.sqlclient.impl.QueryResultBuilder.tryComplete(QueryResultBuilder.java:32)
	at io.vertx.core.Promise.complete(Promise.java:66)
	at io.vertx.core.Promise.handle(Promise.java:51)
	at io.vertx.core.Promise.handle(Promise.java:29)
	at io.vertx.core.impl.future.FutureImpl$3.onSuccess(FutureImpl.java:141)
	at io.vertx.core.impl.future.FutureBase.emitSuccess(FutureBase.java:60)
	at io.vertx.core.impl.future.FutureImpl.tryComplete(FutureImpl.java:211)
	at io.vertx.core.impl.future.Composition$1.onSuccess(Composition.java:62)
	at io.vertx.core.impl.future.FutureBase.emitSuccess(FutureBase.java:60)
	at io.vertx.core.impl.future.FutureImpl.tryComplete(FutureImpl.java:211)
	at io.vertx.core.impl.future.Transformation$1.onSuccess(Transformation.java:63)
	at io.vertx.core.impl.future.FutureBase.emitSuccess(FutureBase.java:60)
	at io.vertx.core.impl.future.FutureImpl.addListener(FutureImpl.java:196)
	at io.vertx.core.impl.future.PromiseImpl.addListener(PromiseImpl.java:23)
	at io.vertx.core.impl.future.Transformation.onSuccess(Transformation.java:44)
	at io.vertx.core.impl.future.FutureBase.lambda$emitSuccess$0(FutureBase.java:54)
	at io.netty.util.concurrent.AbstractEventExecutor.runTask(AbstractEventExecutor.java:173)
	at io.netty.util.concurrent.AbstractEventExecutor.safeExecute(AbstractEventExecutor.java:166)
	at io.netty.util.concurrent.SingleThreadEventExecutor.runAllTasks(SingleThreadEventExecutor.java:470)
	at io.netty.channel.nio.NioEventLoop.run(NioEventLoop.java:569)
	at io.netty.util.concurrent.SingleThreadEventExecutor$4.run(SingleThreadEventExecutor.java:997)
	at io.netty.util.internal.ThreadExecutorMap$2.run(ThreadExecutorMap.java:74)
	at io.netty.util.concurrent.FastThreadLocalRunnable.run(FastThreadLocalRunnable.java:30)
	at java.base/java.lang.Thread.run(Thread.java:1583)
Caused by: java.security.InvalidKeyException: Invalid AES key length: 43 bytes
	at java.base/com.sun.crypto.provider.AESCrypt.makeSessionKey(AESCrypt.java:1329)
	at java.base/com.sun.crypto.provider.AESCrypt.init(AESCrypt.java:1053)
	at java.base/com.sun.crypto.provider.GaloisCounterMode.init(GaloisCounterMode.java:178)
	at java.base/com.sun.crypto.provider.GaloisCounterMode.engineInit(GaloisCounterMode.java:304)
	at java.base/javax.crypto.Cipher.implInit(Cipher.java:876)
	at java.base/javax.crypto.Cipher.chooseProvider(Cipher.java:934)
	at java.base/javax.crypto.Cipher.init(Cipher.java:1466)
	at java.base/javax.crypto.Cipher.init(Cipher.java:1393)
	at com.nms.utils.EncryptionUtils.encrypt(EncryptionUtils.java:69)
	... 50 common frames omitted
2025-10-13 16:50:09.339 [vert.x-eventloop-thread-0] WARN  [cd307dce-bdda-4101-ae5f-3caaaa29489d] c.nms.middleware.LoggingMiddleware - POST /api/credentials - Status: 500 - Response time: 0ms - Correlation-ID: cd307dce-bdda-4101-ae5f-3caaaa29489d
2025-10-13 16:50:26.847 [vert.x-eventloop-thread-0] INFO  [f30dbebb-5eef-43e2-9934-487be9d0d47a] c.nms.middleware.LoggingMiddleware - POST /api/credentials from 0:0:0:0:0:0:0:1:33768 - User-Agent: PostmanRuntime/7.48.0 - Correlation-ID: f30dbebb-5eef-43e2-9934-487be9d0d47a
2025-10-13 16:50:26.847 [vert.x-eventloop-thread-0] DEBUG [f30dbebb-5eef-43e2-9934-487be9d0d47a] c.n.m.SecurityHeadersMiddleware - Security headers added to response
2025-10-13 16:50:26.854 [vert.x-eventloop-thread-0] DEBUG [f30dbebb-5eef-43e2-9934-487be9d0d47a] com.nms.middleware.AuthMiddleware - User admin authenticated successfully
2025-10-13 16:50:26.854 [vert.x-eventloop-thread-0] ERROR [f30dbebb-5eef-43e2-9934-487be9d0d47a] com.nms.utils.EncryptionUtils - Failed to encrypt data
java.security.InvalidKeyException: Invalid AES key length: 43 bytes
	at java.base/com.sun.crypto.provider.AESCrypt.makeSessionKey(AESCrypt.java:1329)
	at java.base/com.sun.crypto.provider.AESCrypt.init(AESCrypt.java:1053)
	at java.base/com.sun.crypto.provider.GaloisCounterMode.init(GaloisCounterMode.java:178)
	at java.base/com.sun.crypto.provider.GaloisCounterMode.engineInit(GaloisCounterMode.java:304)
	at java.base/javax.crypto.Cipher.implInit(Cipher.java:876)
	at java.base/javax.crypto.Cipher.chooseProvider(Cipher.java:934)
	at java.base/javax.crypto.Cipher.init(Cipher.java:1466)
	at java.base/javax.crypto.Cipher.init(Cipher.java:1393)
	at com.nms.utils.EncryptionUtils.encrypt(EncryptionUtils.java:69)
	at com.nms.services.CredentialService.createCredentialProfile(CredentialService.java:62)
	at com.nms.handlers.CredentialHandler.handleCreateCredentialProfile(CredentialHandler.java:80)
	at io.vertx.ext.web.impl.RouteState.handleContext(RouteState.java:1286)
	at io.vertx.ext.web.impl.RoutingContextImplBase.iterateNext(RoutingContextImplBase.java:177)
	at io.vertx.ext.web.impl.RoutingContextWrapper.next(RoutingContextWrapper.java:200)
	at com.nms.middleware.AuthMiddleware.lambda$handle$0(AuthMiddleware.java:50)
	at io.vertx.core.impl.future.FutureImpl$1.onSuccess(FutureImpl.java:91)
	at io.vertx.core.impl.future.FutureImpl$ListenerArray.onSuccess(FutureImpl.java:262)
	at io.vertx.core.impl.future.FutureBase.emitSuccess(FutureBase.java:60)
	at io.vertx.core.impl.future.FutureImpl.tryComplete(FutureImpl.java:211)
	at io.vertx.core.impl.future.PromiseImpl.tryComplete(PromiseImpl.java:23)
	at io.vertx.core.Promise.complete(Promise.java:66)
	at com.nms.services.AuthService.lambda$validateToken$6(AuthService.java:197)
	at io.vertx.core.impl.future.FutureImpl$1.onSuccess(FutureImpl.java:91)
	at io.vertx.core.impl.future.FutureImpl$ListenerArray.onSuccess(FutureImpl.java:262)
	at io.vertx.core.impl.future.FutureBase.emitSuccess(FutureBase.java:60)
	at io.vertx.core.impl.future.FutureImpl.tryComplete(FutureImpl.java:211)
	at io.vertx.core.impl.future.PromiseImpl.tryComplete(PromiseImpl.java:23)
	at io.vertx.core.Promise.complete(Promise.java:66)
	at com.nms.services.DatabaseService.lambda$findUserById$6(DatabaseService.java:137)
	at io.vertx.core.impl.future.FutureImpl$1.onSuccess(FutureImpl.java:91)
	at io.vertx.core.impl.future.FutureImpl$ListenerArray.onSuccess(FutureImpl.java:262)
	at io.vertx.core.impl.future.FutureBase.emitSuccess(FutureBase.java:60)
	at io.vertx.core.impl.future.FutureImpl.tryComplete(FutureImpl.java:211)
	at io.vertx.core.impl.future.PromiseImpl.tryComplete(PromiseImpl.java:23)
	at io.vertx.sqlclient.impl.QueryResultBuilder.tryComplete(QueryResultBuilder.java:88)
	at io.vertx.sqlclient.impl.QueryResultBuilder.tryComplete(QueryResultBuilder.java:32)
	at io.vertx.core.Promise.complete(Promise.java:66)
	at io.vertx.core.Promise.handle(Promise.java:51)
	at io.vertx.core.Promise.handle(Promise.java:29)
	at io.vertx.core.impl.future.FutureImpl$3.onSuccess(FutureImpl.java:141)
	at io.vertx.core.impl.future.FutureBase.emitSuccess(FutureBase.java:60)
	at io.vertx.core.impl.future.FutureImpl.tryComplete(FutureImpl.java:211)
	at io.vertx.core.impl.future.Composition$1.onSuccess(Composition.java:62)
	at io.vertx.core.impl.future.FutureBase.emitSuccess(FutureBase.java:60)
	at io.vertx.core.impl.future.FutureImpl.tryComplete(FutureImpl.java:211)
	at io.vertx.core.impl.future.Transformation$1.onSuccess(Transformation.java:63)
	at io.vertx.core.impl.future.FutureBase.emitSuccess(FutureBase.java:60)
	at io.vertx.core.impl.future.FutureImpl.addListener(FutureImpl.java:196)
	at io.vertx.core.impl.future.PromiseImpl.addListener(PromiseImpl.java:23)
	at io.vertx.core.impl.future.Transformation.onSuccess(Transformation.java:44)
	at io.vertx.core.impl.future.FutureBase.lambda$emitSuccess$0(FutureBase.java:54)
	at io.netty.util.concurrent.AbstractEventExecutor.runTask(AbstractEventExecutor.java:173)
	at io.netty.util.concurrent.AbstractEventExecutor.safeExecute(AbstractEventExecutor.java:166)
	at io.netty.util.concurrent.SingleThreadEventExecutor.runAllTasks(SingleThreadEventExecutor.java:470)
	at io.netty.channel.nio.NioEventLoop.run(NioEventLoop.java:569)
	at io.netty.util.concurrent.SingleThreadEventExecutor$4.run(SingleThreadEventExecutor.java:997)
	at io.netty.util.internal.ThreadExecutorMap$2.run(ThreadExecutorMap.java:74)
	at io.netty.util.concurrent.FastThreadLocalRunnable.run(FastThreadLocalRunnable.java:30)
	at java.base/java.lang.Thread.run(Thread.java:1583)
2025-10-13 16:50:26.854 [vert.x-eventloop-thread-0] ERROR [f30dbebb-5eef-43e2-9934-487be9d0d47a] com.nms.services.CredentialService - Error creating credential profile
java.lang.RuntimeException: Failed to encrypt data
	at com.nms.utils.EncryptionUtils.encrypt(EncryptionUtils.java:85)
	at com.nms.services.CredentialService.createCredentialProfile(CredentialService.java:62)
	at com.nms.handlers.CredentialHandler.handleCreateCredentialProfile(CredentialHandler.java:80)
	at io.vertx.ext.web.impl.RouteState.handleContext(RouteState.java:1286)
	at io.vertx.ext.web.impl.RoutingContextImplBase.iterateNext(RoutingContextImplBase.java:177)
	at io.vertx.ext.web.impl.RoutingContextWrapper.next(RoutingContextWrapper.java:200)
	at com.nms.middleware.AuthMiddleware.lambda$handle$0(AuthMiddleware.java:50)
	at io.vertx.core.impl.future.FutureImpl$1.onSuccess(FutureImpl.java:91)
	at io.vertx.core.impl.future.FutureImpl$ListenerArray.onSuccess(FutureImpl.java:262)
	at io.vertx.core.impl.future.FutureBase.emitSuccess(FutureBase.java:60)
	at io.vertx.core.impl.future.FutureImpl.tryComplete(FutureImpl.java:211)
	at io.vertx.core.impl.future.PromiseImpl.tryComplete(PromiseImpl.java:23)
	at io.vertx.core.Promise.complete(Promise.java:66)
	at com.nms.services.AuthService.lambda$validateToken$6(AuthService.java:197)
	at io.vertx.core.impl.future.FutureImpl$1.onSuccess(FutureImpl.java:91)
	at io.vertx.core.impl.future.FutureImpl$ListenerArray.onSuccess(FutureImpl.java:262)
	at io.vertx.core.impl.future.FutureBase.emitSuccess(FutureBase.java:60)
	at io.vertx.core.impl.future.FutureImpl.tryComplete(FutureImpl.java:211)
	at io.vertx.core.impl.future.PromiseImpl.tryComplete(PromiseImpl.java:23)
	at io.vertx.core.Promise.complete(Promise.java:66)
	at com.nms.services.DatabaseService.lambda$findUserById$6(DatabaseService.java:137)
	at io.vertx.core.impl.future.FutureImpl$1.onSuccess(FutureImpl.java:91)
	at io.vertx.core.impl.future.FutureImpl$ListenerArray.onSuccess(FutureImpl.java:262)
	at io.vertx.core.impl.future.FutureBase.emitSuccess(FutureBase.java:60)
	at io.vertx.core.impl.future.FutureImpl.tryComplete(FutureImpl.java:211)
	at io.vertx.core.impl.future.PromiseImpl.tryComplete(PromiseImpl.java:23)
	at io.vertx.sqlclient.impl.QueryResultBuilder.tryComplete(QueryResultBuilder.java:88)
	at io.vertx.sqlclient.impl.QueryResultBuilder.tryComplete(QueryResultBuilder.java:32)
	at io.vertx.core.Promise.complete(Promise.java:66)
	at io.vertx.core.Promise.handle(Promise.java:51)
	at io.vertx.core.Promise.handle(Promise.java:29)
	at io.vertx.core.impl.future.FutureImpl$3.onSuccess(FutureImpl.java:141)
	at io.vertx.core.impl.future.FutureBase.emitSuccess(FutureBase.java:60)
	at io.vertx.core.impl.future.FutureImpl.tryComplete(FutureImpl.java:211)
	at io.vertx.core.impl.future.Composition$1.onSuccess(Composition.java:62)
	at io.vertx.core.impl.future.FutureBase.emitSuccess(FutureBase.java:60)
	at io.vertx.core.impl.future.FutureImpl.tryComplete(FutureImpl.java:211)
	at io.vertx.core.impl.future.Transformation$1.onSuccess(Transformation.java:63)
	at io.vertx.core.impl.future.FutureBase.emitSuccess(FutureBase.java:60)
	at io.vertx.core.impl.future.FutureImpl.addListener(FutureImpl.java:196)
	at io.vertx.core.impl.future.PromiseImpl.addListener(PromiseImpl.java:23)
	at io.vertx.core.impl.future.Transformation.onSuccess(Transformation.java:44)
	at io.vertx.core.impl.future.FutureBase.lambda$emitSuccess$0(FutureBase.java:54)
	at io.netty.util.concurrent.AbstractEventExecutor.runTask(AbstractEventExecutor.java:173)
	at io.netty.util.concurrent.AbstractEventExecutor.safeExecute(AbstractEventExecutor.java:166)
	at io.netty.util.concurrent.SingleThreadEventExecutor.runAllTasks(SingleThreadEventExecutor.java:470)
	at io.netty.channel.nio.NioEventLoop.run(NioEventLoop.java:569)
	at io.netty.util.concurrent.SingleThreadEventExecutor$4.run(SingleThreadEventExecutor.java:997)
	at io.netty.util.internal.ThreadExecutorMap$2.run(ThreadExecutorMap.java:74)
	at io.netty.util.concurrent.FastThreadLocalRunnable.run(FastThreadLocalRunnable.java:30)
	at java.base/java.lang.Thread.run(Thread.java:1583)
Caused by: java.security.InvalidKeyException: Invalid AES key length: 43 bytes
	at java.base/com.sun.crypto.provider.AESCrypt.makeSessionKey(AESCrypt.java:1329)
	at java.base/com.sun.crypto.provider.AESCrypt.init(AESCrypt.java:1053)
	at java.base/com.sun.crypto.provider.GaloisCounterMode.init(GaloisCounterMode.java:178)
	at java.base/com.sun.crypto.provider.GaloisCounterMode.engineInit(GaloisCounterMode.java:304)
	at java.base/javax.crypto.Cipher.implInit(Cipher.java:876)
	at java.base/javax.crypto.Cipher.chooseProvider(Cipher.java:934)
	at java.base/javax.crypto.Cipher.init(Cipher.java:1466)
	at java.base/javax.crypto.Cipher.init(Cipher.java:1393)
	at com.nms.utils.EncryptionUtils.encrypt(EncryptionUtils.java:69)
	... 50 common frames omitted
2025-10-13 16:50:26.855 [vert.x-eventloop-thread-0] ERROR [f30dbebb-5eef-43e2-9934-487be9d0d47a] com.nms.handlers.CredentialHandler - Failed to create credential profile
java.lang.RuntimeException: Failed to encrypt data
	at com.nms.utils.EncryptionUtils.encrypt(EncryptionUtils.java:85)
	at com.nms.services.CredentialService.createCredentialProfile(CredentialService.java:62)
	at com.nms.handlers.CredentialHandler.handleCreateCredentialProfile(CredentialHandler.java:80)
	at io.vertx.ext.web.impl.RouteState.handleContext(RouteState.java:1286)
	at io.vertx.ext.web.impl.RoutingContextImplBase.iterateNext(RoutingContextImplBase.java:177)
	at io.vertx.ext.web.impl.RoutingContextWrapper.next(RoutingContextWrapper.java:200)
	at com.nms.middleware.AuthMiddleware.lambda$handle$0(AuthMiddleware.java:50)
	at io.vertx.core.impl.future.FutureImpl$1.onSuccess(FutureImpl.java:91)
	at io.vertx.core.impl.future.FutureImpl$ListenerArray.onSuccess(FutureImpl.java:262)
	at io.vertx.core.impl.future.FutureBase.emitSuccess(FutureBase.java:60)
	at io.vertx.core.impl.future.FutureImpl.tryComplete(FutureImpl.java:211)
	at io.vertx.core.impl.future.PromiseImpl.tryComplete(PromiseImpl.java:23)
	at io.vertx.core.Promise.complete(Promise.java:66)
	at com.nms.services.AuthService.lambda$validateToken$6(AuthService.java:197)
	at io.vertx.core.impl.future.FutureImpl$1.onSuccess(FutureImpl.java:91)
	at io.vertx.core.impl.future.FutureImpl$ListenerArray.onSuccess(FutureImpl.java:262)
	at io.vertx.core.impl.future.FutureBase.emitSuccess(FutureBase.java:60)
	at io.vertx.core.impl.future.FutureImpl.tryComplete(FutureImpl.java:211)
	at io.vertx.core.impl.future.PromiseImpl.tryComplete(PromiseImpl.java:23)
	at io.vertx.core.Promise.complete(Promise.java:66)
	at com.nms.services.DatabaseService.lambda$findUserById$6(DatabaseService.java:137)
	at io.vertx.core.impl.future.FutureImpl$1.onSuccess(FutureImpl.java:91)
	at io.vertx.core.impl.future.FutureImpl$ListenerArray.onSuccess(FutureImpl.java:262)
	at io.vertx.core.impl.future.FutureBase.emitSuccess(FutureBase.java:60)
	at io.vertx.core.impl.future.FutureImpl.tryComplete(FutureImpl.java:211)
	at io.vertx.core.impl.future.PromiseImpl.tryComplete(PromiseImpl.java:23)
	at io.vertx.sqlclient.impl.QueryResultBuilder.tryComplete(QueryResultBuilder.java:88)
	at io.vertx.sqlclient.impl.QueryResultBuilder.tryComplete(QueryResultBuilder.java:32)
	at io.vertx.core.Promise.complete(Promise.java:66)
	at io.vertx.core.Promise.handle(Promise.java:51)
	at io.vertx.core.Promise.handle(Promise.java:29)
	at io.vertx.core.impl.future.FutureImpl$3.onSuccess(FutureImpl.java:141)
	at io.vertx.core.impl.future.FutureBase.emitSuccess(FutureBase.java:60)
	at io.vertx.core.impl.future.FutureImpl.tryComplete(FutureImpl.java:211)
	at io.vertx.core.impl.future.Composition$1.onSuccess(Composition.java:62)
	at io.vertx.core.impl.future.FutureBase.emitSuccess(FutureBase.java:60)
	at io.vertx.core.impl.future.FutureImpl.tryComplete(FutureImpl.java:211)
	at io.vertx.core.impl.future.Transformation$1.onSuccess(Transformation.java:63)
	at io.vertx.core.impl.future.FutureBase.emitSuccess(FutureBase.java:60)
	at io.vertx.core.impl.future.FutureImpl.addListener(FutureImpl.java:196)
	at io.vertx.core.impl.future.PromiseImpl.addListener(PromiseImpl.java:23)
	at io.vertx.core.impl.future.Transformation.onSuccess(Transformation.java:44)
	at io.vertx.core.impl.future.FutureBase.lambda$emitSuccess$0(FutureBase.java:54)
	at io.netty.util.concurrent.AbstractEventExecutor.runTask(AbstractEventExecutor.java:173)
	at io.netty.util.concurrent.AbstractEventExecutor.safeExecute(AbstractEventExecutor.java:166)
	at io.netty.util.concurrent.SingleThreadEventExecutor.runAllTasks(SingleThreadEventExecutor.java:470)
	at io.netty.channel.nio.NioEventLoop.run(NioEventLoop.java:569)
	at io.netty.util.concurrent.SingleThreadEventExecutor$4.run(SingleThreadEventExecutor.java:997)
	at io.netty.util.internal.ThreadExecutorMap$2.run(ThreadExecutorMap.java:74)
	at io.netty.util.concurrent.FastThreadLocalRunnable.run(FastThreadLocalRunnable.java:30)
	at java.base/java.lang.Thread.run(Thread.java:1583)
Caused by: java.security.InvalidKeyException: Invalid AES key length: 43 bytes
	at java.base/com.sun.crypto.provider.AESCrypt.makeSessionKey(AESCrypt.java:1329)
	at java.base/com.sun.crypto.provider.AESCrypt.init(AESCrypt.java:1053)
	at java.base/com.sun.crypto.provider.GaloisCounterMode.init(GaloisCounterMode.java:178)
	at java.base/com.sun.crypto.provider.GaloisCounterMode.engineInit(GaloisCounterMode.java:304)
	at java.base/javax.crypto.Cipher.implInit(Cipher.java:876)
	at java.base/javax.crypto.Cipher.chooseProvider(Cipher.java:934)
	at java.base/javax.crypto.Cipher.init(Cipher.java:1466)
	at java.base/javax.crypto.Cipher.init(Cipher.java:1393)
	at com.nms.utils.EncryptionUtils.encrypt(EncryptionUtils.java:69)
	... 50 common frames omitted
2025-10-13 16:50:26.855 [vert.x-eventloop-thread-0] WARN  [f30dbebb-5eef-43e2-9934-487be9d0d47a] c.nms.middleware.LoggingMiddleware - POST /api/credentials - Status: 500 - Response time: 0ms - Correlation-ID: f30dbebb-5eef-43e2-9934-487be9d0d47a
