2025-10-07 14:47:53.227 [main] INFO  [] com.nms.Main - Starting NMS Lite Backend Application...
2025-10-07 14:48:18.779 [main] INFO  [] com.nms.Main - Starting NMS Lite Backend Application...
2025-10-07 14:48:43.412 [main] INFO  [] com.nms.Main - Starting NMS Lite Backend Application...
2025-10-07 14:49:02.637 [main] INFO  [] com.nms.Main - Starting NMS Lite Backend Application...
2025-10-07 14:49:02.777 [vert.x-eventloop-thread-0] INFO  [] com.nms.Main - Starting NMS Lite Backend Service...
2025-10-07 14:49:02.938 [vert.x-eventloop-thread-0] INFO  [] com.nms.Main - Configuration loaded successfully
2025-10-07 14:49:02.960 [vert.x-eventloop-thread-0] ERROR [] com.nms.Main - Failed to start NMS Lite Backend Service
java.lang.IllegalArgumentException: Trust options must be specified under verify-full or verify-ca sslmode
	at io.vertx.pgclient.impl.PgConnectionFactory.checkSslMode(PgConnectionFactory.java:65)
	at io.vertx.pgclient.impl.PgConnectionFactory.doConnectInternal(PgConnectionFactory.java:75)
	at io.vertx.sqlclient.impl.ConnectionFactoryBase.doConnectWithRetry(ConnectionFactoryBase.java:100)
	at io.vertx.sqlclient.impl.ConnectionFactoryBase.lambda$connect$0(ConnectionFactoryBase.java:84)
	at io.vertx.core.impl.EventLoopContext.emit(EventLoopContext.java:55)
	at io.vertx.core.impl.ContextBase.emit(ContextBase.java:297)
	at io.vertx.sqlclient.impl.ConnectionFactoryBase.connect(ConnectionFactoryBase.java:84)
	at io.vertx.pgclient.impl.PgConnectionFactory.connect(PgConnectionFactory.java:159)
	at io.vertx.sqlclient.spi.ConnectionFactory.lambda$connect$1(ConnectionFactory.java:26)
	at io.vertx.core.impl.future.Composition.onSuccess(Composition.java:38)
	at io.vertx.core.impl.future.FutureBase.lambda$emitSuccess$0(FutureBase.java:54)
	at io.netty.util.concurrent.AbstractEventExecutor.runTask(AbstractEventExecutor.java:173)
	at io.netty.util.concurrent.AbstractEventExecutor.safeExecute(AbstractEventExecutor.java:166)
	at io.netty.util.concurrent.SingleThreadEventExecutor.runAllTasks(SingleThreadEventExecutor.java:470)
	at io.netty.channel.nio.NioEventLoop.run(NioEventLoop.java:569)
	at io.netty.util.concurrent.SingleThreadEventExecutor$4.run(SingleThreadEventExecutor.java:997)
	at io.netty.util.internal.ThreadExecutorMap$2.run(ThreadExecutorMap.java:74)
	at io.netty.util.concurrent.FastThreadLocalRunnable.run(FastThreadLocalRunnable.java:30)
	at java.base/java.lang.Thread.run(Thread.java:1583)
2025-10-07 14:49:02.966 [vert.x-eventloop-thread-2] ERROR [] com.nms.Main - Failed to deploy Main verticle
java.lang.IllegalArgumentException: Trust options must be specified under verify-full or verify-ca sslmode
	at io.vertx.pgclient.impl.PgConnectionFactory.checkSslMode(PgConnectionFactory.java:65)
	at io.vertx.pgclient.impl.PgConnectionFactory.doConnectInternal(PgConnectionFactory.java:75)
	at io.vertx.sqlclient.impl.ConnectionFactoryBase.doConnectWithRetry(ConnectionFactoryBase.java:100)
	at io.vertx.sqlclient.impl.ConnectionFactoryBase.lambda$connect$0(ConnectionFactoryBase.java:84)
	at io.vertx.core.impl.EventLoopContext.emit(EventLoopContext.java:55)
	at io.vertx.core.impl.ContextBase.emit(ContextBase.java:297)
	at io.vertx.sqlclient.impl.ConnectionFactoryBase.connect(ConnectionFactoryBase.java:84)
	at io.vertx.pgclient.impl.PgConnectionFactory.connect(PgConnectionFactory.java:159)
	at io.vertx.sqlclient.spi.ConnectionFactory.lambda$connect$1(ConnectionFactory.java:26)
	at io.vertx.core.impl.future.Composition.onSuccess(Composition.java:38)
	at io.vertx.core.impl.future.FutureBase.lambda$emitSuccess$0(FutureBase.java:54)
	at io.netty.util.concurrent.AbstractEventExecutor.runTask(AbstractEventExecutor.java:173)
	at io.netty.util.concurrent.AbstractEventExecutor.safeExecute(AbstractEventExecutor.java:166)
	at io.netty.util.concurrent.SingleThreadEventExecutor.runAllTasks(SingleThreadEventExecutor.java:470)
	at io.netty.channel.nio.NioEventLoop.run(NioEventLoop.java:569)
	at io.netty.util.concurrent.SingleThreadEventExecutor$4.run(SingleThreadEventExecutor.java:997)
	at io.netty.util.internal.ThreadExecutorMap$2.run(ThreadExecutorMap.java:74)
	at io.netty.util.concurrent.FastThreadLocalRunnable.run(FastThreadLocalRunnable.java:30)
	at java.base/java.lang.Thread.run(Thread.java:1583)
2025-10-07 14:49:27.648 [main] INFO  [] com.nms.Main - Starting NMS Lite Backend Application...
2025-10-07 14:49:27.782 [vert.x-eventloop-thread-0] INFO  [] com.nms.Main - Starting NMS Lite Backend Service...
2025-10-07 14:49:27.932 [vert.x-eventloop-thread-0] INFO  [] com.nms.Main - Configuration loaded successfully
2025-10-07 14:49:27.951 [vert.x-eventloop-thread-0] ERROR [] com.nms.Main - Failed to start NMS Lite Backend Service
java.lang.IllegalArgumentException: Trust options must be specified under verify-full or verify-ca sslmode
	at io.vertx.pgclient.impl.PgConnectionFactory.checkSslMode(PgConnectionFactory.java:65)
	at io.vertx.pgclient.impl.PgConnectionFactory.doConnectInternal(PgConnectionFactory.java:75)
	at io.vertx.sqlclient.impl.ConnectionFactoryBase.doConnectWithRetry(ConnectionFactoryBase.java:100)
	at io.vertx.sqlclient.impl.ConnectionFactoryBase.lambda$connect$0(ConnectionFactoryBase.java:84)
	at io.vertx.core.impl.EventLoopContext.emit(EventLoopContext.java:55)
	at io.vertx.core.impl.ContextBase.emit(ContextBase.java:297)
	at io.vertx.sqlclient.impl.ConnectionFactoryBase.connect(ConnectionFactoryBase.java:84)
	at io.vertx.pgclient.impl.PgConnectionFactory.connect(PgConnectionFactory.java:159)
	at io.vertx.sqlclient.spi.ConnectionFactory.lambda$connect$1(ConnectionFactory.java:26)
	at io.vertx.core.impl.future.Composition.onSuccess(Composition.java:38)
	at io.vertx.core.impl.future.FutureBase.lambda$emitSuccess$0(FutureBase.java:54)
	at io.netty.util.concurrent.AbstractEventExecutor.runTask(AbstractEventExecutor.java:173)
	at io.netty.util.concurrent.AbstractEventExecutor.safeExecute(AbstractEventExecutor.java:166)
	at io.netty.util.concurrent.SingleThreadEventExecutor.runAllTasks(SingleThreadEventExecutor.java:470)
	at io.netty.channel.nio.NioEventLoop.run(NioEventLoop.java:569)
	at io.netty.util.concurrent.SingleThreadEventExecutor$4.run(SingleThreadEventExecutor.java:997)
	at io.netty.util.internal.ThreadExecutorMap$2.run(ThreadExecutorMap.java:74)
	at io.netty.util.concurrent.FastThreadLocalRunnable.run(FastThreadLocalRunnable.java:30)
	at java.base/java.lang.Thread.run(Thread.java:1583)
2025-10-07 14:49:27.958 [vert.x-eventloop-thread-2] ERROR [] com.nms.Main - Failed to deploy Main verticle
java.lang.IllegalArgumentException: Trust options must be specified under verify-full or verify-ca sslmode
	at io.vertx.pgclient.impl.PgConnectionFactory.checkSslMode(PgConnectionFactory.java:65)
	at io.vertx.pgclient.impl.PgConnectionFactory.doConnectInternal(PgConnectionFactory.java:75)
	at io.vertx.sqlclient.impl.ConnectionFactoryBase.doConnectWithRetry(ConnectionFactoryBase.java:100)
	at io.vertx.sqlclient.impl.ConnectionFactoryBase.lambda$connect$0(ConnectionFactoryBase.java:84)
	at io.vertx.core.impl.EventLoopContext.emit(EventLoopContext.java:55)
	at io.vertx.core.impl.ContextBase.emit(ContextBase.java:297)
	at io.vertx.sqlclient.impl.ConnectionFactoryBase.connect(ConnectionFactoryBase.java:84)
	at io.vertx.pgclient.impl.PgConnectionFactory.connect(PgConnectionFactory.java:159)
	at io.vertx.sqlclient.spi.ConnectionFactory.lambda$connect$1(ConnectionFactory.java:26)
	at io.vertx.core.impl.future.Composition.onSuccess(Composition.java:38)
	at io.vertx.core.impl.future.FutureBase.lambda$emitSuccess$0(FutureBase.java:54)
	at io.netty.util.concurrent.AbstractEventExecutor.runTask(AbstractEventExecutor.java:173)
	at io.netty.util.concurrent.AbstractEventExecutor.safeExecute(AbstractEventExecutor.java:166)
	at io.netty.util.concurrent.SingleThreadEventExecutor.runAllTasks(SingleThreadEventExecutor.java:470)
	at io.netty.channel.nio.NioEventLoop.run(NioEventLoop.java:569)
	at io.netty.util.concurrent.SingleThreadEventExecutor$4.run(SingleThreadEventExecutor.java:997)
	at io.netty.util.internal.ThreadExecutorMap$2.run(ThreadExecutorMap.java:74)
	at io.netty.util.concurrent.FastThreadLocalRunnable.run(FastThreadLocalRunnable.java:30)
	at java.base/java.lang.Thread.run(Thread.java:1583)
2025-10-07 14:49:54.948 [main] INFO  [] com.nms.Main - Starting NMS Lite Backend Application...
2025-10-07 14:49:55.076 [vert.x-eventloop-thread-0] INFO  [] com.nms.Main - Starting NMS Lite Backend Service...
2025-10-07 14:49:55.246 [vert.x-eventloop-thread-0] INFO  [] com.nms.Main - Configuration loaded successfully
2025-10-07 14:49:55.271 [vert.x-eventloop-thread-0] ERROR [] com.nms.Main - Failed to start NMS Lite Backend Service
java.lang.IllegalArgumentException: Trust options must be specified under verify-full or verify-ca sslmode
	at io.vertx.pgclient.impl.PgConnectionFactory.checkSslMode(PgConnectionFactory.java:65)
	at io.vertx.pgclient.impl.PgConnectionFactory.doConnectInternal(PgConnectionFactory.java:75)
	at io.vertx.sqlclient.impl.ConnectionFactoryBase.doConnectWithRetry(ConnectionFactoryBase.java:100)
	at io.vertx.sqlclient.impl.ConnectionFactoryBase.lambda$connect$0(ConnectionFactoryBase.java:84)
	at io.vertx.core.impl.EventLoopContext.emit(EventLoopContext.java:55)
	at io.vertx.core.impl.ContextBase.emit(ContextBase.java:297)
	at io.vertx.sqlclient.impl.ConnectionFactoryBase.connect(ConnectionFactoryBase.java:84)
	at io.vertx.pgclient.impl.PgConnectionFactory.connect(PgConnectionFactory.java:159)
	at io.vertx.sqlclient.spi.ConnectionFactory.lambda$connect$1(ConnectionFactory.java:26)
	at io.vertx.core.impl.future.Composition.onSuccess(Composition.java:38)
	at io.vertx.core.impl.future.FutureBase.lambda$emitSuccess$0(FutureBase.java:54)
	at io.netty.util.concurrent.AbstractEventExecutor.runTask(AbstractEventExecutor.java:173)
	at io.netty.util.concurrent.AbstractEventExecutor.safeExecute(AbstractEventExecutor.java:166)
	at io.netty.util.concurrent.SingleThreadEventExecutor.runAllTasks(SingleThreadEventExecutor.java:470)
	at io.netty.channel.nio.NioEventLoop.run(NioEventLoop.java:569)
	at io.netty.util.concurrent.SingleThreadEventExecutor$4.run(SingleThreadEventExecutor.java:997)
	at io.netty.util.internal.ThreadExecutorMap$2.run(ThreadExecutorMap.java:74)
	at io.netty.util.concurrent.FastThreadLocalRunnable.run(FastThreadLocalRunnable.java:30)
	at java.base/java.lang.Thread.run(Thread.java:1583)
2025-10-07 14:49:55.279 [vert.x-eventloop-thread-2] ERROR [] com.nms.Main - Failed to deploy Main verticle
java.lang.IllegalArgumentException: Trust options must be specified under verify-full or verify-ca sslmode
	at io.vertx.pgclient.impl.PgConnectionFactory.checkSslMode(PgConnectionFactory.java:65)
	at io.vertx.pgclient.impl.PgConnectionFactory.doConnectInternal(PgConnectionFactory.java:75)
	at io.vertx.sqlclient.impl.ConnectionFactoryBase.doConnectWithRetry(ConnectionFactoryBase.java:100)
	at io.vertx.sqlclient.impl.ConnectionFactoryBase.lambda$connect$0(ConnectionFactoryBase.java:84)
	at io.vertx.core.impl.EventLoopContext.emit(EventLoopContext.java:55)
	at io.vertx.core.impl.ContextBase.emit(ContextBase.java:297)
	at io.vertx.sqlclient.impl.ConnectionFactoryBase.connect(ConnectionFactoryBase.java:84)
	at io.vertx.pgclient.impl.PgConnectionFactory.connect(PgConnectionFactory.java:159)
	at io.vertx.sqlclient.spi.ConnectionFactory.lambda$connect$1(ConnectionFactory.java:26)
	at io.vertx.core.impl.future.Composition.onSuccess(Composition.java:38)
	at io.vertx.core.impl.future.FutureBase.lambda$emitSuccess$0(FutureBase.java:54)
	at io.netty.util.concurrent.AbstractEventExecutor.runTask(AbstractEventExecutor.java:173)
	at io.netty.util.concurrent.AbstractEventExecutor.safeExecute(AbstractEventExecutor.java:166)
	at io.netty.util.concurrent.SingleThreadEventExecutor.runAllTasks(SingleThreadEventExecutor.java:470)
	at io.netty.channel.nio.NioEventLoop.run(NioEventLoop.java:569)
	at io.netty.util.concurrent.SingleThreadEventExecutor$4.run(SingleThreadEventExecutor.java:997)
	at io.netty.util.internal.ThreadExecutorMap$2.run(ThreadExecutorMap.java:74)
	at io.netty.util.concurrent.FastThreadLocalRunnable.run(FastThreadLocalRunnable.java:30)
	at java.base/java.lang.Thread.run(Thread.java:1583)
2025-10-07 14:50:21.779 [main] INFO  [] com.nms.Main - Starting NMS Lite Backend Application...
2025-10-07 14:50:21.908 [vert.x-eventloop-thread-0] INFO  [] com.nms.Main - Starting NMS Lite Backend Service...
2025-10-07 14:50:22.069 [vert.x-eventloop-thread-0] INFO  [] com.nms.Main - Configuration loaded successfully
2025-10-07 14:50:22.179 [vert.x-eventloop-thread-0] ERROR [] com.nms.Main - Failed to start NMS Lite Backend Service
java.lang.NoClassDefFoundError: com/ongres/scram/common/stringprep/StringPreparation
	at io.vertx.pgclient.impl.codec.InitCommandCodec.handleAuthenticationSasl(InitCommandCodec.java:60)
	at io.vertx.pgclient.impl.codec.PgDecoder.decodeAuthentication(PgDecoder.java:366)
	at io.vertx.pgclient.impl.codec.PgDecoder.decodeMessage(PgDecoder.java:140)
	at io.vertx.pgclient.impl.codec.PgDecoder.channelRead(PgDecoder.java:112)
	at io.netty.channel.CombinedChannelDuplexHandler.channelRead(CombinedChannelDuplexHandler.java:251)
	at io.netty.channel.AbstractChannelHandlerContext.invokeChannelRead(AbstractChannelHandlerContext.java:442)
	at io.netty.channel.AbstractChannelHandlerContext.invokeChannelRead(AbstractChannelHandlerContext.java:420)
	at io.netty.channel.AbstractChannelHandlerContext.fireChannelRead(AbstractChannelHandlerContext.java:412)
	at io.netty.handler.timeout.IdleStateHandler.channelRead(IdleStateHandler.java:286)
	at io.netty.channel.AbstractChannelHandlerContext.invokeChannelRead(AbstractChannelHandlerContext.java:442)
	at io.netty.channel.AbstractChannelHandlerContext.invokeChannelRead(AbstractChannelHandlerContext.java:420)
	at io.netty.channel.AbstractChannelHandlerContext.fireChannelRead(AbstractChannelHandlerContext.java:412)
	at io.netty.channel.DefaultChannelPipeline$HeadContext.channelRead(DefaultChannelPipeline.java:1410)
	at io.netty.channel.AbstractChannelHandlerContext.invokeChannelRead(AbstractChannelHandlerContext.java:440)
	at io.netty.channel.AbstractChannelHandlerContext.invokeChannelRead(AbstractChannelHandlerContext.java:420)
	at io.netty.channel.DefaultChannelPipeline.fireChannelRead(DefaultChannelPipeline.java:919)
	at io.netty.channel.nio.AbstractNioByteChannel$NioByteUnsafe.read(AbstractNioByteChannel.java:166)
	at io.netty.channel.nio.NioEventLoop.processSelectedKey(NioEventLoop.java:788)
	at io.netty.channel.nio.NioEventLoop.processSelectedKeysOptimized(NioEventLoop.java:724)
	at io.netty.channel.nio.NioEventLoop.processSelectedKeys(NioEventLoop.java:650)
	at io.netty.channel.nio.NioEventLoop.run(NioEventLoop.java:562)
	at io.netty.util.concurrent.SingleThreadEventExecutor$4.run(SingleThreadEventExecutor.java:997)
	at io.netty.util.internal.ThreadExecutorMap$2.run(ThreadExecutorMap.java:74)
	at io.netty.util.concurrent.FastThreadLocalRunnable.run(FastThreadLocalRunnable.java:30)
	at java.base/java.lang.Thread.run(Thread.java:1583)
Caused by: java.lang.ClassNotFoundException: com.ongres.scram.common.stringprep.StringPreparation
	at java.base/jdk.internal.loader.BuiltinClassLoader.loadClass(BuiltinClassLoader.java:641)
	at java.base/jdk.internal.loader.ClassLoaders$AppClassLoader.loadClass(ClassLoaders.java:188)
	at java.base/java.lang.ClassLoader.loadClass(ClassLoader.java:526)
	... 25 common frames omitted
2025-10-07 14:50:22.188 [vert.x-eventloop-thread-2] ERROR [] com.nms.Main - Failed to deploy Main verticle
java.lang.NoClassDefFoundError: com/ongres/scram/common/stringprep/StringPreparation
	at io.vertx.pgclient.impl.codec.InitCommandCodec.handleAuthenticationSasl(InitCommandCodec.java:60)
	at io.vertx.pgclient.impl.codec.PgDecoder.decodeAuthentication(PgDecoder.java:366)
	at io.vertx.pgclient.impl.codec.PgDecoder.decodeMessage(PgDecoder.java:140)
	at io.vertx.pgclient.impl.codec.PgDecoder.channelRead(PgDecoder.java:112)
	at io.netty.channel.CombinedChannelDuplexHandler.channelRead(CombinedChannelDuplexHandler.java:251)
	at io.netty.channel.AbstractChannelHandlerContext.invokeChannelRead(AbstractChannelHandlerContext.java:442)
	at io.netty.channel.AbstractChannelHandlerContext.invokeChannelRead(AbstractChannelHandlerContext.java:420)
	at io.netty.channel.AbstractChannelHandlerContext.fireChannelRead(AbstractChannelHandlerContext.java:412)
	at io.netty.handler.timeout.IdleStateHandler.channelRead(IdleStateHandler.java:286)
	at io.netty.channel.AbstractChannelHandlerContext.invokeChannelRead(AbstractChannelHandlerContext.java:442)
	at io.netty.channel.AbstractChannelHandlerContext.invokeChannelRead(AbstractChannelHandlerContext.java:420)
	at io.netty.channel.AbstractChannelHandlerContext.fireChannelRead(AbstractChannelHandlerContext.java:412)
	at io.netty.channel.DefaultChannelPipeline$HeadContext.channelRead(DefaultChannelPipeline.java:1410)
	at io.netty.channel.AbstractChannelHandlerContext.invokeChannelRead(AbstractChannelHandlerContext.java:440)
	at io.netty.channel.AbstractChannelHandlerContext.invokeChannelRead(AbstractChannelHandlerContext.java:420)
	at io.netty.channel.DefaultChannelPipeline.fireChannelRead(DefaultChannelPipeline.java:919)
	at io.netty.channel.nio.AbstractNioByteChannel$NioByteUnsafe.read(AbstractNioByteChannel.java:166)
	at io.netty.channel.nio.NioEventLoop.processSelectedKey(NioEventLoop.java:788)
	at io.netty.channel.nio.NioEventLoop.processSelectedKeysOptimized(NioEventLoop.java:724)
	at io.netty.channel.nio.NioEventLoop.processSelectedKeys(NioEventLoop.java:650)
	at io.netty.channel.nio.NioEventLoop.run(NioEventLoop.java:562)
	at io.netty.util.concurrent.SingleThreadEventExecutor$4.run(SingleThreadEventExecutor.java:997)
	at io.netty.util.internal.ThreadExecutorMap$2.run(ThreadExecutorMap.java:74)
	at io.netty.util.concurrent.FastThreadLocalRunnable.run(FastThreadLocalRunnable.java:30)
	at java.base/java.lang.Thread.run(Thread.java:1583)
Caused by: java.lang.ClassNotFoundException: com.ongres.scram.common.stringprep.StringPreparation
	at java.base/jdk.internal.loader.BuiltinClassLoader.loadClass(BuiltinClassLoader.java:641)
	at java.base/jdk.internal.loader.ClassLoaders$AppClassLoader.loadClass(ClassLoaders.java:188)
	at java.base/java.lang.ClassLoader.loadClass(ClassLoader.java:526)
	... 25 common frames omitted
2025-10-07 14:50:44.685 [main] INFO  [] com.nms.Main - Starting NMS Lite Backend Application...
2025-10-07 14:50:44.817 [vert.x-eventloop-thread-0] INFO  [] com.nms.Main - Starting NMS Lite Backend Service...
2025-10-07 14:50:44.972 [vert.x-eventloop-thread-0] INFO  [] com.nms.Main - Configuration loaded successfully
2025-10-07 14:50:45.185 [vert.x-eventloop-thread-0] INFO  [] com.nms.Main - Database connection established successfully
2025-10-07 14:50:45.227 [vert.x-eventloop-thread-0] INFO  [] com.nms.Main - HTTP server started on 0.0.0.0:8080
2025-10-07 14:50:45.228 [vert.x-eventloop-thread-0] INFO  [] com.nms.Main - NMS Lite Backend Service started successfully on port: 8080
2025-10-07 14:50:45.229 [vert.x-eventloop-thread-2] INFO  [] com.nms.Main - Main verticle deployed successfully with ID: 29c5261a-e757-463d-b4ab-31c81abddfab
2025-10-07 14:51:14.158 [main] INFO  [] com.nms.Main - Starting NMS Lite Backend Application...
2025-10-07 14:51:14.296 [vert.x-eventloop-thread-0] INFO  [] com.nms.Main - Starting NMS Lite Backend Service...
2025-10-07 14:51:14.447 [vert.x-eventloop-thread-0] INFO  [] com.nms.Main - Configuration loaded successfully
2025-10-07 14:51:14.642 [vert.x-eventloop-thread-0] INFO  [] com.nms.Main - Database connection established successfully
2025-10-07 14:51:14.677 [vert.x-eventloop-thread-0] INFO  [] com.nms.Main - HTTP server started on 0.0.0.0:8080
2025-10-07 14:51:14.678 [vert.x-eventloop-thread-0] INFO  [] com.nms.Main - NMS Lite Backend Service started successfully on port: 8080
2025-10-07 14:51:14.679 [vert.x-eventloop-thread-2] INFO  [] com.nms.Main - Main verticle deployed successfully with ID: b5ef4053-1074-405e-b3dd-6a8d4710963a
2025-10-07 14:51:31.389 [vert.x-eventloop-thread-0] INFO  [dba8a0fc-6d6c-402c-90d4-09aa02a34a4c] c.nms.middleware.LoggingMiddleware - GET /health from 0:0:0:0:0:0:0:1:40334 - User-Agent: curl/8.5.0 - Correlation-ID: dba8a0fc-6d6c-402c-90d4-09aa02a34a4c
2025-10-07 14:51:31.390 [vert.x-eventloop-thread-0] DEBUG [dba8a0fc-6d6c-402c-90d4-09aa02a34a4c] c.n.m.SecurityHeadersMiddleware - Security headers added to response
2025-10-07 14:51:31.408 [vert.x-eventloop-thread-0] DEBUG [dba8a0fc-6d6c-402c-90d4-09aa02a34a4c] com.nms.services.DatabaseService - Database connection test successful
2025-10-07 14:51:31.411 [vert.x-eventloop-thread-0] INFO  [dba8a0fc-6d6c-402c-90d4-09aa02a34a4c] c.nms.middleware.LoggingMiddleware - GET /health - Status: 200 - Response time: 0ms - Correlation-ID: dba8a0fc-6d6c-402c-90d4-09aa02a34a4c
2025-10-07 14:51:37.043 [vert.x-eventloop-thread-0] INFO  [edf72017-ce85-4915-bfdc-d3d95557b3f6] c.nms.middleware.LoggingMiddleware - GET /ready from 0:0:0:0:0:0:0:1:40346 - User-Agent: curl/8.5.0 - Correlation-ID: edf72017-ce85-4915-bfdc-d3d95557b3f6
2025-10-07 14:51:37.043 [vert.x-eventloop-thread-0] DEBUG [edf72017-ce85-4915-bfdc-d3d95557b3f6] c.n.m.SecurityHeadersMiddleware - Security headers added to response
2025-10-07 14:51:37.053 [vert.x-eventloop-thread-0] DEBUG [edf72017-ce85-4915-bfdc-d3d95557b3f6] com.nms.services.DatabaseService - Database connection test successful
2025-10-07 14:51:37.054 [vert.x-eventloop-thread-0] INFO  [edf72017-ce85-4915-bfdc-d3d95557b3f6] c.nms.middleware.LoggingMiddleware - GET /ready - Status: 200 - Response time: 0ms - Correlation-ID: edf72017-ce85-4915-bfdc-d3d95557b3f6
2025-10-07 14:51:37.061 [vert.x-eventloop-thread-0] INFO  [14fbd807-b0ff-4900-a54e-e61662d53604] c.nms.middleware.LoggingMiddleware - GET /live from 0:0:0:0:0:0:0:1:40352 - User-Agent: curl/8.5.0 - Correlation-ID: 14fbd807-b0ff-4900-a54e-e61662d53604
2025-10-07 14:51:37.062 [vert.x-eventloop-thread-0] DEBUG [14fbd807-b0ff-4900-a54e-e61662d53604] c.n.m.SecurityHeadersMiddleware - Security headers added to response
2025-10-07 14:51:37.062 [vert.x-eventloop-thread-0] INFO  [14fbd807-b0ff-4900-a54e-e61662d53604] c.nms.middleware.LoggingMiddleware - GET /live - Status: 200 - Response time: 0ms - Correlation-ID: 14fbd807-b0ff-4900-a54e-e61662d53604
2025-10-07 14:53:20.030 [vert.x-eventloop-thread-0] INFO  [8f4707f6-99e0-43e7-b861-04d473cf263e] c.nms.middleware.LoggingMiddleware - GET /health from 127.0.0.1:56814 - User-Agent: Mozilla/5.0 (X11; Ubuntu; Linux x86_64; rv:143.0) Gecko/20100101 Firefox/143.0 - Correlation-ID: 8f4707f6-99e0-43e7-b861-04d473cf263e
2025-10-07 14:53:20.030 [vert.x-eventloop-thread-0] DEBUG [8f4707f6-99e0-43e7-b861-04d473cf263e] c.n.m.SecurityHeadersMiddleware - Security headers added to response
2025-10-07 14:53:20.045 [vert.x-eventloop-thread-0] DEBUG [8f4707f6-99e0-43e7-b861-04d473cf263e] com.nms.services.DatabaseService - Database connection test successful
2025-10-07 14:53:20.046 [vert.x-eventloop-thread-0] INFO  [8f4707f6-99e0-43e7-b861-04d473cf263e] c.nms.middleware.LoggingMiddleware - GET /health - Status: 200 - Response time: 0ms - Correlation-ID: 8f4707f6-99e0-43e7-b861-04d473cf263e
2025-10-07 14:53:20.147 [vert.x-eventloop-thread-0] INFO  [b4adf1f5-6bec-4d9d-9bb9-904cf2b032e7] c.nms.middleware.LoggingMiddleware - GET /favicon.ico from 127.0.0.1:56824 - User-Agent: Mozilla/5.0 (X11; Ubuntu; Linux x86_64; rv:143.0) Gecko/20100101 Firefox/143.0 - Correlation-ID: b4adf1f5-6bec-4d9d-9bb9-904cf2b032e7
2025-10-07 14:53:20.150 [vert.x-eventloop-thread-0] DEBUG [b4adf1f5-6bec-4d9d-9bb9-904cf2b032e7] c.n.m.SecurityHeadersMiddleware - Security headers added to response
2025-10-07 14:53:20.153 [vert.x-eventloop-thread-0] WARN  [b4adf1f5-6bec-4d9d-9bb9-904cf2b032e7] c.nms.middleware.LoggingMiddleware - GET /favicon.ico - Status: 404 - Response time: 0ms - Correlation-ID: b4adf1f5-6bec-4d9d-9bb9-904cf2b032e7
