2025-11-06 11:25:39.375 [vert.x-eventloop-thread-0] ERROR [] com.nms.services.DiscoveryService - Error storing discovered device helpin-lakkad-ThinkPad-T14s-Gen-1: ERROR: null value in column "ip_address" of relation "devices" violates not-null constraint (23502) | ip_address='10.20.41.6' os_info_len=900
io.vertx.pgclient.PgException: ERROR: null value in column "ip_address" of relation "devices" violates not-null constraint (23502)
2025-11-06 11:38:13.695 [vert.x-eventloop-thread-0] ERROR [] com.nms.services.DiscoveryService - Error storing discovered device helpin-lakkad-ThinkPad-T14s-Gen-1: ERROR: null value in column "ip_address" of relation "devices" violates not-null constraint (23502) | ip_address='10.20.41.6' os_info_len=899
io.vertx.pgclient.PgException: ERROR: null value in column "ip_address" of relation "devices" violates not-null constraint (23502)
2025-11-06 11:44:50.908 [vert.x-eventloop-thread-0] ERROR [] com.nms.services.DiscoveryService - Error storing discovered device helpin-lakkad-ThinkPad-T14s-Gen-1: ERROR: null value in column "ip_address" of relation "devices" violates not-null constraint (23502) | ip_address='10.20.41.6' os_info_len=899
io.vertx.pgclient.PgException: ERROR: null value in column "ip_address" of relation "devices" violates not-null constraint (23502)
2025-11-06 11:46:09.346 [vert.x-eventloop-thread-0] ERROR [] com.nms.services.DiscoveryService - Error storing discovered device helpin-lakkad-ThinkPad-T14s-Gen-1: ERROR: null value in column "ip_address" of relation "devices" violates not-null constraint (23502) | ip_address='10.20.41.6' os_info_len=899
io.vertx.pgclient.PgException: ERROR: null value in column "ip_address" of relation "devices" violates not-null constraint (23502)
2025-11-06 12:06:49.096 [vert.x-eventloop-thread-0] ERROR [] com.nms.services.DiscoveryService - Error storing discovered device helpin-lakkad-ThinkPad-T14s-Gen-1: ERROR: null value in column "ip_address" of relation "devices" violates not-null constraint (23502) | ip_address='10.20.41.6' os_info_len=899
io.vertx.pgclient.PgException: ERROR: null value in column "ip_address" of relation "devices" violates not-null constraint (23502)
2025-11-06 12:46:56.670 [vert.x-eventloop-thread-0] ERROR [] com.nms.Main - Failed to start NMS Lite Backend Service
java.net.BindException: Address already in use
	at java.base/sun.nio.ch.Net.bind0(Native Method)
	at java.base/sun.nio.ch.Net.bind(Net.java:565)
	at java.base/sun.nio.ch.ServerSocketChannelImpl.netBind(ServerSocketChannelImpl.java:344)
	at java.base/sun.nio.ch.ServerSocketChannelImpl.bind(ServerSocketChannelImpl.java:301)
	at io.netty.channel.socket.nio.NioServerSocketChannel.doBind(NioServerSocketChannel.java:141)
	at io.netty.channel.AbstractChannel$AbstractUnsafe.bind(AbstractChannel.java:562)
	at io.netty.channel.DefaultChannelPipeline$HeadContext.bind(DefaultChannelPipeline.java:1334)
	at io.netty.channel.AbstractChannelHandlerContext.invokeBind(AbstractChannelHandlerContext.java:600)
	at io.netty.channel.AbstractChannelHandlerContext.bind(AbstractChannelHandlerContext.java:579)
	at io.netty.channel.DefaultChannelPipeline.bind(DefaultChannelPipeline.java:973)
	at io.netty.channel.AbstractChannel.bind(AbstractChannel.java:260)
	at io.netty.bootstrap.AbstractBootstrap$2.run(AbstractBootstrap.java:356)
	at io.netty.util.concurrent.AbstractEventExecutor.runTask(AbstractEventExecutor.java:173)
	at io.netty.util.concurrent.AbstractEventExecutor.safeExecute(AbstractEventExecutor.java:166)
	at io.netty.util.concurrent.SingleThreadEventExecutor.runAllTasksFrom(SingleThreadEventExecutor.java:426)
	at io.netty.util.concurrent.SingleThreadEventExecutor.runAllTasks(SingleThreadEventExecutor.java:375)
	at io.netty.channel.nio.NioEventLoop.run(NioEventLoop.java:557)
	at io.netty.util.concurrent.SingleThreadEventExecutor$4.run(SingleThreadEventExecutor.java:997)
	at io.netty.util.internal.ThreadExecutorMap$2.run(ThreadExecutorMap.java:74)
	at io.netty.util.concurrent.FastThreadLocalRunnable.run(FastThreadLocalRunnable.java:30)
	at java.base/java.lang.Thread.run(Thread.java:1583)
2025-11-06 12:46:56.702 [vert.x-eventloop-thread-2] ERROR [] com.nms.Main - Failed to deploy Main verticle
java.net.BindException: Address already in use
	at java.base/sun.nio.ch.Net.bind0(Native Method)
	at java.base/sun.nio.ch.Net.bind(Net.java:565)
	at java.base/sun.nio.ch.ServerSocketChannelImpl.netBind(ServerSocketChannelImpl.java:344)
	at java.base/sun.nio.ch.ServerSocketChannelImpl.bind(ServerSocketChannelImpl.java:301)
	at io.netty.channel.socket.nio.NioServerSocketChannel.doBind(NioServerSocketChannel.java:141)
	at io.netty.channel.AbstractChannel$AbstractUnsafe.bind(AbstractChannel.java:562)
	at io.netty.channel.DefaultChannelPipeline$HeadContext.bind(DefaultChannelPipeline.java:1334)
	at io.netty.channel.AbstractChannelHandlerContext.invokeBind(AbstractChannelHandlerContext.java:600)
	at io.netty.channel.AbstractChannelHandlerContext.bind(AbstractChannelHandlerContext.java:579)
	at io.netty.channel.DefaultChannelPipeline.bind(DefaultChannelPipeline.java:973)
	at io.netty.channel.AbstractChannel.bind(AbstractChannel.java:260)
	at io.netty.bootstrap.AbstractBootstrap$2.run(AbstractBootstrap.java:356)
	at io.netty.util.concurrent.AbstractEventExecutor.runTask(AbstractEventExecutor.java:173)
	at io.netty.util.concurrent.AbstractEventExecutor.safeExecute(AbstractEventExecutor.java:166)
	at io.netty.util.concurrent.SingleThreadEventExecutor.runAllTasksFrom(SingleThreadEventExecutor.java:426)
	at io.netty.util.concurrent.SingleThreadEventExecutor.runAllTasks(SingleThreadEventExecutor.java:375)
	at io.netty.channel.nio.NioEventLoop.run(NioEventLoop.java:557)
	at io.netty.util.concurrent.SingleThreadEventExecutor$4.run(SingleThreadEventExecutor.java:997)
	at io.netty.util.internal.ThreadExecutorMap$2.run(ThreadExecutorMap.java:74)
	at io.netty.util.concurrent.FastThreadLocalRunnable.run(FastThreadLocalRunnable.java:30)
	at java.base/java.lang.Thread.run(Thread.java:1583)
