2025-10-13 16:24:55.615 [vert.x-eventloop-thread-0] ERROR [5a7a6685-c09b-47b2-a19b-5127094954d9] com.nms.utils.EncryptionUtils - Failed to encrypt data
java.security.InvalidKeyException: Invalid AES key length: 43 bytes
	at java.base/com.sun.crypto.provider.AESCrypt.makeSessionKey(AESCrypt.java:1329)
	at java.base/com.sun.crypto.provider.AESCrypt.init(AESCrypt.java:1053)
	at java.base/com.sun.crypto.provider.GaloisCounterMode.init(GaloisCounterMode.java:178)
	at java.base/com.sun.crypto.provider.GaloisCounterMode.engineInit(GaloisCounterMode.java:304)
	at java.base/javax.crypto.Cipher.implInit(Cipher.java:876)
	at java.base/javax.crypto.Cipher.chooseProvider(Cipher.java:934)
	at java.base/javax.crypto.Cipher.init(Cipher.java:1466)
	at java.base/javax.crypto.Cipher.init(Cipher.java:1393)
	at com.nms.utils.EncryptionUtils.encrypt(EncryptionUtils.java:69)
	at com.nms.services.CredentialService.createCredentialProfile(CredentialService.java:62)
	at com.nms.handlers.CredentialHandler.handleCreateCredentialProfile(CredentialHandler.java:80)
	at io.vertx.ext.web.impl.RouteState.handleContext(RouteState.java:1286)
	at io.vertx.ext.web.impl.RoutingContextImplBase.iterateNext(RoutingContextImplBase.java:177)
	at io.vertx.ext.web.impl.RoutingContextWrapper.next(RoutingContextWrapper.java:200)
	at com.nms.middleware.AuthMiddleware.lambda$handle$0(AuthMiddleware.java:50)
	at io.vertx.core.impl.future.FutureImpl$1.onSuccess(FutureImpl.java:91)
	at io.vertx.core.impl.future.FutureImpl$ListenerArray.onSuccess(FutureImpl.java:262)
	at io.vertx.core.impl.future.FutureBase.emitSuccess(FutureBase.java:60)
	at io.vertx.core.impl.future.FutureImpl.tryComplete(FutureImpl.java:211)
	at io.vertx.core.impl.future.PromiseImpl.tryComplete(PromiseImpl.java:23)
	at io.vertx.core.Promise.complete(Promise.java:66)
	at com.nms.services.AuthService.lambda$validateToken$6(AuthService.java:197)
	at io.vertx.core.impl.future.FutureImpl$1.onSuccess(FutureImpl.java:91)
	at io.vertx.core.impl.future.FutureImpl$ListenerArray.onSuccess(FutureImpl.java:262)
	at io.vertx.core.impl.future.FutureBase.emitSuccess(FutureBase.java:60)
	at io.vertx.core.impl.future.FutureImpl.tryComplete(FutureImpl.java:211)
	at io.vertx.core.impl.future.PromiseImpl.tryComplete(PromiseImpl.java:23)
	at io.vertx.core.Promise.complete(Promise.java:66)
	at com.nms.services.DatabaseService.lambda$findUserById$6(DatabaseService.java:137)
	at io.vertx.core.impl.future.FutureImpl$1.onSuccess(FutureImpl.java:91)
	at io.vertx.core.impl.future.FutureImpl$ListenerArray.onSuccess(FutureImpl.java:262)
	at io.vertx.core.impl.future.FutureBase.emitSuccess(FutureBase.java:60)
	at io.vertx.core.impl.future.FutureImpl.tryComplete(FutureImpl.java:211)
	at io.vertx.core.impl.future.PromiseImpl.tryComplete(PromiseImpl.java:23)
	at io.vertx.sqlclient.impl.QueryResultBuilder.tryComplete(QueryResultBuilder.java:88)
	at io.vertx.sqlclient.impl.QueryResultBuilder.tryComplete(QueryResultBuilder.java:32)
	at io.vertx.core.Promise.complete(Promise.java:66)
	at io.vertx.core.Promise.handle(Promise.java:51)
	at io.vertx.core.Promise.handle(Promise.java:29)
	at io.vertx.core.impl.future.FutureImpl$3.onSuccess(FutureImpl.java:141)
	at io.vertx.core.impl.future.FutureBase.emitSuccess(FutureBase.java:60)
	at io.vertx.core.impl.future.FutureImpl.tryComplete(FutureImpl.java:211)
	at io.vertx.core.impl.future.Composition$1.onSuccess(Composition.java:62)
	at io.vertx.core.impl.future.FutureBase.emitSuccess(FutureBase.java:60)
	at io.vertx.core.impl.future.FutureImpl.tryComplete(FutureImpl.java:211)
	at io.vertx.core.impl.future.Transformation$1.onSuccess(Transformation.java:63)
	at io.vertx.core.impl.future.FutureBase.emitSuccess(FutureBase.java:60)
	at io.vertx.core.impl.future.FutureImpl.addListener(FutureImpl.java:196)
	at io.vertx.core.impl.future.PromiseImpl.addListener(PromiseImpl.java:23)
	at io.vertx.core.impl.future.Transformation.onSuccess(Transformation.java:44)
	at io.vertx.core.impl.future.FutureBase.lambda$emitSuccess$0(FutureBase.java:54)
	at io.netty.util.concurrent.AbstractEventExecutor.runTask(AbstractEventExecutor.java:173)
	at io.netty.util.concurrent.AbstractEventExecutor.safeExecute(AbstractEventExecutor.java:166)
	at io.netty.util.concurrent.SingleThreadEventExecutor.runAllTasks(SingleThreadEventExecutor.java:470)
	at io.netty.channel.nio.NioEventLoop.run(NioEventLoop.java:569)
	at io.netty.util.concurrent.SingleThreadEventExecutor$4.run(SingleThreadEventExecutor.java:997)
	at io.netty.util.internal.ThreadExecutorMap$2.run(ThreadExecutorMap.java:74)
	at io.netty.util.concurrent.FastThreadLocalRunnable.run(FastThreadLocalRunnable.java:30)
	at java.base/java.lang.Thread.run(Thread.java:1583)
2025-10-13 16:24:55.617 [vert.x-eventloop-thread-0] ERROR [5a7a6685-c09b-47b2-a19b-5127094954d9] com.nms.services.CredentialService - Error creating credential profile
java.lang.RuntimeException: Failed to encrypt data
	at com.nms.utils.EncryptionUtils.encrypt(EncryptionUtils.java:85)
	at com.nms.services.CredentialService.createCredentialProfile(CredentialService.java:62)
	at com.nms.handlers.CredentialHandler.handleCreateCredentialProfile(CredentialHandler.java:80)
	at io.vertx.ext.web.impl.RouteState.handleContext(RouteState.java:1286)
	at io.vertx.ext.web.impl.RoutingContextImplBase.iterateNext(RoutingContextImplBase.java:177)
	at io.vertx.ext.web.impl.RoutingContextWrapper.next(RoutingContextWrapper.java:200)
	at com.nms.middleware.AuthMiddleware.lambda$handle$0(AuthMiddleware.java:50)
	at io.vertx.core.impl.future.FutureImpl$1.onSuccess(FutureImpl.java:91)
	at io.vertx.core.impl.future.FutureImpl$ListenerArray.onSuccess(FutureImpl.java:262)
	at io.vertx.core.impl.future.FutureBase.emitSuccess(FutureBase.java:60)
	at io.vertx.core.impl.future.FutureImpl.tryComplete(FutureImpl.java:211)
	at io.vertx.core.impl.future.PromiseImpl.tryComplete(PromiseImpl.java:23)
	at io.vertx.core.Promise.complete(Promise.java:66)
	at com.nms.services.AuthService.lambda$validateToken$6(AuthService.java:197)
	at io.vertx.core.impl.future.FutureImpl$1.onSuccess(FutureImpl.java:91)
	at io.vertx.core.impl.future.FutureImpl$ListenerArray.onSuccess(FutureImpl.java:262)
	at io.vertx.core.impl.future.FutureBase.emitSuccess(FutureBase.java:60)
	at io.vertx.core.impl.future.FutureImpl.tryComplete(FutureImpl.java:211)
	at io.vertx.core.impl.future.PromiseImpl.tryComplete(PromiseImpl.java:23)
	at io.vertx.core.Promise.complete(Promise.java:66)
	at com.nms.services.DatabaseService.lambda$findUserById$6(DatabaseService.java:137)
	at io.vertx.core.impl.future.FutureImpl$1.onSuccess(FutureImpl.java:91)
	at io.vertx.core.impl.future.FutureImpl$ListenerArray.onSuccess(FutureImpl.java:262)
	at io.vertx.core.impl.future.FutureBase.emitSuccess(FutureBase.java:60)
	at io.vertx.core.impl.future.FutureImpl.tryComplete(FutureImpl.java:211)
	at io.vertx.core.impl.future.PromiseImpl.tryComplete(PromiseImpl.java:23)
	at io.vertx.sqlclient.impl.QueryResultBuilder.tryComplete(QueryResultBuilder.java:88)
	at io.vertx.sqlclient.impl.QueryResultBuilder.tryComplete(QueryResultBuilder.java:32)
	at io.vertx.core.Promise.complete(Promise.java:66)
	at io.vertx.core.Promise.handle(Promise.java:51)
	at io.vertx.core.Promise.handle(Promise.java:29)
	at io.vertx.core.impl.future.FutureImpl$3.onSuccess(FutureImpl.java:141)
	at io.vertx.core.impl.future.FutureBase.emitSuccess(FutureBase.java:60)
	at io.vertx.core.impl.future.FutureImpl.tryComplete(FutureImpl.java:211)
	at io.vertx.core.impl.future.Composition$1.onSuccess(Composition.java:62)
	at io.vertx.core.impl.future.FutureBase.emitSuccess(FutureBase.java:60)
	at io.vertx.core.impl.future.FutureImpl.tryComplete(FutureImpl.java:211)
	at io.vertx.core.impl.future.Transformation$1.onSuccess(Transformation.java:63)
	at io.vertx.core.impl.future.FutureBase.emitSuccess(FutureBase.java:60)
	at io.vertx.core.impl.future.FutureImpl.addListener(FutureImpl.java:196)
	at io.vertx.core.impl.future.PromiseImpl.addListener(PromiseImpl.java:23)
	at io.vertx.core.impl.future.Transformation.onSuccess(Transformation.java:44)
	at io.vertx.core.impl.future.FutureBase.lambda$emitSuccess$0(FutureBase.java:54)
	at io.netty.util.concurrent.AbstractEventExecutor.runTask(AbstractEventExecutor.java:173)
	at io.netty.util.concurrent.AbstractEventExecutor.safeExecute(AbstractEventExecutor.java:166)
	at io.netty.util.concurrent.SingleThreadEventExecutor.runAllTasks(SingleThreadEventExecutor.java:470)
	at io.netty.channel.nio.NioEventLoop.run(NioEventLoop.java:569)
	at io.netty.util.concurrent.SingleThreadEventExecutor$4.run(SingleThreadEventExecutor.java:997)
	at io.netty.util.internal.ThreadExecutorMap$2.run(ThreadExecutorMap.java:74)
	at io.netty.util.concurrent.FastThreadLocalRunnable.run(FastThreadLocalRunnable.java:30)
	at java.base/java.lang.Thread.run(Thread.java:1583)
Caused by: java.security.InvalidKeyException: Invalid AES key length: 43 bytes
	at java.base/com.sun.crypto.provider.AESCrypt.makeSessionKey(AESCrypt.java:1329)
	at java.base/com.sun.crypto.provider.AESCrypt.init(AESCrypt.java:1053)
	at java.base/com.sun.crypto.provider.GaloisCounterMode.init(GaloisCounterMode.java:178)
	at java.base/com.sun.crypto.provider.GaloisCounterMode.engineInit(GaloisCounterMode.java:304)
	at java.base/javax.crypto.Cipher.implInit(Cipher.java:876)
	at java.base/javax.crypto.Cipher.chooseProvider(Cipher.java:934)
	at java.base/javax.crypto.Cipher.init(Cipher.java:1466)
	at java.base/javax.crypto.Cipher.init(Cipher.java:1393)
	at com.nms.utils.EncryptionUtils.encrypt(EncryptionUtils.java:69)
	... 50 common frames omitted
2025-10-13 16:24:55.618 [vert.x-eventloop-thread-0] ERROR [5a7a6685-c09b-47b2-a19b-5127094954d9] com.nms.handlers.CredentialHandler - Failed to create credential profile
java.lang.RuntimeException: Failed to encrypt data
	at com.nms.utils.EncryptionUtils.encrypt(EncryptionUtils.java:85)
	at com.nms.services.CredentialService.createCredentialProfile(CredentialService.java:62)
	at com.nms.handlers.CredentialHandler.handleCreateCredentialProfile(CredentialHandler.java:80)
	at io.vertx.ext.web.impl.RouteState.handleContext(RouteState.java:1286)
	at io.vertx.ext.web.impl.RoutingContextImplBase.iterateNext(RoutingContextImplBase.java:177)
	at io.vertx.ext.web.impl.RoutingContextWrapper.next(RoutingContextWrapper.java:200)
	at com.nms.middleware.AuthMiddleware.lambda$handle$0(AuthMiddleware.java:50)
	at io.vertx.core.impl.future.FutureImpl$1.onSuccess(FutureImpl.java:91)
	at io.vertx.core.impl.future.FutureImpl$ListenerArray.onSuccess(FutureImpl.java:262)
	at io.vertx.core.impl.future.FutureBase.emitSuccess(FutureBase.java:60)
	at io.vertx.core.impl.future.FutureImpl.tryComplete(FutureImpl.java:211)
	at io.vertx.core.impl.future.PromiseImpl.tryComplete(PromiseImpl.java:23)
	at io.vertx.core.Promise.complete(Promise.java:66)
	at com.nms.services.AuthService.lambda$validateToken$6(AuthService.java:197)
	at io.vertx.core.impl.future.FutureImpl$1.onSuccess(FutureImpl.java:91)
	at io.vertx.core.impl.future.FutureImpl$ListenerArray.onSuccess(FutureImpl.java:262)
	at io.vertx.core.impl.future.FutureBase.emitSuccess(FutureBase.java:60)
	at io.vertx.core.impl.future.FutureImpl.tryComplete(FutureImpl.java:211)
	at io.vertx.core.impl.future.PromiseImpl.tryComplete(PromiseImpl.java:23)
	at io.vertx.core.Promise.complete(Promise.java:66)
	at com.nms.services.DatabaseService.lambda$findUserById$6(DatabaseService.java:137)
	at io.vertx.core.impl.future.FutureImpl$1.onSuccess(FutureImpl.java:91)
	at io.vertx.core.impl.future.FutureImpl$ListenerArray.onSuccess(FutureImpl.java:262)
	at io.vertx.core.impl.future.FutureBase.emitSuccess(FutureBase.java:60)
	at io.vertx.core.impl.future.FutureImpl.tryComplete(FutureImpl.java:211)
	at io.vertx.core.impl.future.PromiseImpl.tryComplete(PromiseImpl.java:23)
	at io.vertx.sqlclient.impl.QueryResultBuilder.tryComplete(QueryResultBuilder.java:88)
	at io.vertx.sqlclient.impl.QueryResultBuilder.tryComplete(QueryResultBuilder.java:32)
	at io.vertx.core.Promise.complete(Promise.java:66)
	at io.vertx.core.Promise.handle(Promise.java:51)
	at io.vertx.core.Promise.handle(Promise.java:29)
	at io.vertx.core.impl.future.FutureImpl$3.onSuccess(FutureImpl.java:141)
	at io.vertx.core.impl.future.FutureBase.emitSuccess(FutureBase.java:60)
	at io.vertx.core.impl.future.FutureImpl.tryComplete(FutureImpl.java:211)
	at io.vertx.core.impl.future.Composition$1.onSuccess(Composition.java:62)
	at io.vertx.core.impl.future.FutureBase.emitSuccess(FutureBase.java:60)
	at io.vertx.core.impl.future.FutureImpl.tryComplete(FutureImpl.java:211)
	at io.vertx.core.impl.future.Transformation$1.onSuccess(Transformation.java:63)
	at io.vertx.core.impl.future.FutureBase.emitSuccess(FutureBase.java:60)
	at io.vertx.core.impl.future.FutureImpl.addListener(FutureImpl.java:196)
	at io.vertx.core.impl.future.PromiseImpl.addListener(PromiseImpl.java:23)
	at io.vertx.core.impl.future.Transformation.onSuccess(Transformation.java:44)
	at io.vertx.core.impl.future.FutureBase.lambda$emitSuccess$0(FutureBase.java:54)
	at io.netty.util.concurrent.AbstractEventExecutor.runTask(AbstractEventExecutor.java:173)
	at io.netty.util.concurrent.AbstractEventExecutor.safeExecute(AbstractEventExecutor.java:166)
	at io.netty.util.concurrent.SingleThreadEventExecutor.runAllTasks(SingleThreadEventExecutor.java:470)
	at io.netty.channel.nio.NioEventLoop.run(NioEventLoop.java:569)
	at io.netty.util.concurrent.SingleThreadEventExecutor$4.run(SingleThreadEventExecutor.java:997)
	at io.netty.util.internal.ThreadExecutorMap$2.run(ThreadExecutorMap.java:74)
	at io.netty.util.concurrent.FastThreadLocalRunnable.run(FastThreadLocalRunnable.java:30)
	at java.base/java.lang.Thread.run(Thread.java:1583)
Caused by: java.security.InvalidKeyException: Invalid AES key length: 43 bytes
	at java.base/com.sun.crypto.provider.AESCrypt.makeSessionKey(AESCrypt.java:1329)
	at java.base/com.sun.crypto.provider.AESCrypt.init(AESCrypt.java:1053)
	at java.base/com.sun.crypto.provider.GaloisCounterMode.init(GaloisCounterMode.java:178)
	at java.base/com.sun.crypto.provider.GaloisCounterMode.engineInit(GaloisCounterMode.java:304)
	at java.base/javax.crypto.Cipher.implInit(Cipher.java:876)
	at java.base/javax.crypto.Cipher.chooseProvider(Cipher.java:934)
	at java.base/javax.crypto.Cipher.init(Cipher.java:1466)
	at java.base/javax.crypto.Cipher.init(Cipher.java:1393)
	at com.nms.utils.EncryptionUtils.encrypt(EncryptionUtils.java:69)
	... 50 common frames omitted
2025-10-13 16:43:53.438 [vert.x-eventloop-thread-0] ERROR [928028c4-1d92-416d-9d27-448df125827b] com.nms.utils.EncryptionUtils - Failed to encrypt data
java.security.InvalidKeyException: Invalid AES key length: 43 bytes
	at java.base/com.sun.crypto.provider.AESCrypt.makeSessionKey(AESCrypt.java:1329)
	at java.base/com.sun.crypto.provider.AESCrypt.init(AESCrypt.java:1053)
	at java.base/com.sun.crypto.provider.GaloisCounterMode.init(GaloisCounterMode.java:178)
	at java.base/com.sun.crypto.provider.GaloisCounterMode.engineInit(GaloisCounterMode.java:304)
	at java.base/javax.crypto.Cipher.implInit(Cipher.java:876)
	at java.base/javax.crypto.Cipher.chooseProvider(Cipher.java:934)
	at java.base/javax.crypto.Cipher.init(Cipher.java:1466)
	at java.base/javax.crypto.Cipher.init(Cipher.java:1393)
	at com.nms.utils.EncryptionUtils.encrypt(EncryptionUtils.java:69)
	at com.nms.services.CredentialService.createCredentialProfile(CredentialService.java:62)
	at com.nms.handlers.CredentialHandler.handleCreateCredentialProfile(CredentialHandler.java:80)
	at io.vertx.ext.web.impl.RouteState.handleContext(RouteState.java:1286)
	at io.vertx.ext.web.impl.RoutingContextImplBase.iterateNext(RoutingContextImplBase.java:177)
	at io.vertx.ext.web.impl.RoutingContextWrapper.next(RoutingContextWrapper.java:200)
	at com.nms.middleware.AuthMiddleware.lambda$handle$0(AuthMiddleware.java:50)
	at io.vertx.core.impl.future.FutureImpl$1.onSuccess(FutureImpl.java:91)
	at io.vertx.core.impl.future.FutureImpl$ListenerArray.onSuccess(FutureImpl.java:262)
	at io.vertx.core.impl.future.FutureBase.emitSuccess(FutureBase.java:60)
	at io.vertx.core.impl.future.FutureImpl.tryComplete(FutureImpl.java:211)
	at io.vertx.core.impl.future.PromiseImpl.tryComplete(PromiseImpl.java:23)
	at io.vertx.core.Promise.complete(Promise.java:66)
	at com.nms.services.AuthService.lambda$validateToken$6(AuthService.java:197)
	at io.vertx.core.impl.future.FutureImpl$1.onSuccess(FutureImpl.java:91)
	at io.vertx.core.impl.future.FutureImpl$ListenerArray.onSuccess(FutureImpl.java:262)
	at io.vertx.core.impl.future.FutureBase.emitSuccess(FutureBase.java:60)
	at io.vertx.core.impl.future.FutureImpl.tryComplete(FutureImpl.java:211)
	at io.vertx.core.impl.future.PromiseImpl.tryComplete(PromiseImpl.java:23)
	at io.vertx.core.Promise.complete(Promise.java:66)
	at com.nms.services.DatabaseService.lambda$findUserById$6(DatabaseService.java:137)
	at io.vertx.core.impl.future.FutureImpl$1.onSuccess(FutureImpl.java:91)
	at io.vertx.core.impl.future.FutureImpl$ListenerArray.onSuccess(FutureImpl.java:262)
	at io.vertx.core.impl.future.FutureBase.emitSuccess(FutureBase.java:60)
	at io.vertx.core.impl.future.FutureImpl.tryComplete(FutureImpl.java:211)
	at io.vertx.core.impl.future.PromiseImpl.tryComplete(PromiseImpl.java:23)
	at io.vertx.sqlclient.impl.QueryResultBuilder.tryComplete(QueryResultBuilder.java:88)
	at io.vertx.sqlclient.impl.QueryResultBuilder.tryComplete(QueryResultBuilder.java:32)
	at io.vertx.core.Promise.complete(Promise.java:66)
	at io.vertx.core.Promise.handle(Promise.java:51)
	at io.vertx.core.Promise.handle(Promise.java:29)
	at io.vertx.core.impl.future.FutureImpl$3.onSuccess(FutureImpl.java:141)
	at io.vertx.core.impl.future.FutureBase.emitSuccess(FutureBase.java:60)
	at io.vertx.core.impl.future.FutureImpl.tryComplete(FutureImpl.java:211)
	at io.vertx.core.impl.future.Composition$1.onSuccess(Composition.java:62)
	at io.vertx.core.impl.future.FutureBase.emitSuccess(FutureBase.java:60)
	at io.vertx.core.impl.future.FutureImpl.tryComplete(FutureImpl.java:211)
	at io.vertx.core.impl.future.Transformation$1.onSuccess(Transformation.java:63)
	at io.vertx.core.impl.future.FutureBase.emitSuccess(FutureBase.java:60)
	at io.vertx.core.impl.future.FutureImpl.addListener(FutureImpl.java:196)
	at io.vertx.core.impl.future.PromiseImpl.addListener(PromiseImpl.java:23)
	at io.vertx.core.impl.future.Transformation.onSuccess(Transformation.java:44)
	at io.vertx.core.impl.future.FutureBase.lambda$emitSuccess$0(FutureBase.java:54)
	at io.netty.util.concurrent.AbstractEventExecutor.runTask(AbstractEventExecutor.java:173)
	at io.netty.util.concurrent.AbstractEventExecutor.safeExecute(AbstractEventExecutor.java:166)
	at io.netty.util.concurrent.SingleThreadEventExecutor.runAllTasks(SingleThreadEventExecutor.java:470)
	at io.netty.channel.nio.NioEventLoop.run(NioEventLoop.java:569)
	at io.netty.util.concurrent.SingleThreadEventExecutor$4.run(SingleThreadEventExecutor.java:997)
	at io.netty.util.internal.ThreadExecutorMap$2.run(ThreadExecutorMap.java:74)
	at io.netty.util.concurrent.FastThreadLocalRunnable.run(FastThreadLocalRunnable.java:30)
	at java.base/java.lang.Thread.run(Thread.java:1583)
2025-10-13 16:43:53.440 [vert.x-eventloop-thread-0] ERROR [928028c4-1d92-416d-9d27-448df125827b] com.nms.services.CredentialService - Error creating credential profile
java.lang.RuntimeException: Failed to encrypt data
	at com.nms.utils.EncryptionUtils.encrypt(EncryptionUtils.java:85)
	at com.nms.services.CredentialService.createCredentialProfile(CredentialService.java:62)
	at com.nms.handlers.CredentialHandler.handleCreateCredentialProfile(CredentialHandler.java:80)
	at io.vertx.ext.web.impl.RouteState.handleContext(RouteState.java:1286)
	at io.vertx.ext.web.impl.RoutingContextImplBase.iterateNext(RoutingContextImplBase.java:177)
	at io.vertx.ext.web.impl.RoutingContextWrapper.next(RoutingContextWrapper.java:200)
	at com.nms.middleware.AuthMiddleware.lambda$handle$0(AuthMiddleware.java:50)
	at io.vertx.core.impl.future.FutureImpl$1.onSuccess(FutureImpl.java:91)
	at io.vertx.core.impl.future.FutureImpl$ListenerArray.onSuccess(FutureImpl.java:262)
	at io.vertx.core.impl.future.FutureBase.emitSuccess(FutureBase.java:60)
	at io.vertx.core.impl.future.FutureImpl.tryComplete(FutureImpl.java:211)
	at io.vertx.core.impl.future.PromiseImpl.tryComplete(PromiseImpl.java:23)
	at io.vertx.core.Promise.complete(Promise.java:66)
	at com.nms.services.AuthService.lambda$validateToken$6(AuthService.java:197)
	at io.vertx.core.impl.future.FutureImpl$1.onSuccess(FutureImpl.java:91)
	at io.vertx.core.impl.future.FutureImpl$ListenerArray.onSuccess(FutureImpl.java:262)
	at io.vertx.core.impl.future.FutureBase.emitSuccess(FutureBase.java:60)
	at io.vertx.core.impl.future.FutureImpl.tryComplete(FutureImpl.java:211)
	at io.vertx.core.impl.future.PromiseImpl.tryComplete(PromiseImpl.java:23)
	at io.vertx.core.Promise.complete(Promise.java:66)
	at com.nms.services.DatabaseService.lambda$findUserById$6(DatabaseService.java:137)
	at io.vertx.core.impl.future.FutureImpl$1.onSuccess(FutureImpl.java:91)
	at io.vertx.core.impl.future.FutureImpl$ListenerArray.onSuccess(FutureImpl.java:262)
	at io.vertx.core.impl.future.FutureBase.emitSuccess(FutureBase.java:60)
	at io.vertx.core.impl.future.FutureImpl.tryComplete(FutureImpl.java:211)
	at io.vertx.core.impl.future.PromiseImpl.tryComplete(PromiseImpl.java:23)
	at io.vertx.sqlclient.impl.QueryResultBuilder.tryComplete(QueryResultBuilder.java:88)
	at io.vertx.sqlclient.impl.QueryResultBuilder.tryComplete(QueryResultBuilder.java:32)
	at io.vertx.core.Promise.complete(Promise.java:66)
	at io.vertx.core.Promise.handle(Promise.java:51)
	at io.vertx.core.Promise.handle(Promise.java:29)
	at io.vertx.core.impl.future.FutureImpl$3.onSuccess(FutureImpl.java:141)
	at io.vertx.core.impl.future.FutureBase.emitSuccess(FutureBase.java:60)
	at io.vertx.core.impl.future.FutureImpl.tryComplete(FutureImpl.java:211)
	at io.vertx.core.impl.future.Composition$1.onSuccess(Composition.java:62)
	at io.vertx.core.impl.future.FutureBase.emitSuccess(FutureBase.java:60)
	at io.vertx.core.impl.future.FutureImpl.tryComplete(FutureImpl.java:211)
	at io.vertx.core.impl.future.Transformation$1.onSuccess(Transformation.java:63)
	at io.vertx.core.impl.future.FutureBase.emitSuccess(FutureBase.java:60)
	at io.vertx.core.impl.future.FutureImpl.addListener(FutureImpl.java:196)
	at io.vertx.core.impl.future.PromiseImpl.addListener(PromiseImpl.java:23)
	at io.vertx.core.impl.future.Transformation.onSuccess(Transformation.java:44)
	at io.vertx.core.impl.future.FutureBase.lambda$emitSuccess$0(FutureBase.java:54)
	at io.netty.util.concurrent.AbstractEventExecutor.runTask(AbstractEventExecutor.java:173)
	at io.netty.util.concurrent.AbstractEventExecutor.safeExecute(AbstractEventExecutor.java:166)
	at io.netty.util.concurrent.SingleThreadEventExecutor.runAllTasks(SingleThreadEventExecutor.java:470)
	at io.netty.channel.nio.NioEventLoop.run(NioEventLoop.java:569)
	at io.netty.util.concurrent.SingleThreadEventExecutor$4.run(SingleThreadEventExecutor.java:997)
	at io.netty.util.internal.ThreadExecutorMap$2.run(ThreadExecutorMap.java:74)
	at io.netty.util.concurrent.FastThreadLocalRunnable.run(FastThreadLocalRunnable.java:30)
	at java.base/java.lang.Thread.run(Thread.java:1583)
Caused by: java.security.InvalidKeyException: Invalid AES key length: 43 bytes
	at java.base/com.sun.crypto.provider.AESCrypt.makeSessionKey(AESCrypt.java:1329)
	at java.base/com.sun.crypto.provider.AESCrypt.init(AESCrypt.java:1053)
	at java.base/com.sun.crypto.provider.GaloisCounterMode.init(GaloisCounterMode.java:178)
	at java.base/com.sun.crypto.provider.GaloisCounterMode.engineInit(GaloisCounterMode.java:304)
	at java.base/javax.crypto.Cipher.implInit(Cipher.java:876)
	at java.base/javax.crypto.Cipher.chooseProvider(Cipher.java:934)
	at java.base/javax.crypto.Cipher.init(Cipher.java:1466)
	at java.base/javax.crypto.Cipher.init(Cipher.java:1393)
	at com.nms.utils.EncryptionUtils.encrypt(EncryptionUtils.java:69)
	... 50 common frames omitted
2025-10-13 16:43:53.441 [vert.x-eventloop-thread-0] ERROR [928028c4-1d92-416d-9d27-448df125827b] com.nms.handlers.CredentialHandler - Failed to create credential profile
java.lang.RuntimeException: Failed to encrypt data
	at com.nms.utils.EncryptionUtils.encrypt(EncryptionUtils.java:85)
	at com.nms.services.CredentialService.createCredentialProfile(CredentialService.java:62)
	at com.nms.handlers.CredentialHandler.handleCreateCredentialProfile(CredentialHandler.java:80)
	at io.vertx.ext.web.impl.RouteState.handleContext(RouteState.java:1286)
	at io.vertx.ext.web.impl.RoutingContextImplBase.iterateNext(RoutingContextImplBase.java:177)
	at io.vertx.ext.web.impl.RoutingContextWrapper.next(RoutingContextWrapper.java:200)
	at com.nms.middleware.AuthMiddleware.lambda$handle$0(AuthMiddleware.java:50)
	at io.vertx.core.impl.future.FutureImpl$1.onSuccess(FutureImpl.java:91)
	at io.vertx.core.impl.future.FutureImpl$ListenerArray.onSuccess(FutureImpl.java:262)
	at io.vertx.core.impl.future.FutureBase.emitSuccess(FutureBase.java:60)
	at io.vertx.core.impl.future.FutureImpl.tryComplete(FutureImpl.java:211)
	at io.vertx.core.impl.future.PromiseImpl.tryComplete(PromiseImpl.java:23)
	at io.vertx.core.Promise.complete(Promise.java:66)
	at com.nms.services.AuthService.lambda$validateToken$6(AuthService.java:197)
	at io.vertx.core.impl.future.FutureImpl$1.onSuccess(FutureImpl.java:91)
	at io.vertx.core.impl.future.FutureImpl$ListenerArray.onSuccess(FutureImpl.java:262)
	at io.vertx.core.impl.future.FutureBase.emitSuccess(FutureBase.java:60)
	at io.vertx.core.impl.future.FutureImpl.tryComplete(FutureImpl.java:211)
	at io.vertx.core.impl.future.PromiseImpl.tryComplete(PromiseImpl.java:23)
	at io.vertx.core.Promise.complete(Promise.java:66)
	at com.nms.services.DatabaseService.lambda$findUserById$6(DatabaseService.java:137)
	at io.vertx.core.impl.future.FutureImpl$1.onSuccess(FutureImpl.java:91)
	at io.vertx.core.impl.future.FutureImpl$ListenerArray.onSuccess(FutureImpl.java:262)
	at io.vertx.core.impl.future.FutureBase.emitSuccess(FutureBase.java:60)
	at io.vertx.core.impl.future.FutureImpl.tryComplete(FutureImpl.java:211)
	at io.vertx.core.impl.future.PromiseImpl.tryComplete(PromiseImpl.java:23)
	at io.vertx.sqlclient.impl.QueryResultBuilder.tryComplete(QueryResultBuilder.java:88)
	at io.vertx.sqlclient.impl.QueryResultBuilder.tryComplete(QueryResultBuilder.java:32)
	at io.vertx.core.Promise.complete(Promise.java:66)
	at io.vertx.core.Promise.handle(Promise.java:51)
	at io.vertx.core.Promise.handle(Promise.java:29)
	at io.vertx.core.impl.future.FutureImpl$3.onSuccess(FutureImpl.java:141)
	at io.vertx.core.impl.future.FutureBase.emitSuccess(FutureBase.java:60)
	at io.vertx.core.impl.future.FutureImpl.tryComplete(FutureImpl.java:211)
	at io.vertx.core.impl.future.Composition$1.onSuccess(Composition.java:62)
	at io.vertx.core.impl.future.FutureBase.emitSuccess(FutureBase.java:60)
	at io.vertx.core.impl.future.FutureImpl.tryComplete(FutureImpl.java:211)
	at io.vertx.core.impl.future.Transformation$1.onSuccess(Transformation.java:63)
	at io.vertx.core.impl.future.FutureBase.emitSuccess(FutureBase.java:60)
	at io.vertx.core.impl.future.FutureImpl.addListener(FutureImpl.java:196)
	at io.vertx.core.impl.future.PromiseImpl.addListener(PromiseImpl.java:23)
	at io.vertx.core.impl.future.Transformation.onSuccess(Transformation.java:44)
	at io.vertx.core.impl.future.FutureBase.lambda$emitSuccess$0(FutureBase.java:54)
	at io.netty.util.concurrent.AbstractEventExecutor.runTask(AbstractEventExecutor.java:173)
	at io.netty.util.concurrent.AbstractEventExecutor.safeExecute(AbstractEventExecutor.java:166)
	at io.netty.util.concurrent.SingleThreadEventExecutor.runAllTasks(SingleThreadEventExecutor.java:470)
	at io.netty.channel.nio.NioEventLoop.run(NioEventLoop.java:569)
	at io.netty.util.concurrent.SingleThreadEventExecutor$4.run(SingleThreadEventExecutor.java:997)
	at io.netty.util.internal.ThreadExecutorMap$2.run(ThreadExecutorMap.java:74)
	at io.netty.util.concurrent.FastThreadLocalRunnable.run(FastThreadLocalRunnable.java:30)
	at java.base/java.lang.Thread.run(Thread.java:1583)
Caused by: java.security.InvalidKeyException: Invalid AES key length: 43 bytes
	at java.base/com.sun.crypto.provider.AESCrypt.makeSessionKey(AESCrypt.java:1329)
	at java.base/com.sun.crypto.provider.AESCrypt.init(AESCrypt.java:1053)
	at java.base/com.sun.crypto.provider.GaloisCounterMode.init(GaloisCounterMode.java:178)
	at java.base/com.sun.crypto.provider.GaloisCounterMode.engineInit(GaloisCounterMode.java:304)
	at java.base/javax.crypto.Cipher.implInit(Cipher.java:876)
	at java.base/javax.crypto.Cipher.chooseProvider(Cipher.java:934)
	at java.base/javax.crypto.Cipher.init(Cipher.java:1466)
	at java.base/javax.crypto.Cipher.init(Cipher.java:1393)
	at com.nms.utils.EncryptionUtils.encrypt(EncryptionUtils.java:69)
	... 50 common frames omitted
2025-10-13 16:44:23.813 [vert.x-eventloop-thread-0] ERROR [faad38bc-8fde-428a-92bc-b99a211985b4] com.nms.utils.EncryptionUtils - Failed to encrypt data
java.security.InvalidKeyException: Invalid AES key length: 43 bytes
	at java.base/com.sun.crypto.provider.AESCrypt.makeSessionKey(AESCrypt.java:1329)
	at java.base/com.sun.crypto.provider.AESCrypt.init(AESCrypt.java:1053)
	at java.base/com.sun.crypto.provider.GaloisCounterMode.init(GaloisCounterMode.java:178)
	at java.base/com.sun.crypto.provider.GaloisCounterMode.engineInit(GaloisCounterMode.java:304)
	at java.base/javax.crypto.Cipher.implInit(Cipher.java:876)
	at java.base/javax.crypto.Cipher.chooseProvider(Cipher.java:934)
	at java.base/javax.crypto.Cipher.init(Cipher.java:1466)
	at java.base/javax.crypto.Cipher.init(Cipher.java:1393)
	at com.nms.utils.EncryptionUtils.encrypt(EncryptionUtils.java:69)
	at com.nms.services.CredentialService.createCredentialProfile(CredentialService.java:62)
	at com.nms.handlers.CredentialHandler.handleCreateCredentialProfile(CredentialHandler.java:80)
	at io.vertx.ext.web.impl.RouteState.handleContext(RouteState.java:1286)
	at io.vertx.ext.web.impl.RoutingContextImplBase.iterateNext(RoutingContextImplBase.java:177)
	at io.vertx.ext.web.impl.RoutingContextWrapper.next(RoutingContextWrapper.java:200)
	at com.nms.middleware.AuthMiddleware.lambda$handle$0(AuthMiddleware.java:50)
	at io.vertx.core.impl.future.FutureImpl$1.onSuccess(FutureImpl.java:91)
	at io.vertx.core.impl.future.FutureImpl$ListenerArray.onSuccess(FutureImpl.java:262)
	at io.vertx.core.impl.future.FutureBase.emitSuccess(FutureBase.java:60)
	at io.vertx.core.impl.future.FutureImpl.tryComplete(FutureImpl.java:211)
	at io.vertx.core.impl.future.PromiseImpl.tryComplete(PromiseImpl.java:23)
	at io.vertx.core.Promise.complete(Promise.java:66)
	at com.nms.services.AuthService.lambda$validateToken$6(AuthService.java:197)
	at io.vertx.core.impl.future.FutureImpl$1.onSuccess(FutureImpl.java:91)
	at io.vertx.core.impl.future.FutureImpl$ListenerArray.onSuccess(FutureImpl.java:262)
	at io.vertx.core.impl.future.FutureBase.emitSuccess(FutureBase.java:60)
	at io.vertx.core.impl.future.FutureImpl.tryComplete(FutureImpl.java:211)
	at io.vertx.core.impl.future.PromiseImpl.tryComplete(PromiseImpl.java:23)
	at io.vertx.core.Promise.complete(Promise.java:66)
	at com.nms.services.DatabaseService.lambda$findUserById$6(DatabaseService.java:137)
	at io.vertx.core.impl.future.FutureImpl$1.onSuccess(FutureImpl.java:91)
	at io.vertx.core.impl.future.FutureImpl$ListenerArray.onSuccess(FutureImpl.java:262)
	at io.vertx.core.impl.future.FutureBase.emitSuccess(FutureBase.java:60)
	at io.vertx.core.impl.future.FutureImpl.tryComplete(FutureImpl.java:211)
	at io.vertx.core.impl.future.PromiseImpl.tryComplete(PromiseImpl.java:23)
	at io.vertx.sqlclient.impl.QueryResultBuilder.tryComplete(QueryResultBuilder.java:88)
	at io.vertx.sqlclient.impl.QueryResultBuilder.tryComplete(QueryResultBuilder.java:32)
	at io.vertx.core.Promise.complete(Promise.java:66)
	at io.vertx.core.Promise.handle(Promise.java:51)
	at io.vertx.core.Promise.handle(Promise.java:29)
	at io.vertx.core.impl.future.FutureImpl$3.onSuccess(FutureImpl.java:141)
	at io.vertx.core.impl.future.FutureBase.emitSuccess(FutureBase.java:60)
	at io.vertx.core.impl.future.FutureImpl.tryComplete(FutureImpl.java:211)
	at io.vertx.core.impl.future.Composition$1.onSuccess(Composition.java:62)
	at io.vertx.core.impl.future.FutureBase.emitSuccess(FutureBase.java:60)
	at io.vertx.core.impl.future.FutureImpl.tryComplete(FutureImpl.java:211)
	at io.vertx.core.impl.future.Transformation$1.onSuccess(Transformation.java:63)
	at io.vertx.core.impl.future.FutureBase.emitSuccess(FutureBase.java:60)
	at io.vertx.core.impl.future.FutureImpl.addListener(FutureImpl.java:196)
	at io.vertx.core.impl.future.PromiseImpl.addListener(PromiseImpl.java:23)
	at io.vertx.core.impl.future.Transformation.onSuccess(Transformation.java:44)
	at io.vertx.core.impl.future.FutureBase.lambda$emitSuccess$0(FutureBase.java:54)
	at io.netty.util.concurrent.AbstractEventExecutor.runTask(AbstractEventExecutor.java:173)
	at io.netty.util.concurrent.AbstractEventExecutor.safeExecute(AbstractEventExecutor.java:166)
	at io.netty.util.concurrent.SingleThreadEventExecutor.runAllTasks(SingleThreadEventExecutor.java:470)
	at io.netty.channel.nio.NioEventLoop.run(NioEventLoop.java:569)
	at io.netty.util.concurrent.SingleThreadEventExecutor$4.run(SingleThreadEventExecutor.java:997)
	at io.netty.util.internal.ThreadExecutorMap$2.run(ThreadExecutorMap.java:74)
	at io.netty.util.concurrent.FastThreadLocalRunnable.run(FastThreadLocalRunnable.java:30)
	at java.base/java.lang.Thread.run(Thread.java:1583)
2025-10-13 16:44:23.813 [vert.x-eventloop-thread-0] ERROR [faad38bc-8fde-428a-92bc-b99a211985b4] com.nms.services.CredentialService - Error creating credential profile
java.lang.RuntimeException: Failed to encrypt data
	at com.nms.utils.EncryptionUtils.encrypt(EncryptionUtils.java:85)
	at com.nms.services.CredentialService.createCredentialProfile(CredentialService.java:62)
	at com.nms.handlers.CredentialHandler.handleCreateCredentialProfile(CredentialHandler.java:80)
	at io.vertx.ext.web.impl.RouteState.handleContext(RouteState.java:1286)
	at io.vertx.ext.web.impl.RoutingContextImplBase.iterateNext(RoutingContextImplBase.java:177)
	at io.vertx.ext.web.impl.RoutingContextWrapper.next(RoutingContextWrapper.java:200)
	at com.nms.middleware.AuthMiddleware.lambda$handle$0(AuthMiddleware.java:50)
	at io.vertx.core.impl.future.FutureImpl$1.onSuccess(FutureImpl.java:91)
	at io.vertx.core.impl.future.FutureImpl$ListenerArray.onSuccess(FutureImpl.java:262)
	at io.vertx.core.impl.future.FutureBase.emitSuccess(FutureBase.java:60)
	at io.vertx.core.impl.future.FutureImpl.tryComplete(FutureImpl.java:211)
	at io.vertx.core.impl.future.PromiseImpl.tryComplete(PromiseImpl.java:23)
	at io.vertx.core.Promise.complete(Promise.java:66)
	at com.nms.services.AuthService.lambda$validateToken$6(AuthService.java:197)
	at io.vertx.core.impl.future.FutureImpl$1.onSuccess(FutureImpl.java:91)
	at io.vertx.core.impl.future.FutureImpl$ListenerArray.onSuccess(FutureImpl.java:262)
	at io.vertx.core.impl.future.FutureBase.emitSuccess(FutureBase.java:60)
	at io.vertx.core.impl.future.FutureImpl.tryComplete(FutureImpl.java:211)
	at io.vertx.core.impl.future.PromiseImpl.tryComplete(PromiseImpl.java:23)
	at io.vertx.core.Promise.complete(Promise.java:66)
	at com.nms.services.DatabaseService.lambda$findUserById$6(DatabaseService.java:137)
	at io.vertx.core.impl.future.FutureImpl$1.onSuccess(FutureImpl.java:91)
	at io.vertx.core.impl.future.FutureImpl$ListenerArray.onSuccess(FutureImpl.java:262)
	at io.vertx.core.impl.future.FutureBase.emitSuccess(FutureBase.java:60)
	at io.vertx.core.impl.future.FutureImpl.tryComplete(FutureImpl.java:211)
	at io.vertx.core.impl.future.PromiseImpl.tryComplete(PromiseImpl.java:23)
	at io.vertx.sqlclient.impl.QueryResultBuilder.tryComplete(QueryResultBuilder.java:88)
	at io.vertx.sqlclient.impl.QueryResultBuilder.tryComplete(QueryResultBuilder.java:32)
	at io.vertx.core.Promise.complete(Promise.java:66)
	at io.vertx.core.Promise.handle(Promise.java:51)
	at io.vertx.core.Promise.handle(Promise.java:29)
	at io.vertx.core.impl.future.FutureImpl$3.onSuccess(FutureImpl.java:141)
	at io.vertx.core.impl.future.FutureBase.emitSuccess(FutureBase.java:60)
	at io.vertx.core.impl.future.FutureImpl.tryComplete(FutureImpl.java:211)
	at io.vertx.core.impl.future.Composition$1.onSuccess(Composition.java:62)
	at io.vertx.core.impl.future.FutureBase.emitSuccess(FutureBase.java:60)
	at io.vertx.core.impl.future.FutureImpl.tryComplete(FutureImpl.java:211)
	at io.vertx.core.impl.future.Transformation$1.onSuccess(Transformation.java:63)
	at io.vertx.core.impl.future.FutureBase.emitSuccess(FutureBase.java:60)
	at io.vertx.core.impl.future.FutureImpl.addListener(FutureImpl.java:196)
	at io.vertx.core.impl.future.PromiseImpl.addListener(PromiseImpl.java:23)
	at io.vertx.core.impl.future.Transformation.onSuccess(Transformation.java:44)
	at io.vertx.core.impl.future.FutureBase.lambda$emitSuccess$0(FutureBase.java:54)
	at io.netty.util.concurrent.AbstractEventExecutor.runTask(AbstractEventExecutor.java:173)
	at io.netty.util.concurrent.AbstractEventExecutor.safeExecute(AbstractEventExecutor.java:166)
	at io.netty.util.concurrent.SingleThreadEventExecutor.runAllTasks(SingleThreadEventExecutor.java:470)
	at io.netty.channel.nio.NioEventLoop.run(NioEventLoop.java:569)
	at io.netty.util.concurrent.SingleThreadEventExecutor$4.run(SingleThreadEventExecutor.java:997)
	at io.netty.util.internal.ThreadExecutorMap$2.run(ThreadExecutorMap.java:74)
	at io.netty.util.concurrent.FastThreadLocalRunnable.run(FastThreadLocalRunnable.java:30)
	at java.base/java.lang.Thread.run(Thread.java:1583)
Caused by: java.security.InvalidKeyException: Invalid AES key length: 43 bytes
	at java.base/com.sun.crypto.provider.AESCrypt.makeSessionKey(AESCrypt.java:1329)
	at java.base/com.sun.crypto.provider.AESCrypt.init(AESCrypt.java:1053)
	at java.base/com.sun.crypto.provider.GaloisCounterMode.init(GaloisCounterMode.java:178)
	at java.base/com.sun.crypto.provider.GaloisCounterMode.engineInit(GaloisCounterMode.java:304)
	at java.base/javax.crypto.Cipher.implInit(Cipher.java:876)
	at java.base/javax.crypto.Cipher.chooseProvider(Cipher.java:934)
	at java.base/javax.crypto.Cipher.init(Cipher.java:1466)
	at java.base/javax.crypto.Cipher.init(Cipher.java:1393)
	at com.nms.utils.EncryptionUtils.encrypt(EncryptionUtils.java:69)
	... 50 common frames omitted
2025-10-13 16:44:23.814 [vert.x-eventloop-thread-0] ERROR [faad38bc-8fde-428a-92bc-b99a211985b4] com.nms.handlers.CredentialHandler - Failed to create credential profile
java.lang.RuntimeException: Failed to encrypt data
	at com.nms.utils.EncryptionUtils.encrypt(EncryptionUtils.java:85)
	at com.nms.services.CredentialService.createCredentialProfile(CredentialService.java:62)
	at com.nms.handlers.CredentialHandler.handleCreateCredentialProfile(CredentialHandler.java:80)
	at io.vertx.ext.web.impl.RouteState.handleContext(RouteState.java:1286)
	at io.vertx.ext.web.impl.RoutingContextImplBase.iterateNext(RoutingContextImplBase.java:177)
	at io.vertx.ext.web.impl.RoutingContextWrapper.next(RoutingContextWrapper.java:200)
	at com.nms.middleware.AuthMiddleware.lambda$handle$0(AuthMiddleware.java:50)
	at io.vertx.core.impl.future.FutureImpl$1.onSuccess(FutureImpl.java:91)
	at io.vertx.core.impl.future.FutureImpl$ListenerArray.onSuccess(FutureImpl.java:262)
	at io.vertx.core.impl.future.FutureBase.emitSuccess(FutureBase.java:60)
	at io.vertx.core.impl.future.FutureImpl.tryComplete(FutureImpl.java:211)
	at io.vertx.core.impl.future.PromiseImpl.tryComplete(PromiseImpl.java:23)
	at io.vertx.core.Promise.complete(Promise.java:66)
	at com.nms.services.AuthService.lambda$validateToken$6(AuthService.java:197)
	at io.vertx.core.impl.future.FutureImpl$1.onSuccess(FutureImpl.java:91)
	at io.vertx.core.impl.future.FutureImpl$ListenerArray.onSuccess(FutureImpl.java:262)
	at io.vertx.core.impl.future.FutureBase.emitSuccess(FutureBase.java:60)
	at io.vertx.core.impl.future.FutureImpl.tryComplete(FutureImpl.java:211)
	at io.vertx.core.impl.future.PromiseImpl.tryComplete(PromiseImpl.java:23)
	at io.vertx.core.Promise.complete(Promise.java:66)
	at com.nms.services.DatabaseService.lambda$findUserById$6(DatabaseService.java:137)
	at io.vertx.core.impl.future.FutureImpl$1.onSuccess(FutureImpl.java:91)
	at io.vertx.core.impl.future.FutureImpl$ListenerArray.onSuccess(FutureImpl.java:262)
	at io.vertx.core.impl.future.FutureBase.emitSuccess(FutureBase.java:60)
	at io.vertx.core.impl.future.FutureImpl.tryComplete(FutureImpl.java:211)
	at io.vertx.core.impl.future.PromiseImpl.tryComplete(PromiseImpl.java:23)
	at io.vertx.sqlclient.impl.QueryResultBuilder.tryComplete(QueryResultBuilder.java:88)
	at io.vertx.sqlclient.impl.QueryResultBuilder.tryComplete(QueryResultBuilder.java:32)
	at io.vertx.core.Promise.complete(Promise.java:66)
	at io.vertx.core.Promise.handle(Promise.java:51)
	at io.vertx.core.Promise.handle(Promise.java:29)
	at io.vertx.core.impl.future.FutureImpl$3.onSuccess(FutureImpl.java:141)
	at io.vertx.core.impl.future.FutureBase.emitSuccess(FutureBase.java:60)
	at io.vertx.core.impl.future.FutureImpl.tryComplete(FutureImpl.java:211)
	at io.vertx.core.impl.future.Composition$1.onSuccess(Composition.java:62)
	at io.vertx.core.impl.future.FutureBase.emitSuccess(FutureBase.java:60)
	at io.vertx.core.impl.future.FutureImpl.tryComplete(FutureImpl.java:211)
	at io.vertx.core.impl.future.Transformation$1.onSuccess(Transformation.java:63)
	at io.vertx.core.impl.future.FutureBase.emitSuccess(FutureBase.java:60)
	at io.vertx.core.impl.future.FutureImpl.addListener(FutureImpl.java:196)
	at io.vertx.core.impl.future.PromiseImpl.addListener(PromiseImpl.java:23)
	at io.vertx.core.impl.future.Transformation.onSuccess(Transformation.java:44)
	at io.vertx.core.impl.future.FutureBase.lambda$emitSuccess$0(FutureBase.java:54)
	at io.netty.util.concurrent.AbstractEventExecutor.runTask(AbstractEventExecutor.java:173)
	at io.netty.util.concurrent.AbstractEventExecutor.safeExecute(AbstractEventExecutor.java:166)
	at io.netty.util.concurrent.SingleThreadEventExecutor.runAllTasks(SingleThreadEventExecutor.java:470)
	at io.netty.channel.nio.NioEventLoop.run(NioEventLoop.java:569)
	at io.netty.util.concurrent.SingleThreadEventExecutor$4.run(SingleThreadEventExecutor.java:997)
	at io.netty.util.internal.ThreadExecutorMap$2.run(ThreadExecutorMap.java:74)
	at io.netty.util.concurrent.FastThreadLocalRunnable.run(FastThreadLocalRunnable.java:30)
	at java.base/java.lang.Thread.run(Thread.java:1583)
Caused by: java.security.InvalidKeyException: Invalid AES key length: 43 bytes
	at java.base/com.sun.crypto.provider.AESCrypt.makeSessionKey(AESCrypt.java:1329)
	at java.base/com.sun.crypto.provider.AESCrypt.init(AESCrypt.java:1053)
	at java.base/com.sun.crypto.provider.GaloisCounterMode.init(GaloisCounterMode.java:178)
	at java.base/com.sun.crypto.provider.GaloisCounterMode.engineInit(GaloisCounterMode.java:304)
	at java.base/javax.crypto.Cipher.implInit(Cipher.java:876)
	at java.base/javax.crypto.Cipher.chooseProvider(Cipher.java:934)
	at java.base/javax.crypto.Cipher.init(Cipher.java:1466)
	at java.base/javax.crypto.Cipher.init(Cipher.java:1393)
	at com.nms.utils.EncryptionUtils.encrypt(EncryptionUtils.java:69)
	... 50 common frames omitted
2025-10-13 16:44:25.626 [vert.x-eventloop-thread-0] ERROR [cfb8192d-b701-477c-a253-81631a37741a] com.nms.utils.EncryptionUtils - Failed to encrypt data
java.security.InvalidKeyException: Invalid AES key length: 43 bytes
	at java.base/com.sun.crypto.provider.AESCrypt.makeSessionKey(AESCrypt.java:1329)
	at java.base/com.sun.crypto.provider.AESCrypt.init(AESCrypt.java:1053)
	at java.base/com.sun.crypto.provider.GaloisCounterMode.init(GaloisCounterMode.java:178)
	at java.base/com.sun.crypto.provider.GaloisCounterMode.engineInit(GaloisCounterMode.java:304)
	at java.base/javax.crypto.Cipher.implInit(Cipher.java:876)
	at java.base/javax.crypto.Cipher.chooseProvider(Cipher.java:934)
	at java.base/javax.crypto.Cipher.init(Cipher.java:1466)
	at java.base/javax.crypto.Cipher.init(Cipher.java:1393)
	at com.nms.utils.EncryptionUtils.encrypt(EncryptionUtils.java:69)
	at com.nms.services.CredentialService.createCredentialProfile(CredentialService.java:62)
	at com.nms.handlers.CredentialHandler.handleCreateCredentialProfile(CredentialHandler.java:80)
	at io.vertx.ext.web.impl.RouteState.handleContext(RouteState.java:1286)
	at io.vertx.ext.web.impl.RoutingContextImplBase.iterateNext(RoutingContextImplBase.java:177)
	at io.vertx.ext.web.impl.RoutingContextWrapper.next(RoutingContextWrapper.java:200)
	at com.nms.middleware.AuthMiddleware.lambda$handle$0(AuthMiddleware.java:50)
	at io.vertx.core.impl.future.FutureImpl$1.onSuccess(FutureImpl.java:91)
	at io.vertx.core.impl.future.FutureImpl$ListenerArray.onSuccess(FutureImpl.java:262)
	at io.vertx.core.impl.future.FutureBase.emitSuccess(FutureBase.java:60)
	at io.vertx.core.impl.future.FutureImpl.tryComplete(FutureImpl.java:211)
	at io.vertx.core.impl.future.PromiseImpl.tryComplete(PromiseImpl.java:23)
	at io.vertx.core.Promise.complete(Promise.java:66)
	at com.nms.services.AuthService.lambda$validateToken$6(AuthService.java:197)
	at io.vertx.core.impl.future.FutureImpl$1.onSuccess(FutureImpl.java:91)
	at io.vertx.core.impl.future.FutureImpl$ListenerArray.onSuccess(FutureImpl.java:262)
	at io.vertx.core.impl.future.FutureBase.emitSuccess(FutureBase.java:60)
	at io.vertx.core.impl.future.FutureImpl.tryComplete(FutureImpl.java:211)
	at io.vertx.core.impl.future.PromiseImpl.tryComplete(PromiseImpl.java:23)
	at io.vertx.core.Promise.complete(Promise.java:66)
	at com.nms.services.DatabaseService.lambda$findUserById$6(DatabaseService.java:137)
	at io.vertx.core.impl.future.FutureImpl$1.onSuccess(FutureImpl.java:91)
	at io.vertx.core.impl.future.FutureImpl$ListenerArray.onSuccess(FutureImpl.java:262)
	at io.vertx.core.impl.future.FutureBase.emitSuccess(FutureBase.java:60)
	at io.vertx.core.impl.future.FutureImpl.tryComplete(FutureImpl.java:211)
	at io.vertx.core.impl.future.PromiseImpl.tryComplete(PromiseImpl.java:23)
	at io.vertx.sqlclient.impl.QueryResultBuilder.tryComplete(QueryResultBuilder.java:88)
	at io.vertx.sqlclient.impl.QueryResultBuilder.tryComplete(QueryResultBuilder.java:32)
	at io.vertx.core.Promise.complete(Promise.java:66)
	at io.vertx.core.Promise.handle(Promise.java:51)
	at io.vertx.core.Promise.handle(Promise.java:29)
	at io.vertx.core.impl.future.FutureImpl$3.onSuccess(FutureImpl.java:141)
	at io.vertx.core.impl.future.FutureBase.emitSuccess(FutureBase.java:60)
	at io.vertx.core.impl.future.FutureImpl.tryComplete(FutureImpl.java:211)
	at io.vertx.core.impl.future.Composition$1.onSuccess(Composition.java:62)
	at io.vertx.core.impl.future.FutureBase.emitSuccess(FutureBase.java:60)
	at io.vertx.core.impl.future.FutureImpl.tryComplete(FutureImpl.java:211)
	at io.vertx.core.impl.future.Transformation$1.onSuccess(Transformation.java:63)
	at io.vertx.core.impl.future.FutureBase.emitSuccess(FutureBase.java:60)
	at io.vertx.core.impl.future.FutureImpl.addListener(FutureImpl.java:196)
	at io.vertx.core.impl.future.PromiseImpl.addListener(PromiseImpl.java:23)
	at io.vertx.core.impl.future.Transformation.onSuccess(Transformation.java:44)
	at io.vertx.core.impl.future.FutureBase.lambda$emitSuccess$0(FutureBase.java:54)
	at io.netty.util.concurrent.AbstractEventExecutor.runTask(AbstractEventExecutor.java:173)
	at io.netty.util.concurrent.AbstractEventExecutor.safeExecute(AbstractEventExecutor.java:166)
	at io.netty.util.concurrent.SingleThreadEventExecutor.runAllTasks(SingleThreadEventExecutor.java:470)
	at io.netty.channel.nio.NioEventLoop.run(NioEventLoop.java:569)
	at io.netty.util.concurrent.SingleThreadEventExecutor$4.run(SingleThreadEventExecutor.java:997)
	at io.netty.util.internal.ThreadExecutorMap$2.run(ThreadExecutorMap.java:74)
	at io.netty.util.concurrent.FastThreadLocalRunnable.run(FastThreadLocalRunnable.java:30)
	at java.base/java.lang.Thread.run(Thread.java:1583)
2025-10-13 16:44:25.626 [vert.x-eventloop-thread-0] ERROR [cfb8192d-b701-477c-a253-81631a37741a] com.nms.services.CredentialService - Error creating credential profile
java.lang.RuntimeException: Failed to encrypt data
	at com.nms.utils.EncryptionUtils.encrypt(EncryptionUtils.java:85)
	at com.nms.services.CredentialService.createCredentialProfile(CredentialService.java:62)
	at com.nms.handlers.CredentialHandler.handleCreateCredentialProfile(CredentialHandler.java:80)
	at io.vertx.ext.web.impl.RouteState.handleContext(RouteState.java:1286)
	at io.vertx.ext.web.impl.RoutingContextImplBase.iterateNext(RoutingContextImplBase.java:177)
	at io.vertx.ext.web.impl.RoutingContextWrapper.next(RoutingContextWrapper.java:200)
	at com.nms.middleware.AuthMiddleware.lambda$handle$0(AuthMiddleware.java:50)
	at io.vertx.core.impl.future.FutureImpl$1.onSuccess(FutureImpl.java:91)
	at io.vertx.core.impl.future.FutureImpl$ListenerArray.onSuccess(FutureImpl.java:262)
	at io.vertx.core.impl.future.FutureBase.emitSuccess(FutureBase.java:60)
	at io.vertx.core.impl.future.FutureImpl.tryComplete(FutureImpl.java:211)
	at io.vertx.core.impl.future.PromiseImpl.tryComplete(PromiseImpl.java:23)
	at io.vertx.core.Promise.complete(Promise.java:66)
	at com.nms.services.AuthService.lambda$validateToken$6(AuthService.java:197)
	at io.vertx.core.impl.future.FutureImpl$1.onSuccess(FutureImpl.java:91)
	at io.vertx.core.impl.future.FutureImpl$ListenerArray.onSuccess(FutureImpl.java:262)
	at io.vertx.core.impl.future.FutureBase.emitSuccess(FutureBase.java:60)
	at io.vertx.core.impl.future.FutureImpl.tryComplete(FutureImpl.java:211)
	at io.vertx.core.impl.future.PromiseImpl.tryComplete(PromiseImpl.java:23)
	at io.vertx.core.Promise.complete(Promise.java:66)
	at com.nms.services.DatabaseService.lambda$findUserById$6(DatabaseService.java:137)
	at io.vertx.core.impl.future.FutureImpl$1.onSuccess(FutureImpl.java:91)
	at io.vertx.core.impl.future.FutureImpl$ListenerArray.onSuccess(FutureImpl.java:262)
	at io.vertx.core.impl.future.FutureBase.emitSuccess(FutureBase.java:60)
	at io.vertx.core.impl.future.FutureImpl.tryComplete(FutureImpl.java:211)
	at io.vertx.core.impl.future.PromiseImpl.tryComplete(PromiseImpl.java:23)
	at io.vertx.sqlclient.impl.QueryResultBuilder.tryComplete(QueryResultBuilder.java:88)
	at io.vertx.sqlclient.impl.QueryResultBuilder.tryComplete(QueryResultBuilder.java:32)
	at io.vertx.core.Promise.complete(Promise.java:66)
	at io.vertx.core.Promise.handle(Promise.java:51)
	at io.vertx.core.Promise.handle(Promise.java:29)
	at io.vertx.core.impl.future.FutureImpl$3.onSuccess(FutureImpl.java:141)
	at io.vertx.core.impl.future.FutureBase.emitSuccess(FutureBase.java:60)
	at io.vertx.core.impl.future.FutureImpl.tryComplete(FutureImpl.java:211)
	at io.vertx.core.impl.future.Composition$1.onSuccess(Composition.java:62)
	at io.vertx.core.impl.future.FutureBase.emitSuccess(FutureBase.java:60)
	at io.vertx.core.impl.future.FutureImpl.tryComplete(FutureImpl.java:211)
	at io.vertx.core.impl.future.Transformation$1.onSuccess(Transformation.java:63)
	at io.vertx.core.impl.future.FutureBase.emitSuccess(FutureBase.java:60)
	at io.vertx.core.impl.future.FutureImpl.addListener(FutureImpl.java:196)
	at io.vertx.core.impl.future.PromiseImpl.addListener(PromiseImpl.java:23)
	at io.vertx.core.impl.future.Transformation.onSuccess(Transformation.java:44)
	at io.vertx.core.impl.future.FutureBase.lambda$emitSuccess$0(FutureBase.java:54)
	at io.netty.util.concurrent.AbstractEventExecutor.runTask(AbstractEventExecutor.java:173)
	at io.netty.util.concurrent.AbstractEventExecutor.safeExecute(AbstractEventExecutor.java:166)
	at io.netty.util.concurrent.SingleThreadEventExecutor.runAllTasks(SingleThreadEventExecutor.java:470)
	at io.netty.channel.nio.NioEventLoop.run(NioEventLoop.java:569)
	at io.netty.util.concurrent.SingleThreadEventExecutor$4.run(SingleThreadEventExecutor.java:997)
	at io.netty.util.internal.ThreadExecutorMap$2.run(ThreadExecutorMap.java:74)
	at io.netty.util.concurrent.FastThreadLocalRunnable.run(FastThreadLocalRunnable.java:30)
	at java.base/java.lang.Thread.run(Thread.java:1583)
Caused by: java.security.InvalidKeyException: Invalid AES key length: 43 bytes
	at java.base/com.sun.crypto.provider.AESCrypt.makeSessionKey(AESCrypt.java:1329)
	at java.base/com.sun.crypto.provider.AESCrypt.init(AESCrypt.java:1053)
	at java.base/com.sun.crypto.provider.GaloisCounterMode.init(GaloisCounterMode.java:178)
	at java.base/com.sun.crypto.provider.GaloisCounterMode.engineInit(GaloisCounterMode.java:304)
	at java.base/javax.crypto.Cipher.implInit(Cipher.java:876)
	at java.base/javax.crypto.Cipher.chooseProvider(Cipher.java:934)
	at java.base/javax.crypto.Cipher.init(Cipher.java:1466)
	at java.base/javax.crypto.Cipher.init(Cipher.java:1393)
	at com.nms.utils.EncryptionUtils.encrypt(EncryptionUtils.java:69)
	... 50 common frames omitted
2025-10-13 16:44:25.627 [vert.x-eventloop-thread-0] ERROR [cfb8192d-b701-477c-a253-81631a37741a] com.nms.handlers.CredentialHandler - Failed to create credential profile
java.lang.RuntimeException: Failed to encrypt data
	at com.nms.utils.EncryptionUtils.encrypt(EncryptionUtils.java:85)
	at com.nms.services.CredentialService.createCredentialProfile(CredentialService.java:62)
	at com.nms.handlers.CredentialHandler.handleCreateCredentialProfile(CredentialHandler.java:80)
	at io.vertx.ext.web.impl.RouteState.handleContext(RouteState.java:1286)
	at io.vertx.ext.web.impl.RoutingContextImplBase.iterateNext(RoutingContextImplBase.java:177)
	at io.vertx.ext.web.impl.RoutingContextWrapper.next(RoutingContextWrapper.java:200)
	at com.nms.middleware.AuthMiddleware.lambda$handle$0(AuthMiddleware.java:50)
	at io.vertx.core.impl.future.FutureImpl$1.onSuccess(FutureImpl.java:91)
	at io.vertx.core.impl.future.FutureImpl$ListenerArray.onSuccess(FutureImpl.java:262)
	at io.vertx.core.impl.future.FutureBase.emitSuccess(FutureBase.java:60)
	at io.vertx.core.impl.future.FutureImpl.tryComplete(FutureImpl.java:211)
	at io.vertx.core.impl.future.PromiseImpl.tryComplete(PromiseImpl.java:23)
	at io.vertx.core.Promise.complete(Promise.java:66)
	at com.nms.services.AuthService.lambda$validateToken$6(AuthService.java:197)
	at io.vertx.core.impl.future.FutureImpl$1.onSuccess(FutureImpl.java:91)
	at io.vertx.core.impl.future.FutureImpl$ListenerArray.onSuccess(FutureImpl.java:262)
	at io.vertx.core.impl.future.FutureBase.emitSuccess(FutureBase.java:60)
	at io.vertx.core.impl.future.FutureImpl.tryComplete(FutureImpl.java:211)
	at io.vertx.core.impl.future.PromiseImpl.tryComplete(PromiseImpl.java:23)
	at io.vertx.core.Promise.complete(Promise.java:66)
	at com.nms.services.DatabaseService.lambda$findUserById$6(DatabaseService.java:137)
	at io.vertx.core.impl.future.FutureImpl$1.onSuccess(FutureImpl.java:91)
	at io.vertx.core.impl.future.FutureImpl$ListenerArray.onSuccess(FutureImpl.java:262)
	at io.vertx.core.impl.future.FutureBase.emitSuccess(FutureBase.java:60)
	at io.vertx.core.impl.future.FutureImpl.tryComplete(FutureImpl.java:211)
	at io.vertx.core.impl.future.PromiseImpl.tryComplete(PromiseImpl.java:23)
	at io.vertx.sqlclient.impl.QueryResultBuilder.tryComplete(QueryResultBuilder.java:88)
	at io.vertx.sqlclient.impl.QueryResultBuilder.tryComplete(QueryResultBuilder.java:32)
	at io.vertx.core.Promise.complete(Promise.java:66)
	at io.vertx.core.Promise.handle(Promise.java:51)
	at io.vertx.core.Promise.handle(Promise.java:29)
	at io.vertx.core.impl.future.FutureImpl$3.onSuccess(FutureImpl.java:141)
	at io.vertx.core.impl.future.FutureBase.emitSuccess(FutureBase.java:60)
	at io.vertx.core.impl.future.FutureImpl.tryComplete(FutureImpl.java:211)
	at io.vertx.core.impl.future.Composition$1.onSuccess(Composition.java:62)
	at io.vertx.core.impl.future.FutureBase.emitSuccess(FutureBase.java:60)
	at io.vertx.core.impl.future.FutureImpl.tryComplete(FutureImpl.java:211)
	at io.vertx.core.impl.future.Transformation$1.onSuccess(Transformation.java:63)
	at io.vertx.core.impl.future.FutureBase.emitSuccess(FutureBase.java:60)
	at io.vertx.core.impl.future.FutureImpl.addListener(FutureImpl.java:196)
	at io.vertx.core.impl.future.PromiseImpl.addListener(PromiseImpl.java:23)
	at io.vertx.core.impl.future.Transformation.onSuccess(Transformation.java:44)
	at io.vertx.core.impl.future.FutureBase.lambda$emitSuccess$0(FutureBase.java:54)
	at io.netty.util.concurrent.AbstractEventExecutor.runTask(AbstractEventExecutor.java:173)
	at io.netty.util.concurrent.AbstractEventExecutor.safeExecute(AbstractEventExecutor.java:166)
	at io.netty.util.concurrent.SingleThreadEventExecutor.runAllTasks(SingleThreadEventExecutor.java:470)
	at io.netty.channel.nio.NioEventLoop.run(NioEventLoop.java:569)
	at io.netty.util.concurrent.SingleThreadEventExecutor$4.run(SingleThreadEventExecutor.java:997)
	at io.netty.util.internal.ThreadExecutorMap$2.run(ThreadExecutorMap.java:74)
	at io.netty.util.concurrent.FastThreadLocalRunnable.run(FastThreadLocalRunnable.java:30)
	at java.base/java.lang.Thread.run(Thread.java:1583)
Caused by: java.security.InvalidKeyException: Invalid AES key length: 43 bytes
	at java.base/com.sun.crypto.provider.AESCrypt.makeSessionKey(AESCrypt.java:1329)
	at java.base/com.sun.crypto.provider.AESCrypt.init(AESCrypt.java:1053)
	at java.base/com.sun.crypto.provider.GaloisCounterMode.init(GaloisCounterMode.java:178)
	at java.base/com.sun.crypto.provider.GaloisCounterMode.engineInit(GaloisCounterMode.java:304)
	at java.base/javax.crypto.Cipher.implInit(Cipher.java:876)
	at java.base/javax.crypto.Cipher.chooseProvider(Cipher.java:934)
	at java.base/javax.crypto.Cipher.init(Cipher.java:1466)
	at java.base/javax.crypto.Cipher.init(Cipher.java:1393)
	at com.nms.utils.EncryptionUtils.encrypt(EncryptionUtils.java:69)
	... 50 common frames omitted
2025-10-13 16:44:26.444 [vert.x-eventloop-thread-0] ERROR [26c5b35e-07c7-476c-bbaa-4e8aa74d072a] com.nms.utils.EncryptionUtils - Failed to encrypt data
java.security.InvalidKeyException: Invalid AES key length: 43 bytes
	at java.base/com.sun.crypto.provider.AESCrypt.makeSessionKey(AESCrypt.java:1329)
	at java.base/com.sun.crypto.provider.AESCrypt.init(AESCrypt.java:1053)
	at java.base/com.sun.crypto.provider.GaloisCounterMode.init(GaloisCounterMode.java:178)
	at java.base/com.sun.crypto.provider.GaloisCounterMode.engineInit(GaloisCounterMode.java:304)
	at java.base/javax.crypto.Cipher.implInit(Cipher.java:876)
	at java.base/javax.crypto.Cipher.chooseProvider(Cipher.java:934)
	at java.base/javax.crypto.Cipher.init(Cipher.java:1466)
	at java.base/javax.crypto.Cipher.init(Cipher.java:1393)
	at com.nms.utils.EncryptionUtils.encrypt(EncryptionUtils.java:69)
	at com.nms.services.CredentialService.createCredentialProfile(CredentialService.java:62)
	at com.nms.handlers.CredentialHandler.handleCreateCredentialProfile(CredentialHandler.java:80)
	at io.vertx.ext.web.impl.RouteState.handleContext(RouteState.java:1286)
	at io.vertx.ext.web.impl.RoutingContextImplBase.iterateNext(RoutingContextImplBase.java:177)
	at io.vertx.ext.web.impl.RoutingContextWrapper.next(RoutingContextWrapper.java:200)
	at com.nms.middleware.AuthMiddleware.lambda$handle$0(AuthMiddleware.java:50)
	at io.vertx.core.impl.future.FutureImpl$1.onSuccess(FutureImpl.java:91)
	at io.vertx.core.impl.future.FutureImpl$ListenerArray.onSuccess(FutureImpl.java:262)
	at io.vertx.core.impl.future.FutureBase.emitSuccess(FutureBase.java:60)
	at io.vertx.core.impl.future.FutureImpl.tryComplete(FutureImpl.java:211)
	at io.vertx.core.impl.future.PromiseImpl.tryComplete(PromiseImpl.java:23)
	at io.vertx.core.Promise.complete(Promise.java:66)
	at com.nms.services.AuthService.lambda$validateToken$6(AuthService.java:197)
	at io.vertx.core.impl.future.FutureImpl$1.onSuccess(FutureImpl.java:91)
	at io.vertx.core.impl.future.FutureImpl$ListenerArray.onSuccess(FutureImpl.java:262)
	at io.vertx.core.impl.future.FutureBase.emitSuccess(FutureBase.java:60)
	at io.vertx.core.impl.future.FutureImpl.tryComplete(FutureImpl.java:211)
	at io.vertx.core.impl.future.PromiseImpl.tryComplete(PromiseImpl.java:23)
	at io.vertx.core.Promise.complete(Promise.java:66)
	at com.nms.services.DatabaseService.lambda$findUserById$6(DatabaseService.java:137)
	at io.vertx.core.impl.future.FutureImpl$1.onSuccess(FutureImpl.java:91)
	at io.vertx.core.impl.future.FutureImpl$ListenerArray.onSuccess(FutureImpl.java:262)
	at io.vertx.core.impl.future.FutureBase.emitSuccess(FutureBase.java:60)
	at io.vertx.core.impl.future.FutureImpl.tryComplete(FutureImpl.java:211)
	at io.vertx.core.impl.future.PromiseImpl.tryComplete(PromiseImpl.java:23)
	at io.vertx.sqlclient.impl.QueryResultBuilder.tryComplete(QueryResultBuilder.java:88)
	at io.vertx.sqlclient.impl.QueryResultBuilder.tryComplete(QueryResultBuilder.java:32)
	at io.vertx.core.Promise.complete(Promise.java:66)
	at io.vertx.core.Promise.handle(Promise.java:51)
	at io.vertx.core.Promise.handle(Promise.java:29)
	at io.vertx.core.impl.future.FutureImpl$3.onSuccess(FutureImpl.java:141)
	at io.vertx.core.impl.future.FutureBase.emitSuccess(FutureBase.java:60)
	at io.vertx.core.impl.future.FutureImpl.tryComplete(FutureImpl.java:211)
	at io.vertx.core.impl.future.Composition$1.onSuccess(Composition.java:62)
	at io.vertx.core.impl.future.FutureBase.emitSuccess(FutureBase.java:60)
	at io.vertx.core.impl.future.FutureImpl.tryComplete(FutureImpl.java:211)
	at io.vertx.core.impl.future.Transformation$1.onSuccess(Transformation.java:63)
	at io.vertx.core.impl.future.FutureBase.emitSuccess(FutureBase.java:60)
	at io.vertx.core.impl.future.FutureImpl.addListener(FutureImpl.java:196)
	at io.vertx.core.impl.future.PromiseImpl.addListener(PromiseImpl.java:23)
	at io.vertx.core.impl.future.Transformation.onSuccess(Transformation.java:44)
	at io.vertx.core.impl.future.FutureBase.lambda$emitSuccess$0(FutureBase.java:54)
	at io.netty.util.concurrent.AbstractEventExecutor.runTask(AbstractEventExecutor.java:173)
	at io.netty.util.concurrent.AbstractEventExecutor.safeExecute(AbstractEventExecutor.java:166)
	at io.netty.util.concurrent.SingleThreadEventExecutor.runAllTasks(SingleThreadEventExecutor.java:470)
	at io.netty.channel.nio.NioEventLoop.run(NioEventLoop.java:569)
	at io.netty.util.concurrent.SingleThreadEventExecutor$4.run(SingleThreadEventExecutor.java:997)
	at io.netty.util.internal.ThreadExecutorMap$2.run(ThreadExecutorMap.java:74)
	at io.netty.util.concurrent.FastThreadLocalRunnable.run(FastThreadLocalRunnable.java:30)
	at java.base/java.lang.Thread.run(Thread.java:1583)
2025-10-13 16:44:26.444 [vert.x-eventloop-thread-0] ERROR [26c5b35e-07c7-476c-bbaa-4e8aa74d072a] com.nms.services.CredentialService - Error creating credential profile
java.lang.RuntimeException: Failed to encrypt data
	at com.nms.utils.EncryptionUtils.encrypt(EncryptionUtils.java:85)
	at com.nms.services.CredentialService.createCredentialProfile(CredentialService.java:62)
	at com.nms.handlers.CredentialHandler.handleCreateCredentialProfile(CredentialHandler.java:80)
	at io.vertx.ext.web.impl.RouteState.handleContext(RouteState.java:1286)
	at io.vertx.ext.web.impl.RoutingContextImplBase.iterateNext(RoutingContextImplBase.java:177)
	at io.vertx.ext.web.impl.RoutingContextWrapper.next(RoutingContextWrapper.java:200)
	at com.nms.middleware.AuthMiddleware.lambda$handle$0(AuthMiddleware.java:50)
	at io.vertx.core.impl.future.FutureImpl$1.onSuccess(FutureImpl.java:91)
	at io.vertx.core.impl.future.FutureImpl$ListenerArray.onSuccess(FutureImpl.java:262)
	at io.vertx.core.impl.future.FutureBase.emitSuccess(FutureBase.java:60)
	at io.vertx.core.impl.future.FutureImpl.tryComplete(FutureImpl.java:211)
	at io.vertx.core.impl.future.PromiseImpl.tryComplete(PromiseImpl.java:23)
	at io.vertx.core.Promise.complete(Promise.java:66)
	at com.nms.services.AuthService.lambda$validateToken$6(AuthService.java:197)
	at io.vertx.core.impl.future.FutureImpl$1.onSuccess(FutureImpl.java:91)
	at io.vertx.core.impl.future.FutureImpl$ListenerArray.onSuccess(FutureImpl.java:262)
	at io.vertx.core.impl.future.FutureBase.emitSuccess(FutureBase.java:60)
	at io.vertx.core.impl.future.FutureImpl.tryComplete(FutureImpl.java:211)
	at io.vertx.core.impl.future.PromiseImpl.tryComplete(PromiseImpl.java:23)
	at io.vertx.core.Promise.complete(Promise.java:66)
	at com.nms.services.DatabaseService.lambda$findUserById$6(DatabaseService.java:137)
	at io.vertx.core.impl.future.FutureImpl$1.onSuccess(FutureImpl.java:91)
	at io.vertx.core.impl.future.FutureImpl$ListenerArray.onSuccess(FutureImpl.java:262)
	at io.vertx.core.impl.future.FutureBase.emitSuccess(FutureBase.java:60)
	at io.vertx.core.impl.future.FutureImpl.tryComplete(FutureImpl.java:211)
	at io.vertx.core.impl.future.PromiseImpl.tryComplete(PromiseImpl.java:23)
	at io.vertx.sqlclient.impl.QueryResultBuilder.tryComplete(QueryResultBuilder.java:88)
	at io.vertx.sqlclient.impl.QueryResultBuilder.tryComplete(QueryResultBuilder.java:32)
	at io.vertx.core.Promise.complete(Promise.java:66)
	at io.vertx.core.Promise.handle(Promise.java:51)
	at io.vertx.core.Promise.handle(Promise.java:29)
	at io.vertx.core.impl.future.FutureImpl$3.onSuccess(FutureImpl.java:141)
	at io.vertx.core.impl.future.FutureBase.emitSuccess(FutureBase.java:60)
	at io.vertx.core.impl.future.FutureImpl.tryComplete(FutureImpl.java:211)
	at io.vertx.core.impl.future.Composition$1.onSuccess(Composition.java:62)
	at io.vertx.core.impl.future.FutureBase.emitSuccess(FutureBase.java:60)
	at io.vertx.core.impl.future.FutureImpl.tryComplete(FutureImpl.java:211)
	at io.vertx.core.impl.future.Transformation$1.onSuccess(Transformation.java:63)
	at io.vertx.core.impl.future.FutureBase.emitSuccess(FutureBase.java:60)
	at io.vertx.core.impl.future.FutureImpl.addListener(FutureImpl.java:196)
	at io.vertx.core.impl.future.PromiseImpl.addListener(PromiseImpl.java:23)
	at io.vertx.core.impl.future.Transformation.onSuccess(Transformation.java:44)
	at io.vertx.core.impl.future.FutureBase.lambda$emitSuccess$0(FutureBase.java:54)
	at io.netty.util.concurrent.AbstractEventExecutor.runTask(AbstractEventExecutor.java:173)
	at io.netty.util.concurrent.AbstractEventExecutor.safeExecute(AbstractEventExecutor.java:166)
	at io.netty.util.concurrent.SingleThreadEventExecutor.runAllTasks(SingleThreadEventExecutor.java:470)
	at io.netty.channel.nio.NioEventLoop.run(NioEventLoop.java:569)
	at io.netty.util.concurrent.SingleThreadEventExecutor$4.run(SingleThreadEventExecutor.java:997)
	at io.netty.util.internal.ThreadExecutorMap$2.run(ThreadExecutorMap.java:74)
	at io.netty.util.concurrent.FastThreadLocalRunnable.run(FastThreadLocalRunnable.java:30)
	at java.base/java.lang.Thread.run(Thread.java:1583)
Caused by: java.security.InvalidKeyException: Invalid AES key length: 43 bytes
	at java.base/com.sun.crypto.provider.AESCrypt.makeSessionKey(AESCrypt.java:1329)
	at java.base/com.sun.crypto.provider.AESCrypt.init(AESCrypt.java:1053)
	at java.base/com.sun.crypto.provider.GaloisCounterMode.init(GaloisCounterMode.java:178)
	at java.base/com.sun.crypto.provider.GaloisCounterMode.engineInit(GaloisCounterMode.java:304)
	at java.base/javax.crypto.Cipher.implInit(Cipher.java:876)
	at java.base/javax.crypto.Cipher.chooseProvider(Cipher.java:934)
	at java.base/javax.crypto.Cipher.init(Cipher.java:1466)
	at java.base/javax.crypto.Cipher.init(Cipher.java:1393)
	at com.nms.utils.EncryptionUtils.encrypt(EncryptionUtils.java:69)
	... 50 common frames omitted
2025-10-13 16:44:26.444 [vert.x-eventloop-thread-0] ERROR [26c5b35e-07c7-476c-bbaa-4e8aa74d072a] com.nms.handlers.CredentialHandler - Failed to create credential profile
java.lang.RuntimeException: Failed to encrypt data
	at com.nms.utils.EncryptionUtils.encrypt(EncryptionUtils.java:85)
	at com.nms.services.CredentialService.createCredentialProfile(CredentialService.java:62)
	at com.nms.handlers.CredentialHandler.handleCreateCredentialProfile(CredentialHandler.java:80)
	at io.vertx.ext.web.impl.RouteState.handleContext(RouteState.java:1286)
	at io.vertx.ext.web.impl.RoutingContextImplBase.iterateNext(RoutingContextImplBase.java:177)
	at io.vertx.ext.web.impl.RoutingContextWrapper.next(RoutingContextWrapper.java:200)
	at com.nms.middleware.AuthMiddleware.lambda$handle$0(AuthMiddleware.java:50)
	at io.vertx.core.impl.future.FutureImpl$1.onSuccess(FutureImpl.java:91)
	at io.vertx.core.impl.future.FutureImpl$ListenerArray.onSuccess(FutureImpl.java:262)
	at io.vertx.core.impl.future.FutureBase.emitSuccess(FutureBase.java:60)
	at io.vertx.core.impl.future.FutureImpl.tryComplete(FutureImpl.java:211)
	at io.vertx.core.impl.future.PromiseImpl.tryComplete(PromiseImpl.java:23)
	at io.vertx.core.Promise.complete(Promise.java:66)
	at com.nms.services.AuthService.lambda$validateToken$6(AuthService.java:197)
	at io.vertx.core.impl.future.FutureImpl$1.onSuccess(FutureImpl.java:91)
	at io.vertx.core.impl.future.FutureImpl$ListenerArray.onSuccess(FutureImpl.java:262)
	at io.vertx.core.impl.future.FutureBase.emitSuccess(FutureBase.java:60)
	at io.vertx.core.impl.future.FutureImpl.tryComplete(FutureImpl.java:211)
	at io.vertx.core.impl.future.PromiseImpl.tryComplete(PromiseImpl.java:23)
	at io.vertx.core.Promise.complete(Promise.java:66)
	at com.nms.services.DatabaseService.lambda$findUserById$6(DatabaseService.java:137)
	at io.vertx.core.impl.future.FutureImpl$1.onSuccess(FutureImpl.java:91)
	at io.vertx.core.impl.future.FutureImpl$ListenerArray.onSuccess(FutureImpl.java:262)
	at io.vertx.core.impl.future.FutureBase.emitSuccess(FutureBase.java:60)
	at io.vertx.core.impl.future.FutureImpl.tryComplete(FutureImpl.java:211)
	at io.vertx.core.impl.future.PromiseImpl.tryComplete(PromiseImpl.java:23)
	at io.vertx.sqlclient.impl.QueryResultBuilder.tryComplete(QueryResultBuilder.java:88)
	at io.vertx.sqlclient.impl.QueryResultBuilder.tryComplete(QueryResultBuilder.java:32)
	at io.vertx.core.Promise.complete(Promise.java:66)
	at io.vertx.core.Promise.handle(Promise.java:51)
	at io.vertx.core.Promise.handle(Promise.java:29)
	at io.vertx.core.impl.future.FutureImpl$3.onSuccess(FutureImpl.java:141)
	at io.vertx.core.impl.future.FutureBase.emitSuccess(FutureBase.java:60)
	at io.vertx.core.impl.future.FutureImpl.tryComplete(FutureImpl.java:211)
	at io.vertx.core.impl.future.Composition$1.onSuccess(Composition.java:62)
	at io.vertx.core.impl.future.FutureBase.emitSuccess(FutureBase.java:60)
	at io.vertx.core.impl.future.FutureImpl.tryComplete(FutureImpl.java:211)
	at io.vertx.core.impl.future.Transformation$1.onSuccess(Transformation.java:63)
	at io.vertx.core.impl.future.FutureBase.emitSuccess(FutureBase.java:60)
	at io.vertx.core.impl.future.FutureImpl.addListener(FutureImpl.java:196)
	at io.vertx.core.impl.future.PromiseImpl.addListener(PromiseImpl.java:23)
	at io.vertx.core.impl.future.Transformation.onSuccess(Transformation.java:44)
	at io.vertx.core.impl.future.FutureBase.lambda$emitSuccess$0(FutureBase.java:54)
	at io.netty.util.concurrent.AbstractEventExecutor.runTask(AbstractEventExecutor.java:173)
	at io.netty.util.concurrent.AbstractEventExecutor.safeExecute(AbstractEventExecutor.java:166)
	at io.netty.util.concurrent.SingleThreadEventExecutor.runAllTasks(SingleThreadEventExecutor.java:470)
	at io.netty.channel.nio.NioEventLoop.run(NioEventLoop.java:569)
	at io.netty.util.concurrent.SingleThreadEventExecutor$4.run(SingleThreadEventExecutor.java:997)
	at io.netty.util.internal.ThreadExecutorMap$2.run(ThreadExecutorMap.java:74)
	at io.netty.util.concurrent.FastThreadLocalRunnable.run(FastThreadLocalRunnable.java:30)
	at java.base/java.lang.Thread.run(Thread.java:1583)
Caused by: java.security.InvalidKeyException: Invalid AES key length: 43 bytes
	at java.base/com.sun.crypto.provider.AESCrypt.makeSessionKey(AESCrypt.java:1329)
	at java.base/com.sun.crypto.provider.AESCrypt.init(AESCrypt.java:1053)
	at java.base/com.sun.crypto.provider.GaloisCounterMode.init(GaloisCounterMode.java:178)
	at java.base/com.sun.crypto.provider.GaloisCounterMode.engineInit(GaloisCounterMode.java:304)
	at java.base/javax.crypto.Cipher.implInit(Cipher.java:876)
	at java.base/javax.crypto.Cipher.chooseProvider(Cipher.java:934)
	at java.base/javax.crypto.Cipher.init(Cipher.java:1466)
	at java.base/javax.crypto.Cipher.init(Cipher.java:1393)
	at com.nms.utils.EncryptionUtils.encrypt(EncryptionUtils.java:69)
	... 50 common frames omitted
2025-10-13 18:08:06.946 [vert.x-eventloop-thread-0] ERROR [] com.nms.Main - Failed to start NMS Lite Backend Service
java.lang.IllegalArgumentException: Illegal base64 character 2d
	at java.base/java.util.Base64$Decoder.decode0(Base64.java:852)
	at java.base/java.util.Base64$Decoder.decode(Base64.java:570)
	at java.base/java.util.Base64$Decoder.decode(Base64.java:593)
	at com.nms.utils.EncryptionUtils.<init>(EncryptionUtils.java:35)
	at com.nms.Main.lambda$start$3(Main.java:82)
	at io.vertx.core.impl.future.Composition.onSuccess(Composition.java:38)
	at io.vertx.core.impl.future.FutureBase.emitSuccess(FutureBase.java:60)
	at io.vertx.core.impl.future.FutureImpl.tryComplete(FutureImpl.java:211)
	at io.vertx.core.impl.future.Composition$1.onSuccess(Composition.java:62)
	at io.vertx.core.impl.future.FutureBase.emitSuccess(FutureBase.java:60)
	at io.vertx.core.impl.future.FutureImpl.tryComplete(FutureImpl.java:211)
	at io.vertx.core.impl.future.Mapping.onSuccess(Mapping.java:40)
	at io.vertx.core.impl.future.FutureBase.emitSuccess(FutureBase.java:60)
	at io.vertx.core.impl.future.FutureImpl.tryComplete(FutureImpl.java:211)
	at io.vertx.core.impl.future.PromiseImpl.tryComplete(PromiseImpl.java:23)
	at io.vertx.sqlclient.impl.QueryResultBuilder.tryComplete(QueryResultBuilder.java:88)
	at io.vertx.sqlclient.impl.QueryResultBuilder.tryComplete(QueryResultBuilder.java:32)
	at io.vertx.core.Promise.complete(Promise.java:66)
	at io.vertx.core.Promise.handle(Promise.java:51)
	at io.vertx.core.Promise.handle(Promise.java:29)
	at io.vertx.core.impl.future.FutureImpl$3.onSuccess(FutureImpl.java:141)
	at io.vertx.core.impl.future.FutureBase.emitSuccess(FutureBase.java:60)
	at io.vertx.core.impl.future.FutureImpl.tryComplete(FutureImpl.java:211)
	at io.vertx.core.impl.future.Composition$1.onSuccess(Composition.java:62)
	at io.vertx.core.impl.future.FutureBase.emitSuccess(FutureBase.java:60)
	at io.vertx.core.impl.future.FutureImpl.tryComplete(FutureImpl.java:211)
	at io.vertx.core.impl.future.Transformation$1.onSuccess(Transformation.java:63)
	at io.vertx.core.impl.future.FutureBase.emitSuccess(FutureBase.java:60)
	at io.vertx.core.impl.future.FutureImpl.addListener(FutureImpl.java:196)
	at io.vertx.core.impl.future.PromiseImpl.addListener(PromiseImpl.java:23)
	at io.vertx.core.impl.future.Transformation.onSuccess(Transformation.java:44)
	at io.vertx.core.impl.future.FutureBase.lambda$emitSuccess$0(FutureBase.java:54)
	at io.netty.util.concurrent.AbstractEventExecutor.runTask(AbstractEventExecutor.java:173)
	at io.netty.util.concurrent.AbstractEventExecutor.safeExecute(AbstractEventExecutor.java:166)
	at io.netty.util.concurrent.SingleThreadEventExecutor.runAllTasks(SingleThreadEventExecutor.java:470)
	at io.netty.channel.nio.NioEventLoop.run(NioEventLoop.java:569)
	at io.netty.util.concurrent.SingleThreadEventExecutor$4.run(SingleThreadEventExecutor.java:997)
	at io.netty.util.internal.ThreadExecutorMap$2.run(ThreadExecutorMap.java:74)
	at io.netty.util.concurrent.FastThreadLocalRunnable.run(FastThreadLocalRunnable.java:30)
	at java.base/java.lang.Thread.run(Thread.java:1583)
2025-10-13 18:08:06.965 [vert.x-eventloop-thread-2] ERROR [] com.nms.Main - Failed to deploy Main verticle
java.lang.IllegalArgumentException: Illegal base64 character 2d
	at java.base/java.util.Base64$Decoder.decode0(Base64.java:852)
	at java.base/java.util.Base64$Decoder.decode(Base64.java:570)
	at java.base/java.util.Base64$Decoder.decode(Base64.java:593)
	at com.nms.utils.EncryptionUtils.<init>(EncryptionUtils.java:35)
	at com.nms.Main.lambda$start$3(Main.java:82)
	at io.vertx.core.impl.future.Composition.onSuccess(Composition.java:38)
	at io.vertx.core.impl.future.FutureBase.emitSuccess(FutureBase.java:60)
	at io.vertx.core.impl.future.FutureImpl.tryComplete(FutureImpl.java:211)
	at io.vertx.core.impl.future.Composition$1.onSuccess(Composition.java:62)
	at io.vertx.core.impl.future.FutureBase.emitSuccess(FutureBase.java:60)
	at io.vertx.core.impl.future.FutureImpl.tryComplete(FutureImpl.java:211)
	at io.vertx.core.impl.future.Mapping.onSuccess(Mapping.java:40)
	at io.vertx.core.impl.future.FutureBase.emitSuccess(FutureBase.java:60)
	at io.vertx.core.impl.future.FutureImpl.tryComplete(FutureImpl.java:211)
	at io.vertx.core.impl.future.PromiseImpl.tryComplete(PromiseImpl.java:23)
	at io.vertx.sqlclient.impl.QueryResultBuilder.tryComplete(QueryResultBuilder.java:88)
	at io.vertx.sqlclient.impl.QueryResultBuilder.tryComplete(QueryResultBuilder.java:32)
	at io.vertx.core.Promise.complete(Promise.java:66)
	at io.vertx.core.Promise.handle(Promise.java:51)
	at io.vertx.core.Promise.handle(Promise.java:29)
	at io.vertx.core.impl.future.FutureImpl$3.onSuccess(FutureImpl.java:141)
	at io.vertx.core.impl.future.FutureBase.emitSuccess(FutureBase.java:60)
	at io.vertx.core.impl.future.FutureImpl.tryComplete(FutureImpl.java:211)
	at io.vertx.core.impl.future.Composition$1.onSuccess(Composition.java:62)
	at io.vertx.core.impl.future.FutureBase.emitSuccess(FutureBase.java:60)
	at io.vertx.core.impl.future.FutureImpl.tryComplete(FutureImpl.java:211)
	at io.vertx.core.impl.future.Transformation$1.onSuccess(Transformation.java:63)
	at io.vertx.core.impl.future.FutureBase.emitSuccess(FutureBase.java:60)
	at io.vertx.core.impl.future.FutureImpl.addListener(FutureImpl.java:196)
	at io.vertx.core.impl.future.PromiseImpl.addListener(PromiseImpl.java:23)
	at io.vertx.core.impl.future.Transformation.onSuccess(Transformation.java:44)
	at io.vertx.core.impl.future.FutureBase.lambda$emitSuccess$0(FutureBase.java:54)
	at io.netty.util.concurrent.AbstractEventExecutor.runTask(AbstractEventExecutor.java:173)
	at io.netty.util.concurrent.AbstractEventExecutor.safeExecute(AbstractEventExecutor.java:166)
	at io.netty.util.concurrent.SingleThreadEventExecutor.runAllTasks(SingleThreadEventExecutor.java:470)
	at io.netty.channel.nio.NioEventLoop.run(NioEventLoop.java:569)
	at io.netty.util.concurrent.SingleThreadEventExecutor$4.run(SingleThreadEventExecutor.java:997)
	at io.netty.util.internal.ThreadExecutorMap$2.run(ThreadExecutorMap.java:74)
	at io.netty.util.concurrent.FastThreadLocalRunnable.run(FastThreadLocalRunnable.java:30)
	at java.base/java.lang.Thread.run(Thread.java:1583)
2025-10-13 18:08:22.414 [vert.x-eventloop-thread-0] ERROR [] com.nms.Main - Failed to start NMS Lite Backend Service
java.lang.IllegalArgumentException: Illegal base64 character 2d
	at java.base/java.util.Base64$Decoder.decode0(Base64.java:852)
	at java.base/java.util.Base64$Decoder.decode(Base64.java:570)
	at java.base/java.util.Base64$Decoder.decode(Base64.java:593)
	at com.nms.utils.EncryptionUtils.<init>(EncryptionUtils.java:35)
	at com.nms.Main.lambda$start$3(Main.java:82)
	at io.vertx.core.impl.future.Composition.onSuccess(Composition.java:38)
	at io.vertx.core.impl.future.FutureBase.emitSuccess(FutureBase.java:60)
	at io.vertx.core.impl.future.FutureImpl.tryComplete(FutureImpl.java:211)
	at io.vertx.core.impl.future.Composition$1.onSuccess(Composition.java:62)
	at io.vertx.core.impl.future.FutureBase.emitSuccess(FutureBase.java:60)
	at io.vertx.core.impl.future.FutureImpl.tryComplete(FutureImpl.java:211)
	at io.vertx.core.impl.future.Mapping.onSuccess(Mapping.java:40)
	at io.vertx.core.impl.future.FutureBase.emitSuccess(FutureBase.java:60)
	at io.vertx.core.impl.future.FutureImpl.tryComplete(FutureImpl.java:211)
	at io.vertx.core.impl.future.PromiseImpl.tryComplete(PromiseImpl.java:23)
	at io.vertx.sqlclient.impl.QueryResultBuilder.tryComplete(QueryResultBuilder.java:88)
	at io.vertx.sqlclient.impl.QueryResultBuilder.tryComplete(QueryResultBuilder.java:32)
	at io.vertx.core.Promise.complete(Promise.java:66)
	at io.vertx.core.Promise.handle(Promise.java:51)
	at io.vertx.core.Promise.handle(Promise.java:29)
	at io.vertx.core.impl.future.FutureImpl$3.onSuccess(FutureImpl.java:141)
	at io.vertx.core.impl.future.FutureBase.emitSuccess(FutureBase.java:60)
	at io.vertx.core.impl.future.FutureImpl.tryComplete(FutureImpl.java:211)
	at io.vertx.core.impl.future.Composition$1.onSuccess(Composition.java:62)
	at io.vertx.core.impl.future.FutureBase.emitSuccess(FutureBase.java:60)
	at io.vertx.core.impl.future.FutureImpl.tryComplete(FutureImpl.java:211)
	at io.vertx.core.impl.future.Transformation$1.onSuccess(Transformation.java:63)
	at io.vertx.core.impl.future.FutureBase.emitSuccess(FutureBase.java:60)
	at io.vertx.core.impl.future.FutureImpl.addListener(FutureImpl.java:196)
	at io.vertx.core.impl.future.PromiseImpl.addListener(PromiseImpl.java:23)
	at io.vertx.core.impl.future.Transformation.onSuccess(Transformation.java:44)
	at io.vertx.core.impl.future.FutureBase.lambda$emitSuccess$0(FutureBase.java:54)
	at io.netty.util.concurrent.AbstractEventExecutor.runTask(AbstractEventExecutor.java:173)
	at io.netty.util.concurrent.AbstractEventExecutor.safeExecute(AbstractEventExecutor.java:166)
	at io.netty.util.concurrent.SingleThreadEventExecutor.runAllTasks(SingleThreadEventExecutor.java:470)
	at io.netty.channel.nio.NioEventLoop.run(NioEventLoop.java:569)
	at io.netty.util.concurrent.SingleThreadEventExecutor$4.run(SingleThreadEventExecutor.java:997)
	at io.netty.util.internal.ThreadExecutorMap$2.run(ThreadExecutorMap.java:74)
	at io.netty.util.concurrent.FastThreadLocalRunnable.run(FastThreadLocalRunnable.java:30)
	at java.base/java.lang.Thread.run(Thread.java:1583)
2025-10-13 18:08:22.429 [vert.x-eventloop-thread-2] ERROR [] com.nms.Main - Failed to deploy Main verticle
java.lang.IllegalArgumentException: Illegal base64 character 2d
	at java.base/java.util.Base64$Decoder.decode0(Base64.java:852)
	at java.base/java.util.Base64$Decoder.decode(Base64.java:570)
	at java.base/java.util.Base64$Decoder.decode(Base64.java:593)
	at com.nms.utils.EncryptionUtils.<init>(EncryptionUtils.java:35)
	at com.nms.Main.lambda$start$3(Main.java:82)
	at io.vertx.core.impl.future.Composition.onSuccess(Composition.java:38)
	at io.vertx.core.impl.future.FutureBase.emitSuccess(FutureBase.java:60)
	at io.vertx.core.impl.future.FutureImpl.tryComplete(FutureImpl.java:211)
	at io.vertx.core.impl.future.Composition$1.onSuccess(Composition.java:62)
	at io.vertx.core.impl.future.FutureBase.emitSuccess(FutureBase.java:60)
	at io.vertx.core.impl.future.FutureImpl.tryComplete(FutureImpl.java:211)
	at io.vertx.core.impl.future.Mapping.onSuccess(Mapping.java:40)
	at io.vertx.core.impl.future.FutureBase.emitSuccess(FutureBase.java:60)
	at io.vertx.core.impl.future.FutureImpl.tryComplete(FutureImpl.java:211)
	at io.vertx.core.impl.future.PromiseImpl.tryComplete(PromiseImpl.java:23)
	at io.vertx.sqlclient.impl.QueryResultBuilder.tryComplete(QueryResultBuilder.java:88)
	at io.vertx.sqlclient.impl.QueryResultBuilder.tryComplete(QueryResultBuilder.java:32)
	at io.vertx.core.Promise.complete(Promise.java:66)
	at io.vertx.core.Promise.handle(Promise.java:51)
	at io.vertx.core.Promise.handle(Promise.java:29)
	at io.vertx.core.impl.future.FutureImpl$3.onSuccess(FutureImpl.java:141)
	at io.vertx.core.impl.future.FutureBase.emitSuccess(FutureBase.java:60)
	at io.vertx.core.impl.future.FutureImpl.tryComplete(FutureImpl.java:211)
	at io.vertx.core.impl.future.Composition$1.onSuccess(Composition.java:62)
	at io.vertx.core.impl.future.FutureBase.emitSuccess(FutureBase.java:60)
	at io.vertx.core.impl.future.FutureImpl.tryComplete(FutureImpl.java:211)
	at io.vertx.core.impl.future.Transformation$1.onSuccess(Transformation.java:63)
	at io.vertx.core.impl.future.FutureBase.emitSuccess(FutureBase.java:60)
	at io.vertx.core.impl.future.FutureImpl.addListener(FutureImpl.java:196)
	at io.vertx.core.impl.future.PromiseImpl.addListener(PromiseImpl.java:23)
	at io.vertx.core.impl.future.Transformation.onSuccess(Transformation.java:44)
	at io.vertx.core.impl.future.FutureBase.lambda$emitSuccess$0(FutureBase.java:54)
	at io.netty.util.concurrent.AbstractEventExecutor.runTask(AbstractEventExecutor.java:173)
	at io.netty.util.concurrent.AbstractEventExecutor.safeExecute(AbstractEventExecutor.java:166)
	at io.netty.util.concurrent.SingleThreadEventExecutor.runAllTasks(SingleThreadEventExecutor.java:470)
	at io.netty.channel.nio.NioEventLoop.run(NioEventLoop.java:569)
	at io.netty.util.concurrent.SingleThreadEventExecutor$4.run(SingleThreadEventExecutor.java:997)
	at io.netty.util.internal.ThreadExecutorMap$2.run(ThreadExecutorMap.java:74)
	at io.netty.util.concurrent.FastThreadLocalRunnable.run(FastThreadLocalRunnable.java:30)
	at java.base/java.lang.Thread.run(Thread.java:1583)
2025-10-13 18:09:04.486 [vert.x-eventloop-thread-0] ERROR [] com.nms.Main - Failed to start NMS Lite Backend Service
java.net.BindException: Address already in use
	at java.base/sun.nio.ch.Net.bind0(Native Method)
	at java.base/sun.nio.ch.Net.bind(Net.java:565)
	at java.base/sun.nio.ch.ServerSocketChannelImpl.netBind(ServerSocketChannelImpl.java:344)
	at java.base/sun.nio.ch.ServerSocketChannelImpl.bind(ServerSocketChannelImpl.java:301)
	at io.netty.channel.socket.nio.NioServerSocketChannel.doBind(NioServerSocketChannel.java:141)
	at io.netty.channel.AbstractChannel$AbstractUnsafe.bind(AbstractChannel.java:562)
	at io.netty.channel.DefaultChannelPipeline$HeadContext.bind(DefaultChannelPipeline.java:1334)
	at io.netty.channel.AbstractChannelHandlerContext.invokeBind(AbstractChannelHandlerContext.java:600)
	at io.netty.channel.AbstractChannelHandlerContext.bind(AbstractChannelHandlerContext.java:579)
	at io.netty.channel.DefaultChannelPipeline.bind(DefaultChannelPipeline.java:973)
	at io.netty.channel.AbstractChannel.bind(AbstractChannel.java:260)
	at io.netty.bootstrap.AbstractBootstrap$2.run(AbstractBootstrap.java:356)
	at io.netty.util.concurrent.AbstractEventExecutor.runTask(AbstractEventExecutor.java:173)
	at io.netty.util.concurrent.AbstractEventExecutor.safeExecute(AbstractEventExecutor.java:166)
	at io.netty.util.concurrent.SingleThreadEventExecutor.runAllTasksFrom(SingleThreadEventExecutor.java:426)
	at io.netty.util.concurrent.SingleThreadEventExecutor.runAllTasks(SingleThreadEventExecutor.java:375)
	at io.netty.channel.nio.NioEventLoop.run(NioEventLoop.java:557)
	at io.netty.util.concurrent.SingleThreadEventExecutor$4.run(SingleThreadEventExecutor.java:997)
	at io.netty.util.internal.ThreadExecutorMap$2.run(ThreadExecutorMap.java:74)
	at io.netty.util.concurrent.FastThreadLocalRunnable.run(FastThreadLocalRunnable.java:30)
	at java.base/java.lang.Thread.run(Thread.java:1583)
2025-10-13 18:09:04.503 [vert.x-eventloop-thread-2] ERROR [] com.nms.Main - Failed to deploy Main verticle
java.net.BindException: Address already in use
	at java.base/sun.nio.ch.Net.bind0(Native Method)
	at java.base/sun.nio.ch.Net.bind(Net.java:565)
	at java.base/sun.nio.ch.ServerSocketChannelImpl.netBind(ServerSocketChannelImpl.java:344)
	at java.base/sun.nio.ch.ServerSocketChannelImpl.bind(ServerSocketChannelImpl.java:301)
	at io.netty.channel.socket.nio.NioServerSocketChannel.doBind(NioServerSocketChannel.java:141)
	at io.netty.channel.AbstractChannel$AbstractUnsafe.bind(AbstractChannel.java:562)
	at io.netty.channel.DefaultChannelPipeline$HeadContext.bind(DefaultChannelPipeline.java:1334)
	at io.netty.channel.AbstractChannelHandlerContext.invokeBind(AbstractChannelHandlerContext.java:600)
	at io.netty.channel.AbstractChannelHandlerContext.bind(AbstractChannelHandlerContext.java:579)
	at io.netty.channel.DefaultChannelPipeline.bind(DefaultChannelPipeline.java:973)
	at io.netty.channel.AbstractChannel.bind(AbstractChannel.java:260)
	at io.netty.bootstrap.AbstractBootstrap$2.run(AbstractBootstrap.java:356)
	at io.netty.util.concurrent.AbstractEventExecutor.runTask(AbstractEventExecutor.java:173)
	at io.netty.util.concurrent.AbstractEventExecutor.safeExecute(AbstractEventExecutor.java:166)
	at io.netty.util.concurrent.SingleThreadEventExecutor.runAllTasksFrom(SingleThreadEventExecutor.java:426)
	at io.netty.util.concurrent.SingleThreadEventExecutor.runAllTasks(SingleThreadEventExecutor.java:375)
	at io.netty.channel.nio.NioEventLoop.run(NioEventLoop.java:557)
	at io.netty.util.concurrent.SingleThreadEventExecutor$4.run(SingleThreadEventExecutor.java:997)
	at io.netty.util.internal.ThreadExecutorMap$2.run(ThreadExecutorMap.java:74)
	at io.netty.util.concurrent.FastThreadLocalRunnable.run(FastThreadLocalRunnable.java:30)
	at java.base/java.lang.Thread.run(Thread.java:1583)
2025-10-13 18:09:31.530 [vert.x-eventloop-thread-0] ERROR [] com.nms.Main - Failed to start NMS Lite Backend Service
java.net.BindException: Address already in use
	at java.base/sun.nio.ch.Net.bind0(Native Method)
	at java.base/sun.nio.ch.Net.bind(Net.java:565)
	at java.base/sun.nio.ch.ServerSocketChannelImpl.netBind(ServerSocketChannelImpl.java:344)
	at java.base/sun.nio.ch.ServerSocketChannelImpl.bind(ServerSocketChannelImpl.java:301)
	at io.netty.channel.socket.nio.NioServerSocketChannel.doBind(NioServerSocketChannel.java:141)
	at io.netty.channel.AbstractChannel$AbstractUnsafe.bind(AbstractChannel.java:562)
	at io.netty.channel.DefaultChannelPipeline$HeadContext.bind(DefaultChannelPipeline.java:1334)
	at io.netty.channel.AbstractChannelHandlerContext.invokeBind(AbstractChannelHandlerContext.java:600)
	at io.netty.channel.AbstractChannelHandlerContext.bind(AbstractChannelHandlerContext.java:579)
	at io.netty.channel.DefaultChannelPipeline.bind(DefaultChannelPipeline.java:973)
	at io.netty.channel.AbstractChannel.bind(AbstractChannel.java:260)
	at io.netty.bootstrap.AbstractBootstrap$2.run(AbstractBootstrap.java:356)
	at io.netty.util.concurrent.AbstractEventExecutor.runTask(AbstractEventExecutor.java:173)
	at io.netty.util.concurrent.AbstractEventExecutor.safeExecute(AbstractEventExecutor.java:166)
	at io.netty.util.concurrent.SingleThreadEventExecutor.runAllTasksFrom(SingleThreadEventExecutor.java:426)
	at io.netty.util.concurrent.SingleThreadEventExecutor.runAllTasks(SingleThreadEventExecutor.java:375)
	at io.netty.channel.nio.NioEventLoop.run(NioEventLoop.java:557)
	at io.netty.util.concurrent.SingleThreadEventExecutor$4.run(SingleThreadEventExecutor.java:997)
	at io.netty.util.internal.ThreadExecutorMap$2.run(ThreadExecutorMap.java:74)
	at io.netty.util.concurrent.FastThreadLocalRunnable.run(FastThreadLocalRunnable.java:30)
	at java.base/java.lang.Thread.run(Thread.java:1583)
2025-10-13 18:09:31.545 [vert.x-eventloop-thread-2] ERROR [] com.nms.Main - Failed to deploy Main verticle
java.net.BindException: Address already in use
	at java.base/sun.nio.ch.Net.bind0(Native Method)
	at java.base/sun.nio.ch.Net.bind(Net.java:565)
	at java.base/sun.nio.ch.ServerSocketChannelImpl.netBind(ServerSocketChannelImpl.java:344)
	at java.base/sun.nio.ch.ServerSocketChannelImpl.bind(ServerSocketChannelImpl.java:301)
	at io.netty.channel.socket.nio.NioServerSocketChannel.doBind(NioServerSocketChannel.java:141)
	at io.netty.channel.AbstractChannel$AbstractUnsafe.bind(AbstractChannel.java:562)
	at io.netty.channel.DefaultChannelPipeline$HeadContext.bind(DefaultChannelPipeline.java:1334)
	at io.netty.channel.AbstractChannelHandlerContext.invokeBind(AbstractChannelHandlerContext.java:600)
	at io.netty.channel.AbstractChannelHandlerContext.bind(AbstractChannelHandlerContext.java:579)
	at io.netty.channel.DefaultChannelPipeline.bind(DefaultChannelPipeline.java:973)
	at io.netty.channel.AbstractChannel.bind(AbstractChannel.java:260)
	at io.netty.bootstrap.AbstractBootstrap$2.run(AbstractBootstrap.java:356)
	at io.netty.util.concurrent.AbstractEventExecutor.runTask(AbstractEventExecutor.java:173)
	at io.netty.util.concurrent.AbstractEventExecutor.safeExecute(AbstractEventExecutor.java:166)
	at io.netty.util.concurrent.SingleThreadEventExecutor.runAllTasksFrom(SingleThreadEventExecutor.java:426)
	at io.netty.util.concurrent.SingleThreadEventExecutor.runAllTasks(SingleThreadEventExecutor.java:375)
	at io.netty.channel.nio.NioEventLoop.run(NioEventLoop.java:557)
	at io.netty.util.concurrent.SingleThreadEventExecutor$4.run(SingleThreadEventExecutor.java:997)
	at io.netty.util.internal.ThreadExecutorMap$2.run(ThreadExecutorMap.java:74)
	at io.netty.util.concurrent.FastThreadLocalRunnable.run(FastThreadLocalRunnable.java:30)
	at java.base/java.lang.Thread.run(Thread.java:1583)
2025-10-13 18:11:30.167 [vert.x-eventloop-thread-0] ERROR [] com.nms.Main - Failed to start NMS Lite Backend Service
java.lang.IllegalArgumentException: Illegal base64 character 2d
	at java.base/java.util.Base64$Decoder.decode0(Base64.java:852)
	at java.base/java.util.Base64$Decoder.decode(Base64.java:570)
	at java.base/java.util.Base64$Decoder.decode(Base64.java:593)
	at com.nms.utils.EncryptionUtils.<init>(EncryptionUtils.java:35)
	at com.nms.Main.lambda$start$3(Main.java:82)
	at io.vertx.core.impl.future.Composition.onSuccess(Composition.java:38)
	at io.vertx.core.impl.future.FutureBase.emitSuccess(FutureBase.java:60)
	at io.vertx.core.impl.future.FutureImpl.tryComplete(FutureImpl.java:211)
	at io.vertx.core.impl.future.Composition$1.onSuccess(Composition.java:62)
	at io.vertx.core.impl.future.FutureBase.emitSuccess(FutureBase.java:60)
	at io.vertx.core.impl.future.FutureImpl.tryComplete(FutureImpl.java:211)
	at io.vertx.core.impl.future.Mapping.onSuccess(Mapping.java:40)
	at io.vertx.core.impl.future.FutureBase.emitSuccess(FutureBase.java:60)
	at io.vertx.core.impl.future.FutureImpl.tryComplete(FutureImpl.java:211)
	at io.vertx.core.impl.future.PromiseImpl.tryComplete(PromiseImpl.java:23)
	at io.vertx.sqlclient.impl.QueryResultBuilder.tryComplete(QueryResultBuilder.java:88)
	at io.vertx.sqlclient.impl.QueryResultBuilder.tryComplete(QueryResultBuilder.java:32)
	at io.vertx.core.Promise.complete(Promise.java:66)
	at io.vertx.core.Promise.handle(Promise.java:51)
	at io.vertx.core.Promise.handle(Promise.java:29)
	at io.vertx.core.impl.future.FutureImpl$3.onSuccess(FutureImpl.java:141)
	at io.vertx.core.impl.future.FutureBase.emitSuccess(FutureBase.java:60)
	at io.vertx.core.impl.future.FutureImpl.tryComplete(FutureImpl.java:211)
	at io.vertx.core.impl.future.Composition$1.onSuccess(Composition.java:62)
	at io.vertx.core.impl.future.FutureBase.emitSuccess(FutureBase.java:60)
	at io.vertx.core.impl.future.FutureImpl.tryComplete(FutureImpl.java:211)
	at io.vertx.core.impl.future.Transformation$1.onSuccess(Transformation.java:63)
	at io.vertx.core.impl.future.FutureBase.emitSuccess(FutureBase.java:60)
	at io.vertx.core.impl.future.FutureImpl.addListener(FutureImpl.java:196)
	at io.vertx.core.impl.future.PromiseImpl.addListener(PromiseImpl.java:23)
	at io.vertx.core.impl.future.Transformation.onSuccess(Transformation.java:44)
	at io.vertx.core.impl.future.FutureBase.lambda$emitSuccess$0(FutureBase.java:54)
	at io.netty.util.concurrent.AbstractEventExecutor.runTask(AbstractEventExecutor.java:173)
	at io.netty.util.concurrent.AbstractEventExecutor.safeExecute(AbstractEventExecutor.java:166)
	at io.netty.util.concurrent.SingleThreadEventExecutor.runAllTasks(SingleThreadEventExecutor.java:470)
	at io.netty.channel.nio.NioEventLoop.run(NioEventLoop.java:569)
	at io.netty.util.concurrent.SingleThreadEventExecutor$4.run(SingleThreadEventExecutor.java:997)
	at io.netty.util.internal.ThreadExecutorMap$2.run(ThreadExecutorMap.java:74)
	at io.netty.util.concurrent.FastThreadLocalRunnable.run(FastThreadLocalRunnable.java:30)
	at java.base/java.lang.Thread.run(Thread.java:1583)
2025-10-13 18:11:30.183 [vert.x-eventloop-thread-2] ERROR [] com.nms.Main - Failed to deploy Main verticle
java.lang.IllegalArgumentException: Illegal base64 character 2d
	at java.base/java.util.Base64$Decoder.decode0(Base64.java:852)
	at java.base/java.util.Base64$Decoder.decode(Base64.java:570)
	at java.base/java.util.Base64$Decoder.decode(Base64.java:593)
	at com.nms.utils.EncryptionUtils.<init>(EncryptionUtils.java:35)
	at com.nms.Main.lambda$start$3(Main.java:82)
	at io.vertx.core.impl.future.Composition.onSuccess(Composition.java:38)
	at io.vertx.core.impl.future.FutureBase.emitSuccess(FutureBase.java:60)
	at io.vertx.core.impl.future.FutureImpl.tryComplete(FutureImpl.java:211)
	at io.vertx.core.impl.future.Composition$1.onSuccess(Composition.java:62)
	at io.vertx.core.impl.future.FutureBase.emitSuccess(FutureBase.java:60)
	at io.vertx.core.impl.future.FutureImpl.tryComplete(FutureImpl.java:211)
	at io.vertx.core.impl.future.Mapping.onSuccess(Mapping.java:40)
	at io.vertx.core.impl.future.FutureBase.emitSuccess(FutureBase.java:60)
	at io.vertx.core.impl.future.FutureImpl.tryComplete(FutureImpl.java:211)
	at io.vertx.core.impl.future.PromiseImpl.tryComplete(PromiseImpl.java:23)
	at io.vertx.sqlclient.impl.QueryResultBuilder.tryComplete(QueryResultBuilder.java:88)
	at io.vertx.sqlclient.impl.QueryResultBuilder.tryComplete(QueryResultBuilder.java:32)
	at io.vertx.core.Promise.complete(Promise.java:66)
	at io.vertx.core.Promise.handle(Promise.java:51)
	at io.vertx.core.Promise.handle(Promise.java:29)
	at io.vertx.core.impl.future.FutureImpl$3.onSuccess(FutureImpl.java:141)
	at io.vertx.core.impl.future.FutureBase.emitSuccess(FutureBase.java:60)
	at io.vertx.core.impl.future.FutureImpl.tryComplete(FutureImpl.java:211)
	at io.vertx.core.impl.future.Composition$1.onSuccess(Composition.java:62)
	at io.vertx.core.impl.future.FutureBase.emitSuccess(FutureBase.java:60)
	at io.vertx.core.impl.future.FutureImpl.tryComplete(FutureImpl.java:211)
	at io.vertx.core.impl.future.Transformation$1.onSuccess(Transformation.java:63)
	at io.vertx.core.impl.future.FutureBase.emitSuccess(FutureBase.java:60)
	at io.vertx.core.impl.future.FutureImpl.addListener(FutureImpl.java:196)
	at io.vertx.core.impl.future.PromiseImpl.addListener(PromiseImpl.java:23)
	at io.vertx.core.impl.future.Transformation.onSuccess(Transformation.java:44)
	at io.vertx.core.impl.future.FutureBase.lambda$emitSuccess$0(FutureBase.java:54)
	at io.netty.util.concurrent.AbstractEventExecutor.runTask(AbstractEventExecutor.java:173)
	at io.netty.util.concurrent.AbstractEventExecutor.safeExecute(AbstractEventExecutor.java:166)
	at io.netty.util.concurrent.SingleThreadEventExecutor.runAllTasks(SingleThreadEventExecutor.java:470)
	at io.netty.channel.nio.NioEventLoop.run(NioEventLoop.java:569)
	at io.netty.util.concurrent.SingleThreadEventExecutor$4.run(SingleThreadEventExecutor.java:997)
	at io.netty.util.internal.ThreadExecutorMap$2.run(ThreadExecutorMap.java:74)
	at io.netty.util.concurrent.FastThreadLocalRunnable.run(FastThreadLocalRunnable.java:30)
	at java.base/java.lang.Thread.run(Thread.java:1583)
