2025-10-09 16:40:54.237 [main] INFO  [] com.nms.Main - Starting NMS Lite Backend Application...
2025-10-09 16:40:54.515 [vert.x-eventloop-thread-0] INFO  [] com.nms.Main - Starting NMS Lite Backend Service...
2025-10-09 16:40:54.826 [vert.x-eventloop-thread-0] INFO  [] com.nms.Main - Configuration loaded successfully
2025-10-09 16:40:55.090 [vert.x-eventloop-thread-0] INFO  [] com.nms.Main - Database connection established successfully
2025-10-09 16:40:55.143 [vert.x-eventloop-thread-0] ERROR [] com.nms.Main - Failed to start NMS Lite Backend Service
java.net.BindException: Address already in use
	at java.base/sun.nio.ch.Net.bind0(Native Method)
	at java.base/sun.nio.ch.Net.bind(Net.java:565)
	at java.base/sun.nio.ch.ServerSocketChannelImpl.netBind(ServerSocketChannelImpl.java:344)
	at java.base/sun.nio.ch.ServerSocketChannelImpl.bind(ServerSocketChannelImpl.java:301)
	at io.netty.channel.socket.nio.NioServerSocketChannel.doBind(NioServerSocketChannel.java:141)
	at io.netty.channel.AbstractChannel$AbstractUnsafe.bind(AbstractChannel.java:562)
	at io.netty.channel.DefaultChannelPipeline$HeadContext.bind(DefaultChannelPipeline.java:1334)
	at io.netty.channel.AbstractChannelHandlerContext.invokeBind(AbstractChannelHandlerContext.java:600)
	at io.netty.channel.AbstractChannelHandlerContext.bind(AbstractChannelHandlerContext.java:579)
	at io.netty.channel.DefaultChannelPipeline.bind(DefaultChannelPipeline.java:973)
	at io.netty.channel.AbstractChannel.bind(AbstractChannel.java:260)
	at io.netty.bootstrap.AbstractBootstrap$2.run(AbstractBootstrap.java:356)
	at io.netty.util.concurrent.AbstractEventExecutor.runTask(AbstractEventExecutor.java:173)
	at io.netty.util.concurrent.AbstractEventExecutor.safeExecute(AbstractEventExecutor.java:166)
	at io.netty.util.concurrent.SingleThreadEventExecutor.runAllTasksFrom(SingleThreadEventExecutor.java:426)
	at io.netty.util.concurrent.SingleThreadEventExecutor.runAllTasks(SingleThreadEventExecutor.java:375)
	at io.netty.channel.nio.NioEventLoop.run(NioEventLoop.java:557)
	at io.netty.util.concurrent.SingleThreadEventExecutor$4.run(SingleThreadEventExecutor.java:997)
	at io.netty.util.internal.ThreadExecutorMap$2.run(ThreadExecutorMap.java:74)
	at io.netty.util.concurrent.FastThreadLocalRunnable.run(FastThreadLocalRunnable.java:30)
	at java.base/java.lang.Thread.run(Thread.java:1583)
2025-10-09 16:40:55.159 [vert.x-eventloop-thread-2] ERROR [] com.nms.Main - Failed to deploy Main verticle
java.net.BindException: Address already in use
	at java.base/sun.nio.ch.Net.bind0(Native Method)
	at java.base/sun.nio.ch.Net.bind(Net.java:565)
	at java.base/sun.nio.ch.ServerSocketChannelImpl.netBind(ServerSocketChannelImpl.java:344)
	at java.base/sun.nio.ch.ServerSocketChannelImpl.bind(ServerSocketChannelImpl.java:301)
	at io.netty.channel.socket.nio.NioServerSocketChannel.doBind(NioServerSocketChannel.java:141)
	at io.netty.channel.AbstractChannel$AbstractUnsafe.bind(AbstractChannel.java:562)
	at io.netty.channel.DefaultChannelPipeline$HeadContext.bind(DefaultChannelPipeline.java:1334)
	at io.netty.channel.AbstractChannelHandlerContext.invokeBind(AbstractChannelHandlerContext.java:600)
	at io.netty.channel.AbstractChannelHandlerContext.bind(AbstractChannelHandlerContext.java:579)
	at io.netty.channel.DefaultChannelPipeline.bind(DefaultChannelPipeline.java:973)
	at io.netty.channel.AbstractChannel.bind(AbstractChannel.java:260)
	at io.netty.bootstrap.AbstractBootstrap$2.run(AbstractBootstrap.java:356)
	at io.netty.util.concurrent.AbstractEventExecutor.runTask(AbstractEventExecutor.java:173)
	at io.netty.util.concurrent.AbstractEventExecutor.safeExecute(AbstractEventExecutor.java:166)
	at io.netty.util.concurrent.SingleThreadEventExecutor.runAllTasksFrom(SingleThreadEventExecutor.java:426)
	at io.netty.util.concurrent.SingleThreadEventExecutor.runAllTasks(SingleThreadEventExecutor.java:375)
	at io.netty.channel.nio.NioEventLoop.run(NioEventLoop.java:557)
	at io.netty.util.concurrent.SingleThreadEventExecutor$4.run(SingleThreadEventExecutor.java:997)
	at io.netty.util.internal.ThreadExecutorMap$2.run(ThreadExecutorMap.java:74)
	at io.netty.util.concurrent.FastThreadLocalRunnable.run(FastThreadLocalRunnable.java:30)
	at java.base/java.lang.Thread.run(Thread.java:1583)
2025-10-10 15:56:28.670 [main] INFO  [] com.nms.Main - Starting NMS Lite Backend Application...
2025-10-10 15:56:28.880 [vert.x-eventloop-thread-0] INFO  [] com.nms.Main - Starting NMS Lite Backend Service...
2025-10-10 15:56:29.252 [vert.x-eventloop-thread-0] INFO  [] com.nms.Main - Configuration loaded successfully
2025-10-10 15:56:29.493 [vert.x-eventloop-thread-0] INFO  [] com.nms.Main - Database connection established successfully
2025-10-10 15:56:29.568 [vert.x-eventloop-thread-0] ERROR [] com.nms.Main - Failed to start NMS Lite Backend Service
java.net.BindException: Address already in use
	at java.base/sun.nio.ch.Net.bind0(Native Method)
	at java.base/sun.nio.ch.Net.bind(Net.java:565)
	at java.base/sun.nio.ch.ServerSocketChannelImpl.netBind(ServerSocketChannelImpl.java:344)
	at java.base/sun.nio.ch.ServerSocketChannelImpl.bind(ServerSocketChannelImpl.java:301)
	at io.netty.channel.socket.nio.NioServerSocketChannel.doBind(NioServerSocketChannel.java:141)
	at io.netty.channel.AbstractChannel$AbstractUnsafe.bind(AbstractChannel.java:562)
	at io.netty.channel.DefaultChannelPipeline$HeadContext.bind(DefaultChannelPipeline.java:1334)
	at io.netty.channel.AbstractChannelHandlerContext.invokeBind(AbstractChannelHandlerContext.java:600)
	at io.netty.channel.AbstractChannelHandlerContext.bind(AbstractChannelHandlerContext.java:579)
	at io.netty.channel.DefaultChannelPipeline.bind(DefaultChannelPipeline.java:973)
	at io.netty.channel.AbstractChannel.bind(AbstractChannel.java:260)
	at io.netty.bootstrap.AbstractBootstrap$2.run(AbstractBootstrap.java:356)
	at io.netty.util.concurrent.AbstractEventExecutor.runTask(AbstractEventExecutor.java:173)
	at io.netty.util.concurrent.AbstractEventExecutor.safeExecute(AbstractEventExecutor.java:166)
	at io.netty.util.concurrent.SingleThreadEventExecutor.runAllTasksFrom(SingleThreadEventExecutor.java:426)
	at io.netty.util.concurrent.SingleThreadEventExecutor.runAllTasks(SingleThreadEventExecutor.java:375)
	at io.netty.channel.nio.NioEventLoop.run(NioEventLoop.java:557)
	at io.netty.util.concurrent.SingleThreadEventExecutor$4.run(SingleThreadEventExecutor.java:997)
	at io.netty.util.internal.ThreadExecutorMap$2.run(ThreadExecutorMap.java:74)
	at io.netty.util.concurrent.FastThreadLocalRunnable.run(FastThreadLocalRunnable.java:30)
	at java.base/java.lang.Thread.run(Thread.java:1583)
2025-10-10 15:56:29.582 [vert.x-eventloop-thread-2] ERROR [] com.nms.Main - Failed to deploy Main verticle
java.net.BindException: Address already in use
	at java.base/sun.nio.ch.Net.bind0(Native Method)
	at java.base/sun.nio.ch.Net.bind(Net.java:565)
	at java.base/sun.nio.ch.ServerSocketChannelImpl.netBind(ServerSocketChannelImpl.java:344)
	at java.base/sun.nio.ch.ServerSocketChannelImpl.bind(ServerSocketChannelImpl.java:301)
	at io.netty.channel.socket.nio.NioServerSocketChannel.doBind(NioServerSocketChannel.java:141)
	at io.netty.channel.AbstractChannel$AbstractUnsafe.bind(AbstractChannel.java:562)
	at io.netty.channel.DefaultChannelPipeline$HeadContext.bind(DefaultChannelPipeline.java:1334)
	at io.netty.channel.AbstractChannelHandlerContext.invokeBind(AbstractChannelHandlerContext.java:600)
	at io.netty.channel.AbstractChannelHandlerContext.bind(AbstractChannelHandlerContext.java:579)
	at io.netty.channel.DefaultChannelPipeline.bind(DefaultChannelPipeline.java:973)
	at io.netty.channel.AbstractChannel.bind(AbstractChannel.java:260)
	at io.netty.bootstrap.AbstractBootstrap$2.run(AbstractBootstrap.java:356)
	at io.netty.util.concurrent.AbstractEventExecutor.runTask(AbstractEventExecutor.java:173)
	at io.netty.util.concurrent.AbstractEventExecutor.safeExecute(AbstractEventExecutor.java:166)
	at io.netty.util.concurrent.SingleThreadEventExecutor.runAllTasksFrom(SingleThreadEventExecutor.java:426)
	at io.netty.util.concurrent.SingleThreadEventExecutor.runAllTasks(SingleThreadEventExecutor.java:375)
	at io.netty.channel.nio.NioEventLoop.run(NioEventLoop.java:557)
	at io.netty.util.concurrent.SingleThreadEventExecutor$4.run(SingleThreadEventExecutor.java:997)
	at io.netty.util.internal.ThreadExecutorMap$2.run(ThreadExecutorMap.java:74)
	at io.netty.util.concurrent.FastThreadLocalRunnable.run(FastThreadLocalRunnable.java:30)
	at java.base/java.lang.Thread.run(Thread.java:1583)
2025-10-10 16:47:47.399 [main] INFO  [] com.nms.Main - Starting NMS Lite Backend Application...
2025-10-10 16:47:47.615 [vert.x-eventloop-thread-0] INFO  [] com.nms.Main - Starting NMS Lite Backend Service...
2025-10-10 16:47:47.939 [vert.x-eventloop-thread-0] INFO  [] com.nms.Main - Configuration loaded successfully
2025-10-10 16:47:48.188 [vert.x-eventloop-thread-0] INFO  [] com.nms.Main - Database connection established successfully
2025-10-10 16:47:48.249 [vert.x-eventloop-thread-0] ERROR [] com.nms.Main - Failed to start NMS Lite Backend Service
java.net.BindException: Address already in use
	at java.base/sun.nio.ch.Net.bind0(Native Method)
	at java.base/sun.nio.ch.Net.bind(Net.java:565)
	at java.base/sun.nio.ch.ServerSocketChannelImpl.netBind(ServerSocketChannelImpl.java:344)
	at java.base/sun.nio.ch.ServerSocketChannelImpl.bind(ServerSocketChannelImpl.java:301)
	at io.netty.channel.socket.nio.NioServerSocketChannel.doBind(NioServerSocketChannel.java:141)
	at io.netty.channel.AbstractChannel$AbstractUnsafe.bind(AbstractChannel.java:562)
	at io.netty.channel.DefaultChannelPipeline$HeadContext.bind(DefaultChannelPipeline.java:1334)
	at io.netty.channel.AbstractChannelHandlerContext.invokeBind(AbstractChannelHandlerContext.java:600)
	at io.netty.channel.AbstractChannelHandlerContext.bind(AbstractChannelHandlerContext.java:579)
	at io.netty.channel.DefaultChannelPipeline.bind(DefaultChannelPipeline.java:973)
	at io.netty.channel.AbstractChannel.bind(AbstractChannel.java:260)
	at io.netty.bootstrap.AbstractBootstrap$2.run(AbstractBootstrap.java:356)
	at io.netty.util.concurrent.AbstractEventExecutor.runTask(AbstractEventExecutor.java:173)
	at io.netty.util.concurrent.AbstractEventExecutor.safeExecute(AbstractEventExecutor.java:166)
	at io.netty.util.concurrent.SingleThreadEventExecutor.runAllTasksFrom(SingleThreadEventExecutor.java:426)
	at io.netty.util.concurrent.SingleThreadEventExecutor.runAllTasks(SingleThreadEventExecutor.java:375)
	at io.netty.channel.nio.NioEventLoop.run(NioEventLoop.java:557)
	at io.netty.util.concurrent.SingleThreadEventExecutor$4.run(SingleThreadEventExecutor.java:997)
	at io.netty.util.internal.ThreadExecutorMap$2.run(ThreadExecutorMap.java:74)
	at io.netty.util.concurrent.FastThreadLocalRunnable.run(FastThreadLocalRunnable.java:30)
	at java.base/java.lang.Thread.run(Thread.java:1583)
2025-10-10 16:47:48.264 [vert.x-eventloop-thread-2] ERROR [] com.nms.Main - Failed to deploy Main verticle
java.net.BindException: Address already in use
	at java.base/sun.nio.ch.Net.bind0(Native Method)
	at java.base/sun.nio.ch.Net.bind(Net.java:565)
	at java.base/sun.nio.ch.ServerSocketChannelImpl.netBind(ServerSocketChannelImpl.java:344)
	at java.base/sun.nio.ch.ServerSocketChannelImpl.bind(ServerSocketChannelImpl.java:301)
	at io.netty.channel.socket.nio.NioServerSocketChannel.doBind(NioServerSocketChannel.java:141)
	at io.netty.channel.AbstractChannel$AbstractUnsafe.bind(AbstractChannel.java:562)
	at io.netty.channel.DefaultChannelPipeline$HeadContext.bind(DefaultChannelPipeline.java:1334)
	at io.netty.channel.AbstractChannelHandlerContext.invokeBind(AbstractChannelHandlerContext.java:600)
	at io.netty.channel.AbstractChannelHandlerContext.bind(AbstractChannelHandlerContext.java:579)
	at io.netty.channel.DefaultChannelPipeline.bind(DefaultChannelPipeline.java:973)
	at io.netty.channel.AbstractChannel.bind(AbstractChannel.java:260)
	at io.netty.bootstrap.AbstractBootstrap$2.run(AbstractBootstrap.java:356)
	at io.netty.util.concurrent.AbstractEventExecutor.runTask(AbstractEventExecutor.java:173)
	at io.netty.util.concurrent.AbstractEventExecutor.safeExecute(AbstractEventExecutor.java:166)
	at io.netty.util.concurrent.SingleThreadEventExecutor.runAllTasksFrom(SingleThreadEventExecutor.java:426)
	at io.netty.util.concurrent.SingleThreadEventExecutor.runAllTasks(SingleThreadEventExecutor.java:375)
	at io.netty.channel.nio.NioEventLoop.run(NioEventLoop.java:557)
	at io.netty.util.concurrent.SingleThreadEventExecutor$4.run(SingleThreadEventExecutor.java:997)
	at io.netty.util.internal.ThreadExecutorMap$2.run(ThreadExecutorMap.java:74)
	at io.netty.util.concurrent.FastThreadLocalRunnable.run(FastThreadLocalRunnable.java:30)
	at java.base/java.lang.Thread.run(Thread.java:1583)
2025-10-10 16:48:41.158 [main] INFO  [] com.nms.Main - Starting NMS Lite Backend Application...
2025-10-10 16:48:41.359 [vert.x-eventloop-thread-0] INFO  [] com.nms.Main - Starting NMS Lite Backend Service...
2025-10-10 16:48:41.652 [vert.x-eventloop-thread-0] INFO  [] com.nms.Main - Configuration loaded successfully
2025-10-10 16:48:41.932 [vert.x-eventloop-thread-0] INFO  [] com.nms.Main - Database connection established successfully
2025-10-10 16:48:41.987 [vert.x-eventloop-thread-0] ERROR [] com.nms.Main - Failed to start NMS Lite Backend Service
java.net.BindException: Address already in use
	at java.base/sun.nio.ch.Net.bind0(Native Method)
	at java.base/sun.nio.ch.Net.bind(Net.java:565)
	at java.base/sun.nio.ch.ServerSocketChannelImpl.netBind(ServerSocketChannelImpl.java:344)
	at java.base/sun.nio.ch.ServerSocketChannelImpl.bind(ServerSocketChannelImpl.java:301)
	at io.netty.channel.socket.nio.NioServerSocketChannel.doBind(NioServerSocketChannel.java:141)
	at io.netty.channel.AbstractChannel$AbstractUnsafe.bind(AbstractChannel.java:562)
	at io.netty.channel.DefaultChannelPipeline$HeadContext.bind(DefaultChannelPipeline.java:1334)
	at io.netty.channel.AbstractChannelHandlerContext.invokeBind(AbstractChannelHandlerContext.java:600)
	at io.netty.channel.AbstractChannelHandlerContext.bind(AbstractChannelHandlerContext.java:579)
	at io.netty.channel.DefaultChannelPipeline.bind(DefaultChannelPipeline.java:973)
	at io.netty.channel.AbstractChannel.bind(AbstractChannel.java:260)
	at io.netty.bootstrap.AbstractBootstrap$2.run(AbstractBootstrap.java:356)
	at io.netty.util.concurrent.AbstractEventExecutor.runTask(AbstractEventExecutor.java:173)
	at io.netty.util.concurrent.AbstractEventExecutor.safeExecute(AbstractEventExecutor.java:166)
	at io.netty.util.concurrent.SingleThreadEventExecutor.runAllTasksFrom(SingleThreadEventExecutor.java:426)
	at io.netty.util.concurrent.SingleThreadEventExecutor.runAllTasks(SingleThreadEventExecutor.java:375)
	at io.netty.channel.nio.NioEventLoop.run(NioEventLoop.java:557)
	at io.netty.util.concurrent.SingleThreadEventExecutor$4.run(SingleThreadEventExecutor.java:997)
	at io.netty.util.internal.ThreadExecutorMap$2.run(ThreadExecutorMap.java:74)
	at io.netty.util.concurrent.FastThreadLocalRunnable.run(FastThreadLocalRunnable.java:30)
	at java.base/java.lang.Thread.run(Thread.java:1583)
2025-10-10 16:48:42.002 [vert.x-eventloop-thread-2] ERROR [] com.nms.Main - Failed to deploy Main verticle
java.net.BindException: Address already in use
	at java.base/sun.nio.ch.Net.bind0(Native Method)
	at java.base/sun.nio.ch.Net.bind(Net.java:565)
	at java.base/sun.nio.ch.ServerSocketChannelImpl.netBind(ServerSocketChannelImpl.java:344)
	at java.base/sun.nio.ch.ServerSocketChannelImpl.bind(ServerSocketChannelImpl.java:301)
	at io.netty.channel.socket.nio.NioServerSocketChannel.doBind(NioServerSocketChannel.java:141)
	at io.netty.channel.AbstractChannel$AbstractUnsafe.bind(AbstractChannel.java:562)
	at io.netty.channel.DefaultChannelPipeline$HeadContext.bind(DefaultChannelPipeline.java:1334)
	at io.netty.channel.AbstractChannelHandlerContext.invokeBind(AbstractChannelHandlerContext.java:600)
	at io.netty.channel.AbstractChannelHandlerContext.bind(AbstractChannelHandlerContext.java:579)
	at io.netty.channel.DefaultChannelPipeline.bind(DefaultChannelPipeline.java:973)
	at io.netty.channel.AbstractChannel.bind(AbstractChannel.java:260)
	at io.netty.bootstrap.AbstractBootstrap$2.run(AbstractBootstrap.java:356)
	at io.netty.util.concurrent.AbstractEventExecutor.runTask(AbstractEventExecutor.java:173)
	at io.netty.util.concurrent.AbstractEventExecutor.safeExecute(AbstractEventExecutor.java:166)
	at io.netty.util.concurrent.SingleThreadEventExecutor.runAllTasksFrom(SingleThreadEventExecutor.java:426)
	at io.netty.util.concurrent.SingleThreadEventExecutor.runAllTasks(SingleThreadEventExecutor.java:375)
	at io.netty.channel.nio.NioEventLoop.run(NioEventLoop.java:557)
	at io.netty.util.concurrent.SingleThreadEventExecutor$4.run(SingleThreadEventExecutor.java:997)
	at io.netty.util.internal.ThreadExecutorMap$2.run(ThreadExecutorMap.java:74)
	at io.netty.util.concurrent.FastThreadLocalRunnable.run(FastThreadLocalRunnable.java:30)
	at java.base/java.lang.Thread.run(Thread.java:1583)
2025-10-10 16:48:50.640 [main] INFO  [] com.nms.Main - Starting NMS Lite Backend Application...
2025-10-10 16:48:50.835 [vert.x-eventloop-thread-0] INFO  [] com.nms.Main - Starting NMS Lite Backend Service...
2025-10-10 16:48:51.111 [vert.x-eventloop-thread-0] INFO  [] com.nms.Main - Configuration loaded successfully
2025-10-10 16:48:51.468 [vert.x-eventloop-thread-0] INFO  [] com.nms.Main - Database connection established successfully
2025-10-10 16:48:51.526 [vert.x-eventloop-thread-0] ERROR [] com.nms.Main - Failed to start NMS Lite Backend Service
java.net.BindException: Address already in use
	at java.base/sun.nio.ch.Net.bind0(Native Method)
	at java.base/sun.nio.ch.Net.bind(Net.java:565)
	at java.base/sun.nio.ch.ServerSocketChannelImpl.netBind(ServerSocketChannelImpl.java:344)
	at java.base/sun.nio.ch.ServerSocketChannelImpl.bind(ServerSocketChannelImpl.java:301)
	at io.netty.channel.socket.nio.NioServerSocketChannel.doBind(NioServerSocketChannel.java:141)
	at io.netty.channel.AbstractChannel$AbstractUnsafe.bind(AbstractChannel.java:562)
	at io.netty.channel.DefaultChannelPipeline$HeadContext.bind(DefaultChannelPipeline.java:1334)
	at io.netty.channel.AbstractChannelHandlerContext.invokeBind(AbstractChannelHandlerContext.java:600)
	at io.netty.channel.AbstractChannelHandlerContext.bind(AbstractChannelHandlerContext.java:579)
	at io.netty.channel.DefaultChannelPipeline.bind(DefaultChannelPipeline.java:973)
	at io.netty.channel.AbstractChannel.bind(AbstractChannel.java:260)
	at io.netty.bootstrap.AbstractBootstrap$2.run(AbstractBootstrap.java:356)
	at io.netty.util.concurrent.AbstractEventExecutor.runTask(AbstractEventExecutor.java:173)
	at io.netty.util.concurrent.AbstractEventExecutor.safeExecute(AbstractEventExecutor.java:166)
	at io.netty.util.concurrent.SingleThreadEventExecutor.runAllTasksFrom(SingleThreadEventExecutor.java:426)
	at io.netty.util.concurrent.SingleThreadEventExecutor.runAllTasks(SingleThreadEventExecutor.java:375)
	at io.netty.channel.nio.NioEventLoop.run(NioEventLoop.java:557)
	at io.netty.util.concurrent.SingleThreadEventExecutor$4.run(SingleThreadEventExecutor.java:997)
	at io.netty.util.internal.ThreadExecutorMap$2.run(ThreadExecutorMap.java:74)
	at io.netty.util.concurrent.FastThreadLocalRunnable.run(FastThreadLocalRunnable.java:30)
	at java.base/java.lang.Thread.run(Thread.java:1583)
2025-10-10 16:48:51.540 [vert.x-eventloop-thread-2] ERROR [] com.nms.Main - Failed to deploy Main verticle
java.net.BindException: Address already in use
	at java.base/sun.nio.ch.Net.bind0(Native Method)
	at java.base/sun.nio.ch.Net.bind(Net.java:565)
	at java.base/sun.nio.ch.ServerSocketChannelImpl.netBind(ServerSocketChannelImpl.java:344)
	at java.base/sun.nio.ch.ServerSocketChannelImpl.bind(ServerSocketChannelImpl.java:301)
	at io.netty.channel.socket.nio.NioServerSocketChannel.doBind(NioServerSocketChannel.java:141)
	at io.netty.channel.AbstractChannel$AbstractUnsafe.bind(AbstractChannel.java:562)
	at io.netty.channel.DefaultChannelPipeline$HeadContext.bind(DefaultChannelPipeline.java:1334)
	at io.netty.channel.AbstractChannelHandlerContext.invokeBind(AbstractChannelHandlerContext.java:600)
	at io.netty.channel.AbstractChannelHandlerContext.bind(AbstractChannelHandlerContext.java:579)
	at io.netty.channel.DefaultChannelPipeline.bind(DefaultChannelPipeline.java:973)
	at io.netty.channel.AbstractChannel.bind(AbstractChannel.java:260)
	at io.netty.bootstrap.AbstractBootstrap$2.run(AbstractBootstrap.java:356)
	at io.netty.util.concurrent.AbstractEventExecutor.runTask(AbstractEventExecutor.java:173)
	at io.netty.util.concurrent.AbstractEventExecutor.safeExecute(AbstractEventExecutor.java:166)
	at io.netty.util.concurrent.SingleThreadEventExecutor.runAllTasksFrom(SingleThreadEventExecutor.java:426)
	at io.netty.util.concurrent.SingleThreadEventExecutor.runAllTasks(SingleThreadEventExecutor.java:375)
	at io.netty.channel.nio.NioEventLoop.run(NioEventLoop.java:557)
	at io.netty.util.concurrent.SingleThreadEventExecutor$4.run(SingleThreadEventExecutor.java:997)
	at io.netty.util.internal.ThreadExecutorMap$2.run(ThreadExecutorMap.java:74)
	at io.netty.util.concurrent.FastThreadLocalRunnable.run(FastThreadLocalRunnable.java:30)
	at java.base/java.lang.Thread.run(Thread.java:1583)
2025-10-10 16:50:13.895 [main] INFO  [] com.nms.Main - Starting NMS Lite Backend Application...
2025-10-10 16:50:14.090 [vert.x-eventloop-thread-0] INFO  [] com.nms.Main - Starting NMS Lite Backend Service...
2025-10-10 16:50:14.379 [vert.x-eventloop-thread-0] INFO  [] com.nms.Main - Configuration loaded successfully
2025-10-10 16:50:14.742 [vert.x-eventloop-thread-0] INFO  [] com.nms.Main - Database connection established successfully
2025-10-10 16:50:14.824 [vert.x-eventloop-thread-0] INFO  [] com.nms.Main - HTTP server started on 0.0.0.0:8080
2025-10-10 16:50:14.825 [vert.x-eventloop-thread-0] INFO  [] com.nms.Main - NMS Lite Backend Service started successfully on port: 8080
2025-10-10 16:50:14.825 [vert.x-eventloop-thread-2] INFO  [] com.nms.Main - Main verticle deployed successfully with ID: 494d7ce7-5c30-4937-9c11-d479da2dfc04
2025-10-10 16:50:21.600 [vert.x-eventloop-thread-0] INFO  [93347aea-dd56-4cb3-969d-40d62e6f44aa] c.nms.middleware.LoggingMiddleware - GET /health from 127.0.0.1:37796 - User-Agent: Mozilla/5.0 (X11; Ubuntu; Linux x86_64; rv:143.0) Gecko/20100101 Firefox/143.0 - Correlation-ID: 93347aea-dd56-4cb3-969d-40d62e6f44aa
2025-10-10 16:50:21.601 [vert.x-eventloop-thread-0] DEBUG [93347aea-dd56-4cb3-969d-40d62e6f44aa] c.n.m.SecurityHeadersMiddleware - Security headers added to response
2025-10-10 16:50:21.625 [vert.x-eventloop-thread-0] DEBUG [93347aea-dd56-4cb3-969d-40d62e6f44aa] com.nms.services.DatabaseService - Database connection test successful
2025-10-10 16:50:21.628 [vert.x-eventloop-thread-0] INFO  [93347aea-dd56-4cb3-969d-40d62e6f44aa] c.nms.middleware.LoggingMiddleware - GET /health - Status: 200 - Response time: 0ms - Correlation-ID: 93347aea-dd56-4cb3-969d-40d62e6f44aa
2025-10-10 16:50:21.666 [vert.x-eventloop-thread-0] INFO  [8dda8734-1d11-47c9-87fc-2de929c6ea40] c.nms.middleware.LoggingMiddleware - GET /favicon.ico from 127.0.0.1:37810 - User-Agent: Mozilla/5.0 (X11; Ubuntu; Linux x86_64; rv:143.0) Gecko/20100101 Firefox/143.0 - Correlation-ID: 8dda8734-1d11-47c9-87fc-2de929c6ea40
2025-10-10 16:50:21.667 [vert.x-eventloop-thread-0] DEBUG [8dda8734-1d11-47c9-87fc-2de929c6ea40] c.n.m.SecurityHeadersMiddleware - Security headers added to response
2025-10-10 16:50:21.668 [vert.x-eventloop-thread-0] WARN  [8dda8734-1d11-47c9-87fc-2de929c6ea40] c.nms.middleware.LoggingMiddleware - GET /favicon.ico - Status: 404 - Response time: 0ms - Correlation-ID: 8dda8734-1d11-47c9-87fc-2de929c6ea40
2025-10-10 16:50:27.497 [vert.x-eventloop-thread-0] INFO  [6159db96-93dc-492c-a7f4-f343dcdcc4cb] c.nms.middleware.LoggingMiddleware - GET /health from 0:0:0:0:0:0:0:1:37514 - User-Agent: PostmanRuntime/7.48.0 - Correlation-ID: 6159db96-93dc-492c-a7f4-f343dcdcc4cb
2025-10-10 16:50:27.498 [vert.x-eventloop-thread-0] DEBUG [6159db96-93dc-492c-a7f4-f343dcdcc4cb] c.n.m.SecurityHeadersMiddleware - Security headers added to response
2025-10-10 16:50:27.521 [vert.x-eventloop-thread-0] DEBUG [6159db96-93dc-492c-a7f4-f343dcdcc4cb] com.nms.services.DatabaseService - Database connection test successful
2025-10-10 16:50:27.522 [vert.x-eventloop-thread-0] INFO  [6159db96-93dc-492c-a7f4-f343dcdcc4cb] c.nms.middleware.LoggingMiddleware - GET /health - Status: 200 - Response time: 0ms - Correlation-ID: 6159db96-93dc-492c-a7f4-f343dcdcc4cb
2025-10-10 17:00:10.936 [vert.x-eventloop-thread-0] INFO  [34826a52-cbaa-4ed0-904b-69a1fa90fbf4] c.nms.middleware.LoggingMiddleware - GET /health from 127.0.0.1:60948 - User-Agent: Mozilla/5.0 (X11; Ubuntu; Linux x86_64; rv:143.0) Gecko/20100101 Firefox/143.0 - Correlation-ID: 34826a52-cbaa-4ed0-904b-69a1fa90fbf4
2025-10-10 17:00:10.937 [vert.x-eventloop-thread-0] DEBUG [34826a52-cbaa-4ed0-904b-69a1fa90fbf4] c.n.m.SecurityHeadersMiddleware - Security headers added to response
2025-10-10 17:00:10.959 [vert.x-eventloop-thread-0] DEBUG [34826a52-cbaa-4ed0-904b-69a1fa90fbf4] com.nms.services.DatabaseService - Database connection test successful
2025-10-10 17:00:10.959 [vert.x-eventloop-thread-0] INFO  [34826a52-cbaa-4ed0-904b-69a1fa90fbf4] c.nms.middleware.LoggingMiddleware - GET /health - Status: 200 - Response time: 0ms - Correlation-ID: 34826a52-cbaa-4ed0-904b-69a1fa90fbf4
2025-10-10 17:00:11.022 [vert.x-eventloop-thread-0] INFO  [528ac3f2-597c-427f-88d3-37c471b07cb3] c.nms.middleware.LoggingMiddleware - GET /favicon.ico from 127.0.0.1:60952 - User-Agent: Mozilla/5.0 (X11; Ubuntu; Linux x86_64; rv:143.0) Gecko/20100101 Firefox/143.0 - Correlation-ID: 528ac3f2-597c-427f-88d3-37c471b07cb3
2025-10-10 17:00:11.023 [vert.x-eventloop-thread-0] DEBUG [528ac3f2-597c-427f-88d3-37c471b07cb3] c.n.m.SecurityHeadersMiddleware - Security headers added to response
2025-10-10 17:00:11.023 [vert.x-eventloop-thread-0] WARN  [528ac3f2-597c-427f-88d3-37c471b07cb3] c.nms.middleware.LoggingMiddleware - GET /favicon.ico - Status: 404 - Response time: 0ms - Correlation-ID: 528ac3f2-597c-427f-88d3-37c471b07cb3
2025-10-10 17:17:30.495 [vert.x-eventloop-thread-0] INFO  [2f92dac0-bb1d-4394-bf1a-2b658d78ac92] c.nms.middleware.LoggingMiddleware - POST /api/auth/login from 0:0:0:0:0:0:0:1:45210 - User-Agent: PostmanRuntime/7.48.0 - Correlation-ID: 2f92dac0-bb1d-4394-bf1a-2b658d78ac92
2025-10-10 17:17:30.495 [vert.x-eventloop-thread-0] DEBUG [2f92dac0-bb1d-4394-bf1a-2b658d78ac92] c.n.m.SecurityHeadersMiddleware - Security headers added to response
2025-10-10 17:17:30.513 [vert.x-eventloop-thread-0] WARN  [2f92dac0-bb1d-4394-bf1a-2b658d78ac92] com.nms.services.AuthService - Authentication failed for user admin: Invalid username or password
2025-10-10 17:17:30.514 [vert.x-eventloop-thread-0] WARN  [2f92dac0-bb1d-4394-bf1a-2b658d78ac92] com.nms.handlers.AuthHandler - Login failed for user admin: Invalid username or password
2025-10-10 17:17:30.514 [vert.x-eventloop-thread-0] WARN  [2f92dac0-bb1d-4394-bf1a-2b658d78ac92] c.nms.middleware.LoggingMiddleware - POST /api/auth/login - Status: 401 - Response time: 0ms - Correlation-ID: 2f92dac0-bb1d-4394-bf1a-2b658d78ac92
