2025-10-14 14:50:03.715 [vert.x-eventloop-thread-0] ERROR [915ac313-f61d-48aa-a361-b3582a440719] com.nms.handlers.CredentialHandler - Failed to update credential profile
java.lang.IllegalArgumentException: Credential profile name is required
	at com.nms.services.CredentialService.updateCredentialProfile(CredentialService.java:185)
	at com.nms.handlers.CredentialHandler.handleUpdateCredentialProfile(CredentialHandler.java:216)
	at io.vertx.ext.web.impl.RouteState.handleContext(RouteState.java:1286)
	at io.vertx.ext.web.impl.RoutingContextImplBase.iterateNext(RoutingContextImplBase.java:177)
	at io.vertx.ext.web.impl.RoutingContextWrapper.next(RoutingContextWrapper.java:200)
	at com.nms.middleware.AuthMiddleware.lambda$handle$0(AuthMiddleware.java:50)
	at io.vertx.core.impl.future.FutureImpl$1.onSuccess(FutureImpl.java:91)
	at io.vertx.core.impl.future.FutureImpl$ListenerArray.onSuccess(FutureImpl.java:262)
	at io.vertx.core.impl.future.FutureBase.emitSuccess(FutureBase.java:60)
	at io.vertx.core.impl.future.FutureImpl.tryComplete(FutureImpl.java:211)
	at io.vertx.core.impl.future.PromiseImpl.tryComplete(PromiseImpl.java:23)
	at io.vertx.core.Promise.complete(Promise.java:66)
	at com.nms.services.AuthService.lambda$validateToken$6(AuthService.java:197)
	at io.vertx.core.impl.future.FutureImpl$1.onSuccess(FutureImpl.java:91)
	at io.vertx.core.impl.future.FutureImpl$ListenerArray.onSuccess(FutureImpl.java:262)
	at io.vertx.core.impl.future.FutureBase.emitSuccess(FutureBase.java:60)
	at io.vertx.core.impl.future.FutureImpl.tryComplete(FutureImpl.java:211)
	at io.vertx.core.impl.future.PromiseImpl.tryComplete(PromiseImpl.java:23)
	at io.vertx.core.Promise.complete(Promise.java:66)
	at com.nms.services.DatabaseService.lambda$findUserById$6(DatabaseService.java:137)
	at io.vertx.core.impl.future.FutureImpl$1.onSuccess(FutureImpl.java:91)
	at io.vertx.core.impl.future.FutureImpl$ListenerArray.onSuccess(FutureImpl.java:262)
	at io.vertx.core.impl.future.FutureBase.emitSuccess(FutureBase.java:60)
	at io.vertx.core.impl.future.FutureImpl.tryComplete(FutureImpl.java:211)
	at io.vertx.core.impl.future.PromiseImpl.tryComplete(PromiseImpl.java:23)
	at io.vertx.sqlclient.impl.QueryResultBuilder.tryComplete(QueryResultBuilder.java:88)
	at io.vertx.sqlclient.impl.QueryResultBuilder.tryComplete(QueryResultBuilder.java:32)
	at io.vertx.core.Promise.complete(Promise.java:66)
	at io.vertx.core.Promise.handle(Promise.java:51)
	at io.vertx.core.Promise.handle(Promise.java:29)
	at io.vertx.core.impl.future.FutureImpl$3.onSuccess(FutureImpl.java:141)
	at io.vertx.core.impl.future.FutureBase.emitSuccess(FutureBase.java:60)
	at io.vertx.core.impl.future.FutureImpl.tryComplete(FutureImpl.java:211)
	at io.vertx.core.impl.future.Composition$1.onSuccess(Composition.java:62)
	at io.vertx.core.impl.future.FutureBase.emitSuccess(FutureBase.java:60)
	at io.vertx.core.impl.future.FutureImpl.tryComplete(FutureImpl.java:211)
	at io.vertx.core.impl.future.Transformation$1.onSuccess(Transformation.java:63)
	at io.vertx.core.impl.future.FutureBase.emitSuccess(FutureBase.java:60)
	at io.vertx.core.impl.future.FutureImpl.addListener(FutureImpl.java:196)
	at io.vertx.core.impl.future.PromiseImpl.addListener(PromiseImpl.java:23)
	at io.vertx.core.impl.future.Transformation.onSuccess(Transformation.java:44)
	at io.vertx.core.impl.future.FutureBase.lambda$emitSuccess$0(FutureBase.java:54)
	at io.netty.util.concurrent.AbstractEventExecutor.runTask(AbstractEventExecutor.java:173)
	at io.netty.util.concurrent.AbstractEventExecutor.safeExecute(AbstractEventExecutor.java:166)
	at io.netty.util.concurrent.SingleThreadEventExecutor.runAllTasks(SingleThreadEventExecutor.java:470)
	at io.netty.channel.nio.NioEventLoop.run(NioEventLoop.java:569)
	at io.netty.util.concurrent.SingleThreadEventExecutor$4.run(SingleThreadEventExecutor.java:997)
	at io.netty.util.internal.ThreadExecutorMap$2.run(ThreadExecutorMap.java:74)
	at io.netty.util.concurrent.FastThreadLocalRunnable.run(FastThreadLocalRunnable.java:30)
	at java.base/java.lang.Thread.run(Thread.java:1583)
2025-10-14 14:54:25.359 [vert.x-eventloop-thread-0] ERROR [9bcb2353-6153-4030-89ca-b66e3e33fa1a] com.nms.handlers.CredentialHandler - Failed to update credential profile
java.lang.RuntimeException: Credential profile not found or access denied
	at com.nms.services.CredentialService.lambda$updateCredentialProfile$6(CredentialService.java:243)
	at io.vertx.core.impl.future.FutureImpl$1.onSuccess(FutureImpl.java:91)
	at io.vertx.core.impl.future.FutureImpl$ListenerArray.onSuccess(FutureImpl.java:262)
	at io.vertx.core.impl.future.FutureBase.emitSuccess(FutureBase.java:60)
	at io.vertx.core.impl.future.FutureImpl.tryComplete(FutureImpl.java:211)
	at io.vertx.core.impl.future.PromiseImpl.tryComplete(PromiseImpl.java:23)
	at io.vertx.sqlclient.impl.QueryResultBuilder.tryComplete(QueryResultBuilder.java:88)
	at io.vertx.sqlclient.impl.QueryResultBuilder.tryComplete(QueryResultBuilder.java:32)
	at io.vertx.core.Promise.complete(Promise.java:66)
	at io.vertx.core.Promise.handle(Promise.java:51)
	at io.vertx.core.Promise.handle(Promise.java:29)
	at io.vertx.core.impl.future.FutureImpl$3.onSuccess(FutureImpl.java:141)
	at io.vertx.core.impl.future.FutureBase.emitSuccess(FutureBase.java:60)
	at io.vertx.core.impl.future.FutureImpl.tryComplete(FutureImpl.java:211)
	at io.vertx.core.impl.future.Composition$1.onSuccess(Composition.java:62)
	at io.vertx.core.impl.future.FutureBase.emitSuccess(FutureBase.java:60)
	at io.vertx.core.impl.future.FutureImpl.tryComplete(FutureImpl.java:211)
	at io.vertx.core.impl.future.Transformation$1.onSuccess(Transformation.java:63)
	at io.vertx.core.impl.future.FutureBase.emitSuccess(FutureBase.java:60)
	at io.vertx.core.impl.future.FutureImpl.addListener(FutureImpl.java:196)
	at io.vertx.core.impl.future.PromiseImpl.addListener(PromiseImpl.java:23)
	at io.vertx.core.impl.future.Transformation.onSuccess(Transformation.java:44)
	at io.vertx.core.impl.future.FutureBase.lambda$emitSuccess$0(FutureBase.java:54)
	at io.netty.util.concurrent.AbstractEventExecutor.runTask(AbstractEventExecutor.java:173)
	at io.netty.util.concurrent.AbstractEventExecutor.safeExecute(AbstractEventExecutor.java:166)
	at io.netty.util.concurrent.SingleThreadEventExecutor.runAllTasks(SingleThreadEventExecutor.java:470)
	at io.netty.channel.nio.NioEventLoop.run(NioEventLoop.java:569)
	at io.netty.util.concurrent.SingleThreadEventExecutor$4.run(SingleThreadEventExecutor.java:997)
	at io.netty.util.internal.ThreadExecutorMap$2.run(ThreadExecutorMap.java:74)
	at io.netty.util.concurrent.FastThreadLocalRunnable.run(FastThreadLocalRunnable.java:30)
	at java.base/java.lang.Thread.run(Thread.java:1583)
2025-10-14 14:55:53.899 [vert.x-eventloop-thread-0] ERROR [e7bfc496-1e41-4c5d-8abf-f954c6965b0a] com.nms.handlers.CredentialHandler - Failed to update credential profile
java.lang.RuntimeException: Credential profile not found or access denied
	at com.nms.services.CredentialService.lambda$updateCredentialProfile$6(CredentialService.java:243)
	at io.vertx.core.impl.future.FutureImpl$1.onSuccess(FutureImpl.java:91)
	at io.vertx.core.impl.future.FutureImpl$ListenerArray.onSuccess(FutureImpl.java:262)
	at io.vertx.core.impl.future.FutureBase.emitSuccess(FutureBase.java:60)
	at io.vertx.core.impl.future.FutureImpl.tryComplete(FutureImpl.java:211)
	at io.vertx.core.impl.future.PromiseImpl.tryComplete(PromiseImpl.java:23)
	at io.vertx.sqlclient.impl.QueryResultBuilder.tryComplete(QueryResultBuilder.java:88)
	at io.vertx.sqlclient.impl.QueryResultBuilder.tryComplete(QueryResultBuilder.java:32)
	at io.vertx.core.Promise.complete(Promise.java:66)
	at io.vertx.core.Promise.handle(Promise.java:51)
	at io.vertx.core.Promise.handle(Promise.java:29)
	at io.vertx.core.impl.future.FutureImpl$3.onSuccess(FutureImpl.java:141)
	at io.vertx.core.impl.future.FutureBase.emitSuccess(FutureBase.java:60)
	at io.vertx.core.impl.future.FutureImpl.tryComplete(FutureImpl.java:211)
	at io.vertx.core.impl.future.Composition$1.onSuccess(Composition.java:62)
	at io.vertx.core.impl.future.FutureBase.emitSuccess(FutureBase.java:60)
	at io.vertx.core.impl.future.FutureImpl.tryComplete(FutureImpl.java:211)
	at io.vertx.core.impl.future.Transformation$1.onSuccess(Transformation.java:63)
	at io.vertx.core.impl.future.FutureBase.emitSuccess(FutureBase.java:60)
	at io.vertx.core.impl.future.FutureImpl.addListener(FutureImpl.java:196)
	at io.vertx.core.impl.future.PromiseImpl.addListener(PromiseImpl.java:23)
	at io.vertx.core.impl.future.Transformation.onSuccess(Transformation.java:44)
	at io.vertx.core.impl.future.FutureBase.lambda$emitSuccess$0(FutureBase.java:54)
	at io.netty.util.concurrent.AbstractEventExecutor.runTask(AbstractEventExecutor.java:173)
	at io.netty.util.concurrent.AbstractEventExecutor.safeExecute(AbstractEventExecutor.java:166)
	at io.netty.util.concurrent.SingleThreadEventExecutor.runAllTasks(SingleThreadEventExecutor.java:470)
	at io.netty.channel.nio.NioEventLoop.run(NioEventLoop.java:569)
	at io.netty.util.concurrent.SingleThreadEventExecutor$4.run(SingleThreadEventExecutor.java:997)
	at io.netty.util.internal.ThreadExecutorMap$2.run(ThreadExecutorMap.java:74)
	at io.netty.util.concurrent.FastThreadLocalRunnable.run(FastThreadLocalRunnable.java:30)
	at java.base/java.lang.Thread.run(Thread.java:1583)
2025-10-14 14:55:55.677 [vert.x-eventloop-thread-0] ERROR [cb6e4498-5455-4b3b-9834-39d52da0d91c] com.nms.handlers.CredentialHandler - Failed to update credential profile
java.lang.RuntimeException: Credential profile not found or access denied
	at com.nms.services.CredentialService.lambda$updateCredentialProfile$6(CredentialService.java:243)
	at io.vertx.core.impl.future.FutureImpl$1.onSuccess(FutureImpl.java:91)
	at io.vertx.core.impl.future.FutureImpl$ListenerArray.onSuccess(FutureImpl.java:262)
	at io.vertx.core.impl.future.FutureBase.emitSuccess(FutureBase.java:60)
	at io.vertx.core.impl.future.FutureImpl.tryComplete(FutureImpl.java:211)
	at io.vertx.core.impl.future.PromiseImpl.tryComplete(PromiseImpl.java:23)
	at io.vertx.sqlclient.impl.QueryResultBuilder.tryComplete(QueryResultBuilder.java:88)
	at io.vertx.sqlclient.impl.QueryResultBuilder.tryComplete(QueryResultBuilder.java:32)
	at io.vertx.core.Promise.complete(Promise.java:66)
	at io.vertx.core.Promise.handle(Promise.java:51)
	at io.vertx.core.Promise.handle(Promise.java:29)
	at io.vertx.core.impl.future.FutureImpl$3.onSuccess(FutureImpl.java:141)
	at io.vertx.core.impl.future.FutureBase.emitSuccess(FutureBase.java:60)
	at io.vertx.core.impl.future.FutureImpl.tryComplete(FutureImpl.java:211)
	at io.vertx.core.impl.future.Composition$1.onSuccess(Composition.java:62)
	at io.vertx.core.impl.future.FutureBase.emitSuccess(FutureBase.java:60)
	at io.vertx.core.impl.future.FutureImpl.tryComplete(FutureImpl.java:211)
	at io.vertx.core.impl.future.Transformation$1.onSuccess(Transformation.java:63)
	at io.vertx.core.impl.future.FutureBase.emitSuccess(FutureBase.java:60)
	at io.vertx.core.impl.future.FutureImpl.addListener(FutureImpl.java:196)
	at io.vertx.core.impl.future.PromiseImpl.addListener(PromiseImpl.java:23)
	at io.vertx.core.impl.future.Transformation.onSuccess(Transformation.java:44)
	at io.vertx.core.impl.future.FutureBase.lambda$emitSuccess$0(FutureBase.java:54)
	at io.netty.util.concurrent.AbstractEventExecutor.runTask(AbstractEventExecutor.java:173)
	at io.netty.util.concurrent.AbstractEventExecutor.safeExecute(AbstractEventExecutor.java:166)
	at io.netty.util.concurrent.SingleThreadEventExecutor.runAllTasks(SingleThreadEventExecutor.java:470)
	at io.netty.channel.nio.NioEventLoop.run(NioEventLoop.java:569)
	at io.netty.util.concurrent.SingleThreadEventExecutor$4.run(SingleThreadEventExecutor.java:997)
	at io.netty.util.internal.ThreadExecutorMap$2.run(ThreadExecutorMap.java:74)
	at io.netty.util.concurrent.FastThreadLocalRunnable.run(FastThreadLocalRunnable.java:30)
	at java.base/java.lang.Thread.run(Thread.java:1583)
